#
# There is insufficient memory for the Java Runtime Environment to continue.
# Native memory allocation (malloc) failed to allocate 1795856 bytes for Chunk::new
# Possible reasons:
#   The system is out of physical RAM or swap space
#   The process is running with CompressedOops enabled, and the Java Heap may be blocking the growth of the native heap
# Possible solutions:
#   Reduce memory load on the system
#   Increase physical memory or swap space
#   Check if swap backing store is full
#   Decrease Java heap size (-Xmx/-Xms)
#   Decrease number of Java threads
#   Decrease Java thread stack sizes (-Xss)
#   Set larger code cache with -XX:ReservedCodeCacheSize=
#   JVM is running with Unscaled Compressed Oops mode in which the Java heap is
#     placed in the first 4GB address space. The Java Heap base address is the
#     maximum limit for the native heap growth. Please use -XX:HeapBaseMinAddress
#     to set the Java Heap base and to place the Java Heap above 4GB virtual address.
# This output file may be truncated or incomplete.
#
#  Out of Memory Error (./src/hotspot/share/memory/arena.cpp:197), pid=23052, tid=25200
#
# JRE version: OpenJDK Runtime Environment (11.0.10) (build 11.0.10+0-b96-7249189)
# Java VM: OpenJDK 64-Bit Server VM (11.0.10+0-b96-7249189, mixed mode, tiered, compressed oops, g1 gc, windows-amd64)
# No core dump will be written. Minidumps are not enabled by default on client versions of Windows
#

---------------  S U M M A R Y ------------

Command Line: --add-opens=java.base/java.util=ALL-UNNAMED --add-opens=java.base/java.lang=ALL-UNNAMED --add-opens=java.base/java.lang.invoke=ALL-UNNAMED --add-opens=java.base/java.util=ALL-UNNAMED --add-opens=java.prefs/java.util.prefs=ALL-UNNAMED --add-opens=java.prefs/java.util.prefs=ALL-UNNAMED --add-opens=java.base/java.nio.charset=ALL-UNNAMED --add-opens=java.base/java.net=ALL-UNNAMED --add-opens=java.base/java.util.concurrent.atomic=ALL-UNNAMED -Xmx2048m -Dfile.encoding=UTF-8 -Duser.country=US -Duser.language=en -Duser.variant org.gradle.launcher.daemon.bootstrap.GradleDaemon 7.0.2

Host: Intel(R) Core(TM) i7-8750H CPU @ 2.20GHz, 12 cores, 15G,  Windows 10 , 64 bit Build 19041 (10.0.19041.1202)
Time: Fri Oct 29 06:08:01 2021 Eastern Daylight Time elapsed time: 11.715137 seconds (0d 0h 0m 11s)

---------------  T H R E A D  ---------------

Current thread (0x000001a638fed800):  JavaThread "C2 CompilerThread1" daemon [_thread_in_native, id=25200, stack(0x0000008ee4d00000,0x0000008ee4e00000)]


Current CompileTask:
C2:  11715 10018       4       com.sun.tools.javac.code.Types::union (182 bytes)

Stack: [0x0000008ee4d00000,0x0000008ee4e00000]
Native frames: (J=compiled Java code, j=interpreted, Vv=VM code, C=native code)
V  [jvm.dll+0x5ecfaa]
V  [jvm.dll+0x722bd5]
V  [jvm.dll+0x72412d]
V  [jvm.dll+0x7247e3]
V  [jvm.dll+0x242928]
V  [jvm.dll+0xbc4fc]
V  [jvm.dll+0xbca0c]
V  [jvm.dll+0x352d7d]
V  [jvm.dll+0x320ad3]
V  [jvm.dll+0x31ffca]
V  [jvm.dll+0x1fb602]
V  [jvm.dll+0x1fa7f4]
V  [jvm.dll+0x18354c]
V  [jvm.dll+0x208ee7]
V  [jvm.dll+0x207731]
V  [jvm.dll+0x6eb1cf]
V  [jvm.dll+0x6e3d45]
V  [jvm.dll+0x5ebe96]
C  [ucrtbase.dll+0x21bb2]
C  [KERNEL32.DLL+0x17034]
C  [ntdll.dll+0x52651]


---------------  P R O C E S S  ---------------

Threads class SMR info:
_java_thread_list=0x000001a63c48b800, length=75, elements={
0x000001a61947e000, 0x000001a6367d7800, 0x000001a6367d9000, 0x000001a636834800,
0x000001a636836000, 0x000001a636839000, 0x000001a63683e000, 0x000001a636844800,
0x000001a63684f800, 0x000001a6369cd000, 0x000001a637c90000, 0x000001a639567000,
0x000001a638bbc800, 0x000001a638a88800, 0x000001a636ae8000, 0x000001a638d0e800,
0x000001a638d10800, 0x000001a637d45800, 0x000001a6383aa800, 0x000001a639b5b800,
0x000001a639b5e000, 0x000001a639b60800, 0x000001a639b5b000, 0x000001a639b61800,
0x000001a639b5c800, 0x000001a639b5d800, 0x000001a639b5f000, 0x000001a639b60000,
0x000001a63c21b000, 0x000001a63c221800, 0x000001a63c21e000, 0x000001a63c220000,
0x000001a63c21f000, 0x000001a63c220800, 0x000001a63c222800, 0x000001a63c21c800,
0x000001a63c223000, 0x000001a63c226800, 0x000001a63c225800, 0x000001a63c227000,
0x000001a63c229000, 0x000001a63c224800, 0x000001a63c228000, 0x000001a63c229800,
0x000001a63c224000, 0x000001a63d8c0800, 0x000001a63d8c0000, 0x000001a63d8c2000,
0x000001a63d8c3000, 0x000001a63d8c4000, 0x000001a63d8c7000, 0x000001a63d8c6800,
0x000001a63d8c4800, 0x000001a63d8c1800, 0x000001a63d8c8800, 0x000001a63d8c8000,
0x000001a63d8c9800, 0x000001a63d8ca800, 0x000001a63d8c5800, 0x000001a63d8cc000,
0x000001a63d8cd000, 0x000001a63d8cd800, 0x000001a63d8ce800, 0x000001a637a51000,
0x000001a637a52000, 0x000001a637a52800, 0x000001a637a53800, 0x000001a637a55000,
0x000001a637a54800, 0x000001a637a4f800, 0x000001a637a56000, 0x000001a637a57800,
0x000001a637a5a000, 0x000001a638fed800, 0x000001a63edbf800
}

Java Threads: ( => current thread )
  0x000001a61947e000 JavaThread "main" [_thread_blocked, id=7840, stack(0x0000008ee2400000,0x0000008ee2500000)]
  0x000001a6367d7800 JavaThread "Reference Handler" daemon [_thread_blocked, id=20852, stack(0x0000008ee2b00000,0x0000008ee2c00000)]
  0x000001a6367d9000 JavaThread "Finalizer" daemon [_thread_blocked, id=5148, stack(0x0000008ee2c00000,0x0000008ee2d00000)]
  0x000001a636834800 JavaThread "Signal Dispatcher" daemon [_thread_blocked, id=10720, stack(0x0000008ee2d00000,0x0000008ee2e00000)]
  0x000001a636836000 JavaThread "Attach Listener" daemon [_thread_blocked, id=19384, stack(0x0000008ee2e00000,0x0000008ee2f00000)]
  0x000001a636839000 JavaThread "Service Thread" daemon [_thread_blocked, id=24048, stack(0x0000008ee2f00000,0x0000008ee3000000)]
  0x000001a63683e000 JavaThread "C2 CompilerThread0" daemon [_thread_in_native, id=21048, stack(0x0000008ee3000000,0x0000008ee3100000)]
  0x000001a636844800 JavaThread "C1 CompilerThread0" daemon [_thread_in_vm, id=11720, stack(0x0000008ee3100000,0x0000008ee3200000)]
  0x000001a63684f800 JavaThread "Sweeper thread" daemon [_thread_blocked, id=14268, stack(0x0000008ee3200000,0x0000008ee3300000)]
  0x000001a6369cd000 JavaThread "Common-Cleaner" daemon [_thread_blocked, id=18300, stack(0x0000008ee3300000,0x0000008ee3400000)]
  0x000001a637c90000 JavaThread "Daemon health stats" [_thread_blocked, id=13676, stack(0x0000008ee3c00000,0x0000008ee3d00000)]
  0x000001a639567000 JavaThread "Incoming local TCP Connector on port 52785" [_thread_in_native, id=15348, stack(0x0000008ee3500000,0x0000008ee3600000)]
  0x000001a638bbc800 JavaThread "Daemon periodic checks" [_thread_blocked, id=8216, stack(0x0000008ee3b00000,0x0000008ee3c00000)]
  0x000001a638a88800 JavaThread "Daemon" [_thread_blocked, id=13264, stack(0x0000008ee3d00000,0x0000008ee3e00000)]
  0x000001a636ae8000 JavaThread "Handler for socket connection from /127.0.0.1:52785 to /127.0.0.1:52786" [_thread_in_native, id=16056, stack(0x0000008ee3e00000,0x0000008ee3f00000)]
  0x000001a638d0e800 JavaThread "Cancel handler" [_thread_blocked, id=20824, stack(0x0000008ee3f00000,0x0000008ee4000000)]
  0x000001a638d10800 JavaThread "Daemon worker" [_thread_blocked, id=21760, stack(0x0000008ee4000000,0x0000008ee4100000)]
  0x000001a637d45800 JavaThread "Asynchronous log dispatcher for DefaultDaemonConnection: socket connection from /127.0.0.1:52785 to /127.0.0.1:52786" [_thread_blocked, id=19172, stack(0x0000008ee4100000,0x0000008ee4200000)]
  0x000001a6383aa800 JavaThread "Stdin handler" [_thread_blocked, id=13304, stack(0x0000008ee4200000,0x0000008ee4300000)]
  0x000001a639b5b800 JavaThread "Daemon client event forwarder" [_thread_blocked, id=24764, stack(0x0000008ee4300000,0x0000008ee4400000)]
  0x000001a639b5e000 JavaThread "Cache worker for file hash cache (C:\Users\spabb\.gradle\caches\7.0.2\fileHashes)" [_thread_blocked, id=17324, stack(0x0000008ee4400000,0x0000008ee4500000)]
  0x000001a639b60800 JavaThread "File lock request listener" [_thread_in_native, id=11484, stack(0x0000008ee4500000,0x0000008ee4600000)]
  0x000001a639b5b000 JavaThread "Cache worker for journal cache (C:\Users\spabb\.gradle\caches\journal-1)" [_thread_blocked, id=19760, stack(0x0000008ee4c00000,0x0000008ee4d00000)]
  0x000001a639b61800 JavaThread "Cache worker for file hash cache (C:\Users\spabb\AndroidStudioProjects\Calculator\.gradle\7.0.2\fileHashes)" [_thread_blocked, id=7892, stack(0x0000008ee4e00000,0x0000008ee4f00000)]
  0x000001a639b5c800 JavaThread "File watcher server" daemon [_thread_in_native, id=21244, stack(0x0000008ee4f00000,0x0000008ee5000000)]
  0x000001a639b5d800 JavaThread "File watcher consumer" daemon [_thread_blocked, id=20692, stack(0x0000008ee5000000,0x0000008ee5100000)]
  0x000001a639b5f000 JavaThread "Cache worker for checksums cache (C:\Users\spabb\AndroidStudioProjects\Calculator\.gradle\checksums)" [_thread_blocked, id=6160, stack(0x0000008ee5100000,0x0000008ee5200000)]
  0x000001a639b60000 JavaThread "Cache worker for cache directory md-supplier (C:\Users\spabb\.gradle\caches\7.0.2\md-supplier)" [_thread_blocked, id=9072, stack(0x0000008ee5200000,0x0000008ee5300000)]
  0x000001a63c21b000 JavaThread "Cache worker for cache directory md-rule (C:\Users\spabb\.gradle\caches\7.0.2\md-rule)" [_thread_blocked, id=23088, stack(0x0000008ee5400000,0x0000008ee5500000)]
  0x000001a63c221800 JavaThread "Cache worker for execution history cache (C:\Users\spabb\.gradle\caches\7.0.2\executionHistory)" [_thread_blocked, id=16868, stack(0x0000008ee5500000,0x0000008ee5600000)]
  0x000001a63c21e000 JavaThread "jar transforms" [_thread_blocked, id=8872, stack(0x0000008ee5600000,0x0000008ee5700000)]
  0x000001a63c220000 JavaThread "jar transforms Thread 2" [_thread_blocked, id=22972, stack(0x0000008ee5700000,0x0000008ee5800000)]
  0x000001a63c21f000 JavaThread "Cache worker for file content cache (C:\Users\spabb\.gradle\caches\7.0.2\fileContent)" [_thread_blocked, id=24480, stack(0x0000008ee5800000,0x0000008ee5900000)]
  0x000001a63c220800 JavaThread "Cache worker for dependencies-accessors (C:\Users\spabb\AndroidStudioProjects\Calculator\.gradle\7.0.2\dependencies-accessors)" [_thread_blocked, id=22456, stack(0x0000008ee5900000,0x0000008ee5a00000)]
  0x000001a63c222800 JavaThread "jar transforms Thread 3" [_thread_blocked, id=18740, stack(0x0000008ee5a00000,0x0000008ee5b00000)]
  0x000001a63c21c800 JavaThread "Cache worker for Build Output Cleanup Cache (C:\Users\spabb\AndroidStudioProjects\Calculator\.gradle\buildOutputCleanup)" [_thread_blocked, id=6844, stack(0x0000008ee5b00000,0x0000008ee5c00000)]
  0x000001a63c223000 JavaThread "Build operations" [_thread_blocked, id=12276, stack(0x0000008ee5c00000,0x0000008ee5d00000)]
  0x000001a63c226800 JavaThread "Build operations Thread 2" [_thread_blocked, id=21684, stack(0x0000008ee5d00000,0x0000008ee5e00000)]
  0x000001a63c225800 JavaThread "Build operations Thread 3" [_thread_blocked, id=10656, stack(0x0000008ee5e00000,0x0000008ee5f00000)]
  0x000001a63c227000 JavaThread "Build operations Thread 4" [_thread_blocked, id=22580, stack(0x0000008ee5f00000,0x0000008ee6000000)]
  0x000001a63c229000 JavaThread "Build operations Thread 5" [_thread_blocked, id=23320, stack(0x0000008ee6000000,0x0000008ee6100000)]
  0x000001a63c224800 JavaThread "Build operations Thread 6" [_thread_blocked, id=11428, stack(0x0000008ee6100000,0x0000008ee6200000)]
  0x000001a63c228000 JavaThread "Build operations Thread 7" [_thread_blocked, id=25160, stack(0x0000008ee6200000,0x0000008ee6300000)]
  0x000001a63c229800 JavaThread "Build operations Thread 8" [_thread_blocked, id=4916, stack(0x0000008ee6300000,0x0000008ee6400000)]
  0x000001a63c224000 JavaThread "Build operations Thread 9" [_thread_blocked, id=2984, stack(0x0000008ee6400000,0x0000008ee6500000)]
  0x000001a63d8c0800 JavaThread "Build operations Thread 10" [_thread_blocked, id=21768, stack(0x0000008ee6500000,0x0000008ee6600000)]
  0x000001a63d8c0000 JavaThread "Build operations Thread 11" [_thread_blocked, id=10300, stack(0x0000008ee6600000,0x0000008ee6700000)]
  0x000001a63d8c2000 JavaThread "Build operations Thread 12" [_thread_blocked, id=16728, stack(0x0000008ee6700000,0x0000008ee6800000)]
  0x000001a63d8c3000 JavaThread "jar transforms Thread 4" [_thread_blocked, id=20304, stack(0x0000008ee6800000,0x0000008ee6900000)]
  0x000001a63d8c4000 JavaThread "jar transforms Thread 5" [_thread_blocked, id=3276, stack(0x0000008ee6900000,0x0000008ee6a00000)]
  0x000001a63d8c7000 JavaThread "jar transforms Thread 6" [_thread_blocked, id=19472, stack(0x0000008ee6a00000,0x0000008ee6b00000)]
  0x000001a63d8c6800 JavaThread "jar transforms Thread 7" [_thread_blocked, id=22540, stack(0x0000008ee6b00000,0x0000008ee6c00000)]
  0x000001a63d8c4800 JavaThread "jar transforms Thread 8" [_thread_blocked, id=17672, stack(0x0000008ee6c00000,0x0000008ee6d00000)]
  0x000001a63d8c1800 JavaThread "jar transforms Thread 9" [_thread_blocked, id=7376, stack(0x0000008ee6d00000,0x0000008ee6e00000)]
  0x000001a63d8c8800 JavaThread "jar transforms Thread 10" [_thread_blocked, id=18388, stack(0x0000008ee6e00000,0x0000008ee6f00000)]
  0x000001a63d8c8000 JavaThread "jar transforms Thread 11" [_thread_blocked, id=1424, stack(0x0000008ee6f00000,0x0000008ee7000000)]
  0x000001a63d8c9800 JavaThread "jar transforms Thread 12" [_thread_blocked, id=5588, stack(0x0000008ee7000000,0x0000008ee7100000)]
  0x000001a63d8ca800 JavaThread "Memory manager" [_thread_blocked, id=18332, stack(0x0000008ee7100000,0x0000008ee7200000)]
  0x000001a63d8c5800 JavaThread "build event listener" [_thread_blocked, id=2616, stack(0x0000008ee7200000,0x0000008ee7300000)]
  0x000001a63d8cc000 JavaThread "Execution worker for ':'" [_thread_blocked, id=20624, stack(0x0000008ee7300000,0x0000008ee7400000)]
  0x000001a63d8cd000 JavaThread "Execution worker for ':' Thread 2" [_thread_blocked, id=928, stack(0x0000008ee7400000,0x0000008ee7500000)]
  0x000001a63d8cd800 JavaThread "Execution worker for ':' Thread 3" [_thread_blocked, id=20328, stack(0x0000008ee7500000,0x0000008ee7600000)]
  0x000001a63d8ce800 JavaThread "Execution worker for ':' Thread 4" [_thread_blocked, id=25576, stack(0x0000008ee7600000,0x0000008ee7700000)]
  0x000001a637a51000 JavaThread "Execution worker for ':' Thread 5" [_thread_blocked, id=25044, stack(0x0000008ee7700000,0x0000008ee7800000)]
  0x000001a637a52000 JavaThread "Execution worker for ':' Thread 6" [_thread_blocked, id=18744, stack(0x0000008ee7800000,0x0000008ee7900000)]
  0x000001a637a52800 JavaThread "Execution worker for ':' Thread 7" [_thread_blocked, id=21548, stack(0x0000008ee7900000,0x0000008ee7a00000)]
  0x000001a637a53800 JavaThread "Execution worker for ':' Thread 8" [_thread_blocked, id=1980, stack(0x0000008ee7a00000,0x0000008ee7b00000)]
  0x000001a637a55000 JavaThread "Execution worker for ':' Thread 9" [_thread_blocked, id=13412, stack(0x0000008ee7b00000,0x0000008ee7c00000)]
  0x000001a637a54800 JavaThread "Execution worker for ':' Thread 10" [_thread_in_Java, id=24532, stack(0x0000008ee7c00000,0x0000008ee7d00000)]
  0x000001a637a4f800 JavaThread "Execution worker for ':' Thread 11" [_thread_blocked, id=12848, stack(0x0000008ee7d00000,0x0000008ee7e00000)]
  0x000001a637a56000 JavaThread "Cache worker for execution history cache (C:\Users\spabb\AndroidStudioProjects\Calculator\.gradle\7.0.2\executionHistory)" [_thread_blocked, id=15684, stack(0x0000008ee7e00000,0x0000008ee7f00000)]
  0x000001a637a57800 JavaThread "Cache worker for Java compile cache (C:\Users\spabb\.gradle\caches\7.0.2\javaCompile)" [_thread_blocked, id=24336, stack(0x0000008ee7f00000,0x0000008ee8000000)]
  0x000001a637a5a000 JavaThread "Cache worker for Java compile cache (C:\Users\spabb\AndroidStudioProjects\Calculator\.gradle\7.0.2\javaCompile)" [_thread_blocked, id=22428, stack(0x0000008ee8000000,0x0000008ee8100000)]
=>0x000001a638fed800 JavaThread "C2 CompilerThread1" daemon [_thread_in_native, id=25200, stack(0x0000008ee4d00000,0x0000008ee4e00000)]
  0x000001a63edbf800 JavaThread "C2 CompilerThread2" daemon [_thread_blocked, id=1488, stack(0x0000008ee5300000,0x0000008ee5400000)]

Other Threads:
  0x000001a6367d5800 VMThread "VM Thread" [stack: 0x0000008ee2a00000,0x0000008ee2b00000] [id=16672]
  0x000001a636a11800 WatcherThread [stack: 0x0000008ee3400000,0x0000008ee3500000] [id=8288]
  0x000001a61b6b6800 GCTaskThread "GC Thread#0" [stack: 0x0000008ee2500000,0x0000008ee2600000] [id=16080]
  0x000001a637341800 GCTaskThread "GC Thread#1" [stack: 0x0000008ee3600000,0x0000008ee3700000] [id=18716]
  0x000001a637012800 GCTaskThread "GC Thread#2" [stack: 0x0000008ee3700000,0x0000008ee3800000] [id=21752]
  0x000001a63767f000 GCTaskThread "GC Thread#3" [stack: 0x0000008ee3800000,0x0000008ee3900000] [id=15896]
  0x000001a6375b8800 GCTaskThread "GC Thread#4" [stack: 0x0000008ee3900000,0x0000008ee3a00000] [id=24876]
  0x000001a637847800 GCTaskThread "GC Thread#5" [stack: 0x0000008ee3a00000,0x0000008ee3b00000] [id=1240]
  0x000001a6399ce800 GCTaskThread "GC Thread#6" [stack: 0x0000008ee4600000,0x0000008ee4700000] [id=9036]
  0x000001a638a15800 GCTaskThread "GC Thread#7" [stack: 0x0000008ee4700000,0x0000008ee4800000] [id=12724]
  0x000001a638dcc800 GCTaskThread "GC Thread#8" [stack: 0x0000008ee4800000,0x0000008ee4900000] [id=10520]
  0x000001a638c34000 GCTaskThread "GC Thread#9" [stack: 0x0000008ee4900000,0x0000008ee4a00000] [id=14348]
  0x000001a61b6ec000 ConcurrentGCThread "G1 Main Marker" [stack: 0x0000008ee2600000,0x0000008ee2700000] [id=19460]
  0x000001a61b6ee800 ConcurrentGCThread "G1 Conc#0" [stack: 0x0000008ee2700000,0x0000008ee2800000] [id=7588]
  0x000001a639222000 ConcurrentGCThread "G1 Conc#1" [stack: 0x0000008ee4a00000,0x0000008ee4b00000] [id=23452]
  0x000001a638afc800 ConcurrentGCThread "G1 Conc#2" [stack: 0x0000008ee4b00000,0x0000008ee4c00000] [id=2292]
  0x000001a635e20800 ConcurrentGCThread "G1 Refine#0" [stack: 0x0000008ee2800000,0x0000008ee2900000] [id=16616]
  0x000001a635e21800 ConcurrentGCThread "G1 Young RemSet Sampling" [stack: 0x0000008ee2900000,0x0000008ee2a00000] [id=21840]

Threads with active compile tasks:
C2 CompilerThread0  11745 10030       4       com.sun.tools.javac.code.Symtab::enterClass (71 bytes)
C2 CompilerThread1  11745 10018       4       com.sun.tools.javac.code.Types::union (182 bytes)

VM state:not at safepoint (normal execution)

VM Mutex/Monitor currently owned by a thread: None

Heap address: 0x0000000080000000, size: 2048 MB, Compressed Oops mode: 32-bit
Narrow klass base: 0x0000000000000000, Narrow klass shift: 3
Compressed class space size: 1073741824 Address: 0x0000000100000000

Heap:
 garbage-first heap   total 260096K, used 155300K [0x0000000080000000, 0x0000000100000000)
  region size 1024K, 99 young (101376K), 10 survivors (10240K)
 Metaspace       used 88941K, capacity 91276K, committed 91520K, reserved 1128448K
  class space    used 11560K, capacity 12420K, committed 12492K, reserved 1048576K
Heap Regions: E=young(eden), S=young(survivor), O=old, HS=humongous(starts), HC=humongous(continues), CS=collection set, F=free, A=archive, TAMS=top-at-mark-start (previous, next)
|   0|0x0000000080000000, 0x0000000080100000, 0x0000000080100000|100%| O|  |TAMS 0x0000000080100000, 0x0000000080000000| Untracked 
|   1|0x0000000080100000, 0x0000000080200000, 0x0000000080200000|100%| O|  |TAMS 0x0000000080200000, 0x0000000080100000| Untracked 
|   2|0x0000000080200000, 0x0000000080300000, 0x0000000080300000|100%| O|  |TAMS 0x0000000080300000, 0x0000000080200000| Untracked 
|   3|0x0000000080300000, 0x0000000080400000, 0x0000000080400000|100%|HS|  |TAMS 0x0000000080400000, 0x0000000080300000| Complete 
|   4|0x0000000080400000, 0x0000000080500000, 0x0000000080500000|100%|HC|  |TAMS 0x0000000080500000, 0x0000000080400000| Complete 
|   5|0x0000000080500000, 0x0000000080600000, 0x0000000080600000|100%|HC|  |TAMS 0x0000000080600000, 0x0000000080500000| Complete 
|   6|0x0000000080600000, 0x0000000080700000, 0x0000000080700000|100%| O|  |TAMS 0x0000000080700000, 0x0000000080600000| Untracked 
|   7|0x0000000080700000, 0x0000000080800000, 0x0000000080800000|100%| O|  |TAMS 0x0000000080800000, 0x0000000080700000| Untracked 
|   8|0x0000000080800000, 0x0000000080900000, 0x0000000080900000|100%| O|  |TAMS 0x0000000080900000, 0x0000000080800000| Untracked 
|   9|0x0000000080900000, 0x0000000080a00000, 0x0000000080a00000|100%| O|  |TAMS 0x0000000080a00000, 0x0000000080900000| Untracked 
|  10|0x0000000080a00000, 0x0000000080b00000, 0x0000000080b00000|100%| O|  |TAMS 0x0000000080b00000, 0x0000000080a00000| Untracked 
|  11|0x0000000080b00000, 0x0000000080c00000, 0x0000000080c00000|100%| O|  |TAMS 0x0000000080c00000, 0x0000000080b00000| Untracked 
|  12|0x0000000080c00000, 0x0000000080d00000, 0x0000000080d00000|100%| O|  |TAMS 0x0000000080d00000, 0x0000000080c00000| Untracked 
|  13|0x0000000080d00000, 0x0000000080e00000, 0x0000000080e00000|100%| O|  |TAMS 0x0000000080e00000, 0x0000000080d00000| Untracked 
|  14|0x0000000080e00000, 0x0000000080f00000, 0x0000000080f00000|100%| O|  |TAMS 0x0000000080f00000, 0x0000000080e00000| Untracked 
|  15|0x0000000080f00000, 0x0000000081000000, 0x0000000081000000|100%| O|  |TAMS 0x0000000081000000, 0x0000000080f00000| Untracked 
|  16|0x0000000081000000, 0x0000000081100000, 0x0000000081100000|100%| O|  |TAMS 0x0000000081100000, 0x0000000081000000| Untracked 
|  17|0x0000000081100000, 0x0000000081200000, 0x0000000081200000|100%|HS|  |TAMS 0x0000000081200000, 0x0000000081100000| Complete 
|  18|0x0000000081200000, 0x0000000081300000, 0x0000000081300000|100%|HS|  |TAMS 0x0000000081300000, 0x0000000081200000| Complete 
|  19|0x0000000081300000, 0x0000000081400000, 0x0000000081400000|100%|HS|  |TAMS 0x0000000081400000, 0x0000000081300000| Complete 
|  20|0x0000000081400000, 0x0000000081500000, 0x0000000081500000|100%|HC|  |TAMS 0x0000000081500000, 0x0000000081400000| Complete 
|  21|0x0000000081500000, 0x0000000081600000, 0x0000000081600000|100%| O|  |TAMS 0x0000000081600000, 0x0000000081500000| Untracked 
|  22|0x0000000081600000, 0x0000000081700000, 0x0000000081700000|100%| O|  |TAMS 0x0000000081700000, 0x0000000081600000| Untracked 
|  23|0x0000000081700000, 0x0000000081800000, 0x0000000081800000|100%| O|  |TAMS 0x0000000081800000, 0x0000000081700000| Untracked 
|  24|0x0000000081800000, 0x0000000081900000, 0x0000000081900000|100%| O|  |TAMS 0x0000000081900000, 0x0000000081800000| Untracked 
|  25|0x0000000081900000, 0x0000000081a00000, 0x0000000081a00000|100%| O|  |TAMS 0x0000000081a00000, 0x0000000081900000| Untracked 
|  26|0x0000000081a00000, 0x0000000081b00000, 0x0000000081b00000|100%| O|  |TAMS 0x0000000081b00000, 0x0000000081a00000| Untracked 
|  27|0x0000000081b00000, 0x0000000081c00000, 0x0000000081c00000|100%| O|  |TAMS 0x0000000081c00000, 0x0000000081b00000| Untracked 
|  28|0x0000000081c00000, 0x0000000081d00000, 0x0000000081d00000|100%| O|  |TAMS 0x0000000081d00000, 0x0000000081c00000| Untracked 
|  29|0x0000000081d00000, 0x0000000081e00000, 0x0000000081e00000|100%| O|  |TAMS 0x0000000081e00000, 0x0000000081d00000| Untracked 
|  30|0x0000000081e00000, 0x0000000081f00000, 0x0000000081f00000|100%| O|  |TAMS 0x0000000081f00000, 0x0000000081e00000| Untracked 
|  31|0x0000000081f00000, 0x0000000082000000, 0x0000000082000000|100%| O|  |TAMS 0x0000000082000000, 0x0000000081f00000| Untracked 
|  32|0x0000000082000000, 0x0000000082100000, 0x0000000082100000|100%| O|  |TAMS 0x0000000082100000, 0x0000000082000000| Untracked 
|  33|0x0000000082100000, 0x0000000082200000, 0x0000000082200000|100%| O|  |TAMS 0x0000000082200000, 0x0000000082100000| Untracked 
|  34|0x0000000082200000, 0x0000000082300000, 0x0000000082300000|100%| O|  |TAMS 0x0000000082300000, 0x0000000082200000| Untracked 
|  35|0x0000000082300000, 0x0000000082400000, 0x0000000082400000|100%| O|  |TAMS 0x0000000082400000, 0x0000000082300000| Untracked 
|  36|0x0000000082400000, 0x0000000082500000, 0x0000000082500000|100%| O|  |TAMS 0x0000000082500000, 0x0000000082400000| Untracked 
|  37|0x0000000082500000, 0x0000000082600000, 0x0000000082600000|100%| O|  |TAMS 0x0000000082600000, 0x0000000082500000| Untracked 
|  38|0x0000000082600000, 0x0000000082700000, 0x0000000082700000|100%| O|  |TAMS 0x0000000082700000, 0x0000000082600000| Untracked 
|  39|0x0000000082700000, 0x0000000082800000, 0x0000000082800000|100%| O|  |TAMS 0x0000000082800000, 0x0000000082700000| Untracked 
|  40|0x0000000082800000, 0x0000000082900000, 0x0000000082900000|100%| O|  |TAMS 0x0000000082900000, 0x0000000082800000| Untracked 
|  41|0x0000000082900000, 0x0000000082a00000, 0x0000000082a00000|100%| O|  |TAMS 0x0000000082a00000, 0x0000000082900000| Untracked 
|  42|0x0000000082a00000, 0x0000000082b00000, 0x0000000082b00000|100%| O|  |TAMS 0x0000000082a6ee00, 0x0000000082a00000| Untracked 
|  43|0x0000000082b00000, 0x0000000082c00000, 0x0000000082c00000|100%| O|  |TAMS 0x0000000082b00000, 0x0000000082b00000| Untracked 
|  44|0x0000000082c00000, 0x0000000082d00000, 0x0000000082d00000|100%| O|  |TAMS 0x0000000082c00000, 0x0000000082c00000| Untracked 
|  45|0x0000000082d00000, 0x0000000082e00000, 0x0000000082e00000|100%| O|  |TAMS 0x0000000082d00000, 0x0000000082d00000| Untracked 
|  46|0x0000000082e00000, 0x0000000082f00000, 0x0000000082f00000|100%| O|  |TAMS 0x0000000082e00000, 0x0000000082e00000| Untracked 
|  47|0x0000000082f00000, 0x0000000083000000, 0x0000000083000000|100%| O|  |TAMS 0x0000000082f00000, 0x0000000082f00000| Untracked 
|  48|0x0000000083000000, 0x0000000083100000, 0x0000000083100000|100%| O|  |TAMS 0x0000000083000000, 0x0000000083000000| Untracked 
|  49|0x0000000083100000, 0x0000000083200000, 0x0000000083200000|100%| O|  |TAMS 0x0000000083100000, 0x0000000083100000| Untracked 
|  50|0x0000000083200000, 0x0000000083300000, 0x0000000083300000|100%| O|  |TAMS 0x0000000083200000, 0x0000000083200000| Untracked 
|  51|0x0000000083300000, 0x0000000083400000, 0x0000000083400000|100%| O|  |TAMS 0x0000000083300000, 0x0000000083300000| Untracked 
|  52|0x0000000083400000, 0x0000000083500000, 0x0000000083500000|100%| O|  |TAMS 0x0000000083400000, 0x0000000083400000| Untracked 
|  53|0x0000000083500000, 0x000000008354ec00, 0x0000000083600000| 30%| O|  |TAMS 0x0000000083500000, 0x0000000083500000| Untracked 
|  54|0x0000000083600000, 0x0000000083700000, 0x0000000083700000|100%|HS|  |TAMS 0x0000000083600000, 0x0000000083600000| Complete 
|  55|0x0000000083700000, 0x0000000083800000, 0x0000000083800000|100%|HC|  |TAMS 0x0000000083700000, 0x0000000083700000| Complete 
|  56|0x0000000083800000, 0x0000000083800000, 0x0000000083900000|  0%| F|  |TAMS 0x0000000083800000, 0x0000000083800000| Untracked 
|  57|0x0000000083900000, 0x0000000083900000, 0x0000000083a00000|  0%| F|  |TAMS 0x0000000083900000, 0x0000000083900000| Untracked 
|  58|0x0000000083a00000, 0x0000000083a00000, 0x0000000083b00000|  0%| F|  |TAMS 0x0000000083a00000, 0x0000000083a00000| Untracked 
|  59|0x0000000083b00000, 0x0000000083b00000, 0x0000000083c00000|  0%| F|  |TAMS 0x0000000083b00000, 0x0000000083b00000| Untracked 
|  60|0x0000000083c00000, 0x0000000083c00000, 0x0000000083d00000|  0%| F|  |TAMS 0x0000000083c00000, 0x0000000083c00000| Untracked 
|  61|0x0000000083d00000, 0x0000000083d00000, 0x0000000083e00000|  0%| F|  |TAMS 0x0000000083d00000, 0x0000000083d00000| Untracked 
|  62|0x0000000083e00000, 0x0000000083e00000, 0x0000000083f00000|  0%| F|  |TAMS 0x0000000083e00000, 0x0000000083e00000| Untracked 
|  63|0x0000000083f00000, 0x0000000083f00000, 0x0000000084000000|  0%| F|  |TAMS 0x0000000083f00000, 0x0000000083f00000| Untracked 
|  64|0x0000000084000000, 0x0000000084000000, 0x0000000084100000|  0%| F|  |TAMS 0x0000000084000000, 0x0000000084000000| Untracked 
|  65|0x0000000084100000, 0x0000000084100000, 0x0000000084200000|  0%| F|  |TAMS 0x0000000084100000, 0x0000000084100000| Untracked 
|  66|0x0000000084200000, 0x0000000084200000, 0x0000000084300000|  0%| F|  |TAMS 0x0000000084200000, 0x0000000084200000| Untracked 
|  67|0x0000000084300000, 0x0000000084300000, 0x0000000084400000|  0%| F|  |TAMS 0x0000000084300000, 0x0000000084300000| Untracked 
|  68|0x0000000084400000, 0x0000000084400000, 0x0000000084500000|  0%| F|  |TAMS 0x0000000084400000, 0x0000000084400000| Untracked 
|  69|0x0000000084500000, 0x0000000084500000, 0x0000000084600000|  0%| F|  |TAMS 0x0000000084500000, 0x0000000084500000| Untracked 
|  70|0x0000000084600000, 0x0000000084600000, 0x0000000084700000|  0%| F|  |TAMS 0x0000000084600000, 0x0000000084600000| Untracked 
|  71|0x0000000084700000, 0x0000000084700000, 0x0000000084800000|  0%| F|  |TAMS 0x0000000084700000, 0x0000000084700000| Untracked 
|  72|0x0000000084800000, 0x0000000084800000, 0x0000000084900000|  0%| F|  |TAMS 0x0000000084800000, 0x0000000084800000| Untracked 
|  73|0x0000000084900000, 0x0000000084900000, 0x0000000084a00000|  0%| F|  |TAMS 0x0000000084900000, 0x0000000084900000| Untracked 
|  74|0x0000000084a00000, 0x0000000084a00000, 0x0000000084b00000|  0%| F|  |TAMS 0x0000000084a00000, 0x0000000084a00000| Untracked 
|  75|0x0000000084b00000, 0x0000000084b00000, 0x0000000084c00000|  0%| F|  |TAMS 0x0000000084b00000, 0x0000000084b00000| Untracked 
|  76|0x0000000084c00000, 0x0000000084c00000, 0x0000000084d00000|  0%| F|  |TAMS 0x0000000084c00000, 0x0000000084c00000| Untracked 
|  77|0x0000000084d00000, 0x0000000084d00000, 0x0000000084e00000|  0%| F|  |TAMS 0x0000000084d00000, 0x0000000084d00000| Untracked 
|  78|0x0000000084e00000, 0x0000000084e00000, 0x0000000084f00000|  0%| F|  |TAMS 0x0000000084e00000, 0x0000000084e00000| Untracked 
|  79|0x0000000084f00000, 0x0000000084f00000, 0x0000000085000000|  0%| F|  |TAMS 0x0000000084f00000, 0x0000000084f00000| Untracked 
|  80|0x0000000085000000, 0x0000000085000000, 0x0000000085100000|  0%| F|  |TAMS 0x0000000085000000, 0x0000000085000000| Untracked 
|  81|0x0000000085100000, 0x0000000085100000, 0x0000000085200000|  0%| F|  |TAMS 0x0000000085100000, 0x0000000085100000| Untracked 
|  82|0x0000000085200000, 0x0000000085200000, 0x0000000085300000|  0%| F|  |TAMS 0x0000000085200000, 0x0000000085200000| Untracked 
|  83|0x0000000085300000, 0x0000000085300000, 0x0000000085400000|  0%| F|  |TAMS 0x0000000085300000, 0x0000000085300000| Untracked 
|  84|0x0000000085400000, 0x0000000085400000, 0x0000000085500000|  0%| F|  |TAMS 0x0000000085400000, 0x0000000085400000| Untracked 
|  85|0x0000000085500000, 0x0000000085500000, 0x0000000085600000|  0%| F|  |TAMS 0x0000000085500000, 0x0000000085500000| Untracked 
|  86|0x0000000085600000, 0x0000000085600000, 0x0000000085700000|  0%| F|  |TAMS 0x0000000085600000, 0x0000000085600000| Untracked 
|  87|0x0000000085700000, 0x0000000085700000, 0x0000000085800000|  0%| F|  |TAMS 0x0000000085700000, 0x0000000085700000| Untracked 
|  88|0x0000000085800000, 0x0000000085800000, 0x0000000085900000|  0%| F|  |TAMS 0x0000000085800000, 0x0000000085800000| Untracked 
|  89|0x0000000085900000, 0x0000000085900000, 0x0000000085a00000|  0%| F|  |TAMS 0x0000000085900000, 0x0000000085900000| Untracked 
|  90|0x0000000085a00000, 0x0000000085a00000, 0x0000000085b00000|  0%| F|  |TAMS 0x0000000085a00000, 0x0000000085a00000| Untracked 
|  91|0x0000000085b00000, 0x0000000085b00000, 0x0000000085c00000|  0%| F|  |TAMS 0x0000000085b00000, 0x0000000085b00000| Untracked 
|  92|0x0000000085c00000, 0x0000000085c00000, 0x0000000085d00000|  0%| F|  |TAMS 0x0000000085c00000, 0x0000000085c00000| Untracked 
|  93|0x0000000085d00000, 0x0000000085d00000, 0x0000000085e00000|  0%| F|  |TAMS 0x0000000085d00000, 0x0000000085d00000| Untracked 
|  94|0x0000000085e00000, 0x0000000085e00000, 0x0000000085f00000|  0%| F|  |TAMS 0x0000000085e00000, 0x0000000085e00000| Untracked 
|  95|0x0000000085f00000, 0x0000000085f00000, 0x0000000086000000|  0%| F|  |TAMS 0x0000000085f00000, 0x0000000085f00000| Untracked 
|  96|0x0000000086000000, 0x0000000086000000, 0x0000000086100000|  0%| F|  |TAMS 0x0000000086000000, 0x0000000086000000| Untracked 
|  97|0x0000000086100000, 0x0000000086100000, 0x0000000086200000|  0%| F|  |TAMS 0x0000000086100000, 0x0000000086100000| Untracked 
|  98|0x0000000086200000, 0x0000000086200000, 0x0000000086300000|  0%| F|  |TAMS 0x0000000086200000, 0x0000000086200000| Untracked 
|  99|0x0000000086300000, 0x0000000086300000, 0x0000000086400000|  0%| F|  |TAMS 0x0000000086300000, 0x0000000086300000| Untracked 
| 100|0x0000000086400000, 0x0000000086400000, 0x0000000086500000|  0%| F|  |TAMS 0x0000000086400000, 0x0000000086400000| Untracked 
| 101|0x0000000086500000, 0x0000000086500000, 0x0000000086600000|  0%| F|  |TAMS 0x0000000086500000, 0x0000000086500000| Untracked 
| 102|0x0000000086600000, 0x0000000086600000, 0x0000000086700000|  0%| F|  |TAMS 0x0000000086600000, 0x0000000086600000| Untracked 
| 103|0x0000000086700000, 0x0000000086700000, 0x0000000086800000|  0%| F|  |TAMS 0x0000000086700000, 0x0000000086700000| Untracked 
| 104|0x0000000086800000, 0x0000000086800000, 0x0000000086900000|  0%| F|  |TAMS 0x0000000086800000, 0x0000000086800000| Untracked 
| 105|0x0000000086900000, 0x0000000086900000, 0x0000000086a00000|  0%| F|  |TAMS 0x0000000086900000, 0x0000000086900000| Untracked 
| 106|0x0000000086a00000, 0x0000000086a5a560, 0x0000000086b00000| 35%| S|CS|TAMS 0x0000000086a00000, 0x0000000086a00000| Complete 
| 107|0x0000000086b00000, 0x0000000086c00000, 0x0000000086c00000|100%| S|CS|TAMS 0x0000000086b00000, 0x0000000086b00000| Complete 
| 108|0x0000000086c00000, 0x0000000086d00000, 0x0000000086d00000|100%| S|CS|TAMS 0x0000000086c00000, 0x0000000086c00000| Complete 
| 109|0x0000000086d00000, 0x0000000086e00000, 0x0000000086e00000|100%| S|CS|TAMS 0x0000000086d00000, 0x0000000086d00000| Complete 
| 110|0x0000000086e00000, 0x0000000086f00000, 0x0000000086f00000|100%| S|CS|TAMS 0x0000000086e00000, 0x0000000086e00000| Complete 
| 111|0x0000000086f00000, 0x0000000087000000, 0x0000000087000000|100%| S|CS|TAMS 0x0000000086f00000, 0x0000000086f00000| Complete 
| 112|0x0000000087000000, 0x0000000087100000, 0x0000000087100000|100%| S|CS|TAMS 0x0000000087000000, 0x0000000087000000| Complete 
| 113|0x0000000087100000, 0x0000000087200000, 0x0000000087200000|100%| S|CS|TAMS 0x0000000087100000, 0x0000000087100000| Complete 
| 114|0x0000000087200000, 0x0000000087300000, 0x0000000087300000|100%| S|CS|TAMS 0x0000000087200000, 0x0000000087200000| Complete 
| 115|0x0000000087300000, 0x0000000087400000, 0x0000000087400000|100%| S|CS|TAMS 0x0000000087300000, 0x0000000087300000| Complete 
| 116|0x0000000087400000, 0x0000000087400000, 0x0000000087500000|  0%| F|  |TAMS 0x0000000087400000, 0x0000000087400000| Untracked 
| 117|0x0000000087500000, 0x0000000087500000, 0x0000000087600000|  0%| F|  |TAMS 0x0000000087500000, 0x0000000087500000| Untracked 
| 118|0x0000000087600000, 0x0000000087600000, 0x0000000087700000|  0%| F|  |TAMS 0x0000000087600000, 0x0000000087600000| Untracked 
| 119|0x0000000087700000, 0x0000000087700000, 0x0000000087800000|  0%| F|  |TAMS 0x0000000087700000, 0x0000000087700000| Untracked 
| 120|0x0000000087800000, 0x0000000087800000, 0x0000000087900000|  0%| F|  |TAMS 0x0000000087800000, 0x0000000087800000| Untracked 
| 121|0x0000000087900000, 0x0000000087900000, 0x0000000087a00000|  0%| F|  |TAMS 0x0000000087900000, 0x0000000087900000| Untracked 
| 122|0x0000000087a00000, 0x0000000087a00000, 0x0000000087b00000|  0%| F|  |TAMS 0x0000000087a00000, 0x0000000087a00000| Untracked 
| 123|0x0000000087b00000, 0x0000000087b00000, 0x0000000087c00000|  0%| F|  |TAMS 0x0000000087b00000, 0x0000000087b00000| Untracked 
| 124|0x0000000087c00000, 0x0000000087c00000, 0x0000000087d00000|  0%| F|  |TAMS 0x0000000087c00000, 0x0000000087c00000| Untracked 
| 125|0x0000000087d00000, 0x0000000087d00000, 0x0000000087e00000|  0%| F|  |TAMS 0x0000000087d00000, 0x0000000087d00000| Untracked 
| 126|0x0000000087e00000, 0x0000000087e00000, 0x0000000087f00000|  0%| F|  |TAMS 0x0000000087e00000, 0x0000000087e00000| Untracked 
| 127|0x0000000087f00000, 0x0000000087f00000, 0x0000000088000000|  0%| F|  |TAMS 0x0000000087f00000, 0x0000000087f00000| Untracked 
| 128|0x0000000088000000, 0x0000000088000000, 0x0000000088100000|  0%| F|  |TAMS 0x0000000088000000, 0x0000000088000000| Untracked 
| 129|0x0000000088100000, 0x0000000088100000, 0x0000000088200000|  0%| F|  |TAMS 0x0000000088100000, 0x0000000088100000| Untracked 
| 130|0x0000000088200000, 0x0000000088200000, 0x0000000088300000|  0%| F|  |TAMS 0x0000000088200000, 0x0000000088200000| Untracked 
| 131|0x0000000088300000, 0x0000000088300000, 0x0000000088400000|  0%| F|  |TAMS 0x0000000088300000, 0x0000000088300000| Untracked 
| 132|0x0000000088400000, 0x0000000088400000, 0x0000000088500000|  0%| F|  |TAMS 0x0000000088400000, 0x0000000088400000| Untracked 
| 133|0x0000000088500000, 0x0000000088500000, 0x0000000088600000|  0%| F|  |TAMS 0x0000000088500000, 0x0000000088500000| Untracked 
| 134|0x0000000088600000, 0x0000000088600000, 0x0000000088700000|  0%| F|  |TAMS 0x0000000088600000, 0x0000000088600000| Untracked 
| 135|0x0000000088700000, 0x0000000088700000, 0x0000000088800000|  0%| F|  |TAMS 0x0000000088700000, 0x0000000088700000| Untracked 
| 136|0x0000000088800000, 0x0000000088800000, 0x0000000088900000|  0%| F|  |TAMS 0x0000000088800000, 0x0000000088800000| Untracked 
| 137|0x0000000088900000, 0x0000000088900000, 0x0000000088a00000|  0%| F|  |TAMS 0x0000000088900000, 0x0000000088900000| Untracked 
| 138|0x0000000088a00000, 0x0000000088a00000, 0x0000000088b00000|  0%| F|  |TAMS 0x0000000088a00000, 0x0000000088a00000| Untracked 
| 139|0x0000000088b00000, 0x0000000088b00000, 0x0000000088c00000|  0%| F|  |TAMS 0x0000000088b00000, 0x0000000088b00000| Untracked 
| 140|0x0000000088c00000, 0x0000000088c00000, 0x0000000088d00000|  0%| F|  |TAMS 0x0000000088c00000, 0x0000000088c00000| Untracked 
| 141|0x0000000088d00000, 0x0000000088d00000, 0x0000000088e00000|  0%| F|  |TAMS 0x0000000088d00000, 0x0000000088d00000| Untracked 
| 142|0x0000000088e00000, 0x0000000088e00000, 0x0000000088f00000|  0%| F|  |TAMS 0x0000000088e00000, 0x0000000088e00000| Untracked 
| 143|0x0000000088f00000, 0x0000000088f00000, 0x0000000089000000|  0%| F|  |TAMS 0x0000000088f00000, 0x0000000088f00000| Untracked 
| 144|0x0000000089000000, 0x0000000089000000, 0x0000000089100000|  0%| F|  |TAMS 0x0000000089000000, 0x0000000089000000| Untracked 
| 145|0x0000000089100000, 0x0000000089100000, 0x0000000089200000|  0%| F|  |TAMS 0x0000000089100000, 0x0000000089100000| Untracked 
| 146|0x0000000089200000, 0x0000000089200000, 0x0000000089300000|  0%| F|  |TAMS 0x0000000089200000, 0x0000000089200000| Untracked 
| 147|0x0000000089300000, 0x0000000089300000, 0x0000000089400000|  0%| F|  |TAMS 0x0000000089300000, 0x0000000089300000| Untracked 
| 148|0x0000000089400000, 0x0000000089400000, 0x0000000089500000|  0%| F|  |TAMS 0x0000000089400000, 0x0000000089400000| Untracked 
| 149|0x0000000089500000, 0x0000000089500000, 0x0000000089600000|  0%| F|  |TAMS 0x0000000089500000, 0x0000000089500000| Untracked 
| 150|0x0000000089600000, 0x0000000089600000, 0x0000000089700000|  0%| F|  |TAMS 0x0000000089600000, 0x0000000089600000| Untracked 
| 151|0x0000000089700000, 0x0000000089700000, 0x0000000089800000|  0%| F|  |TAMS 0x0000000089700000, 0x0000000089700000| Untracked 
| 152|0x0000000089800000, 0x0000000089800000, 0x0000000089900000|  0%| F|  |TAMS 0x0000000089800000, 0x0000000089800000| Untracked 
| 153|0x0000000089900000, 0x0000000089900000, 0x0000000089a00000|  0%| F|  |TAMS 0x0000000089900000, 0x0000000089900000| Untracked 
| 154|0x0000000089a00000, 0x0000000089a00000, 0x0000000089b00000|  0%| F|  |TAMS 0x0000000089a00000, 0x0000000089a00000| Untracked 
| 155|0x0000000089b00000, 0x0000000089b00000, 0x0000000089c00000|  0%| F|  |TAMS 0x0000000089b00000, 0x0000000089b00000| Untracked 
| 156|0x0000000089c00000, 0x0000000089c00000, 0x0000000089d00000|  0%| F|  |TAMS 0x0000000089c00000, 0x0000000089c00000| Untracked 
| 157|0x0000000089d00000, 0x0000000089d00000, 0x0000000089e00000|  0%| F|  |TAMS 0x0000000089d00000, 0x0000000089d00000| Untracked 
| 158|0x0000000089e00000, 0x0000000089e00000, 0x0000000089f00000|  0%| F|  |TAMS 0x0000000089e00000, 0x0000000089e00000| Untracked 
| 159|0x0000000089f00000, 0x0000000089f00000, 0x000000008a000000|  0%| F|  |TAMS 0x0000000089f00000, 0x0000000089f00000| Untracked 
| 160|0x000000008a000000, 0x000000008a000000, 0x000000008a100000|  0%| F|  |TAMS 0x000000008a000000, 0x000000008a000000| Untracked 
| 161|0x000000008a100000, 0x000000008a100000, 0x000000008a200000|  0%| F|  |TAMS 0x000000008a100000, 0x000000008a100000| Untracked 
| 162|0x000000008a200000, 0x000000008a200000, 0x000000008a300000|  0%| F|  |TAMS 0x000000008a200000, 0x000000008a200000| Untracked 
| 163|0x000000008a300000, 0x000000008a314af0, 0x000000008a400000|  8%| E|  |TAMS 0x000000008a300000, 0x000000008a300000| Complete 
| 164|0x000000008a400000, 0x000000008a500000, 0x000000008a500000|100%| E|CS|TAMS 0x000000008a400000, 0x000000008a400000| Complete 
| 165|0x000000008a500000, 0x000000008a600000, 0x000000008a600000|100%| E|CS|TAMS 0x000000008a500000, 0x000000008a500000| Complete 
| 166|0x000000008a600000, 0x000000008a700000, 0x000000008a700000|100%| E|CS|TAMS 0x000000008a600000, 0x000000008a600000| Complete 
| 167|0x000000008a700000, 0x000000008a800000, 0x000000008a800000|100%| E|CS|TAMS 0x000000008a700000, 0x000000008a700000| Complete 
| 168|0x000000008a800000, 0x000000008a900000, 0x000000008a900000|100%| E|CS|TAMS 0x000000008a800000, 0x000000008a800000| Complete 
| 169|0x000000008a900000, 0x000000008aa00000, 0x000000008aa00000|100%| E|CS|TAMS 0x000000008a900000, 0x000000008a900000| Complete 
| 170|0x000000008aa00000, 0x000000008ab00000, 0x000000008ab00000|100%| E|CS|TAMS 0x000000008aa00000, 0x000000008aa00000| Complete 
| 171|0x000000008ab00000, 0x000000008ac00000, 0x000000008ac00000|100%| E|CS|TAMS 0x000000008ab00000, 0x000000008ab00000| Complete 
| 172|0x000000008ac00000, 0x000000008ad00000, 0x000000008ad00000|100%| E|CS|TAMS 0x000000008ac00000, 0x000000008ac00000| Complete 
| 173|0x000000008ad00000, 0x000000008ae00000, 0x000000008ae00000|100%| E|CS|TAMS 0x000000008ad00000, 0x000000008ad00000| Complete 
| 174|0x000000008ae00000, 0x000000008af00000, 0x000000008af00000|100%| E|CS|TAMS 0x000000008ae00000, 0x000000008ae00000| Complete 
| 175|0x000000008af00000, 0x000000008b000000, 0x000000008b000000|100%| E|CS|TAMS 0x000000008af00000, 0x000000008af00000| Complete 
| 176|0x000000008b000000, 0x000000008b100000, 0x000000008b100000|100%| E|CS|TAMS 0x000000008b000000, 0x000000008b000000| Complete 
| 177|0x000000008b100000, 0x000000008b200000, 0x000000008b200000|100%| E|CS|TAMS 0x000000008b100000, 0x000000008b100000| Complete 
| 178|0x000000008b200000, 0x000000008b300000, 0x000000008b300000|100%| E|CS|TAMS 0x000000008b200000, 0x000000008b200000| Complete 
| 179|0x000000008b300000, 0x000000008b400000, 0x000000008b400000|100%| E|CS|TAMS 0x000000008b300000, 0x000000008b300000| Complete 
| 180|0x000000008b400000, 0x000000008b500000, 0x000000008b500000|100%| E|CS|TAMS 0x000000008b400000, 0x000000008b400000| Complete 
| 181|0x000000008b500000, 0x000000008b600000, 0x000000008b600000|100%| E|CS|TAMS 0x000000008b500000, 0x000000008b500000| Complete 
| 182|0x000000008b600000, 0x000000008b700000, 0x000000008b700000|100%| E|CS|TAMS 0x000000008b600000, 0x000000008b600000| Complete 
| 183|0x000000008b700000, 0x000000008b800000, 0x000000008b800000|100%| E|CS|TAMS 0x000000008b700000, 0x000000008b700000| Complete 
| 184|0x000000008b800000, 0x000000008b900000, 0x000000008b900000|100%| E|CS|TAMS 0x000000008b800000, 0x000000008b800000| Complete 
| 185|0x000000008b900000, 0x000000008ba00000, 0x000000008ba00000|100%| E|CS|TAMS 0x000000008b900000, 0x000000008b900000| Complete 
| 186|0x000000008ba00000, 0x000000008bb00000, 0x000000008bb00000|100%| E|CS|TAMS 0x000000008ba00000, 0x000000008ba00000| Complete 
| 187|0x000000008bb00000, 0x000000008bc00000, 0x000000008bc00000|100%| E|CS|TAMS 0x000000008bb00000, 0x000000008bb00000| Complete 
| 188|0x000000008bc00000, 0x000000008bd00000, 0x000000008bd00000|100%| E|CS|TAMS 0x000000008bc00000, 0x000000008bc00000| Complete 
| 189|0x000000008bd00000, 0x000000008be00000, 0x000000008be00000|100%| E|CS|TAMS 0x000000008bd00000, 0x000000008bd00000| Complete 
| 190|0x000000008be00000, 0x000000008bf00000, 0x000000008bf00000|100%| E|CS|TAMS 0x000000008be00000, 0x000000008be00000| Complete 
| 191|0x000000008bf00000, 0x000000008c000000, 0x000000008c000000|100%| E|CS|TAMS 0x000000008bf00000, 0x000000008bf00000| Complete 
| 192|0x000000008c000000, 0x000000008c100000, 0x000000008c100000|100%| E|CS|TAMS 0x000000008c000000, 0x000000008c000000| Complete 
| 193|0x000000008c100000, 0x000000008c200000, 0x000000008c200000|100%| E|CS|TAMS 0x000000008c100000, 0x000000008c100000| Complete 
| 194|0x000000008c200000, 0x000000008c300000, 0x000000008c300000|100%| E|CS|TAMS 0x000000008c200000, 0x000000008c200000| Complete 
| 195|0x000000008c300000, 0x000000008c400000, 0x000000008c400000|100%| E|CS|TAMS 0x000000008c300000, 0x000000008c300000| Complete 
| 196|0x000000008c400000, 0x000000008c500000, 0x000000008c500000|100%| E|CS|TAMS 0x000000008c400000, 0x000000008c400000| Complete 
| 197|0x000000008c500000, 0x000000008c600000, 0x000000008c600000|100%| E|CS|TAMS 0x000000008c500000, 0x000000008c500000| Complete 
| 198|0x000000008c600000, 0x000000008c700000, 0x000000008c700000|100%| E|CS|TAMS 0x000000008c600000, 0x000000008c600000| Complete 
| 199|0x000000008c700000, 0x000000008c800000, 0x000000008c800000|100%| E|CS|TAMS 0x000000008c700000, 0x000000008c700000| Complete 
| 200|0x000000008c800000, 0x000000008c900000, 0x000000008c900000|100%| E|CS|TAMS 0x000000008c800000, 0x000000008c800000| Complete 
| 201|0x000000008c900000, 0x000000008ca00000, 0x000000008ca00000|100%| E|CS|TAMS 0x000000008c900000, 0x000000008c900000| Complete 
| 202|0x000000008ca00000, 0x000000008cb00000, 0x000000008cb00000|100%| E|  |TAMS 0x000000008ca00000, 0x000000008ca00000| Complete 
| 203|0x000000008cb00000, 0x000000008cc00000, 0x000000008cc00000|100%| E|CS|TAMS 0x000000008cb00000, 0x000000008cb00000| Complete 
| 204|0x000000008cc00000, 0x000000008cd00000, 0x000000008cd00000|100%| E|CS|TAMS 0x000000008cc00000, 0x000000008cc00000| Complete 
| 205|0x000000008cd00000, 0x000000008ce00000, 0x000000008ce00000|100%| E|CS|TAMS 0x000000008cd00000, 0x000000008cd00000| Complete 
| 206|0x000000008ce00000, 0x000000008cf00000, 0x000000008cf00000|100%| E|CS|TAMS 0x000000008ce00000, 0x000000008ce00000| Complete 
| 207|0x000000008cf00000, 0x000000008d000000, 0x000000008d000000|100%| E|CS|TAMS 0x000000008cf00000, 0x000000008cf00000| Complete 
| 208|0x000000008d000000, 0x000000008d100000, 0x000000008d100000|100%| E|CS|TAMS 0x000000008d000000, 0x000000008d000000| Complete 
| 209|0x000000008d100000, 0x000000008d200000, 0x000000008d200000|100%| E|CS|TAMS 0x000000008d100000, 0x000000008d100000| Complete 
| 210|0x000000008d200000, 0x000000008d300000, 0x000000008d300000|100%| E|CS|TAMS 0x000000008d200000, 0x000000008d200000| Complete 
| 211|0x000000008d300000, 0x000000008d400000, 0x000000008d400000|100%| E|CS|TAMS 0x000000008d300000, 0x000000008d300000| Complete 
| 212|0x000000008d400000, 0x000000008d500000, 0x000000008d500000|100%| E|CS|TAMS 0x000000008d400000, 0x000000008d400000| Complete 
| 213|0x000000008d500000, 0x000000008d600000, 0x000000008d600000|100%| E|CS|TAMS 0x000000008d500000, 0x000000008d500000| Complete 
| 214|0x000000008d600000, 0x000000008d700000, 0x000000008d700000|100%| E|CS|TAMS 0x000000008d600000, 0x000000008d600000| Complete 
| 215|0x000000008d700000, 0x000000008d800000, 0x000000008d800000|100%| E|CS|TAMS 0x000000008d700000, 0x000000008d700000| Complete 
| 216|0x000000008d800000, 0x000000008d900000, 0x000000008d900000|100%| E|CS|TAMS 0x000000008d800000, 0x000000008d800000| Complete 
| 217|0x000000008d900000, 0x000000008da00000, 0x000000008da00000|100%| E|CS|TAMS 0x000000008d900000, 0x000000008d900000| Complete 
| 218|0x000000008da00000, 0x000000008db00000, 0x000000008db00000|100%| E|CS|TAMS 0x000000008da00000, 0x000000008da00000| Complete 
| 219|0x000000008db00000, 0x000000008dc00000, 0x000000008dc00000|100%| E|CS|TAMS 0x000000008db00000, 0x000000008db00000| Complete 
| 220|0x000000008dc00000, 0x000000008dd00000, 0x000000008dd00000|100%| E|CS|TAMS 0x000000008dc00000, 0x000000008dc00000| Complete 
| 221|0x000000008dd00000, 0x000000008de00000, 0x000000008de00000|100%| E|CS|TAMS 0x000000008dd00000, 0x000000008dd00000| Complete 
| 222|0x000000008de00000, 0x000000008df00000, 0x000000008df00000|100%| E|CS|TAMS 0x000000008de00000, 0x000000008de00000| Complete 
| 223|0x000000008df00000, 0x000000008e000000, 0x000000008e000000|100%| E|CS|TAMS 0x000000008df00000, 0x000000008df00000| Complete 
| 224|0x000000008e000000, 0x000000008e100000, 0x000000008e100000|100%| E|CS|TAMS 0x000000008e000000, 0x000000008e000000| Complete 
| 225|0x000000008e100000, 0x000000008e200000, 0x000000008e200000|100%| E|CS|TAMS 0x000000008e100000, 0x000000008e100000| Complete 
| 226|0x000000008e200000, 0x000000008e300000, 0x000000008e300000|100%| E|CS|TAMS 0x000000008e200000, 0x000000008e200000| Complete 
| 227|0x000000008e300000, 0x000000008e400000, 0x000000008e400000|100%| E|CS|TAMS 0x000000008e300000, 0x000000008e300000| Complete 
| 228|0x000000008e400000, 0x000000008e500000, 0x000000008e500000|100%| E|CS|TAMS 0x000000008e400000, 0x000000008e400000| Complete 
| 229|0x000000008e500000, 0x000000008e600000, 0x000000008e600000|100%| E|CS|TAMS 0x000000008e500000, 0x000000008e500000| Complete 
| 230|0x000000008e600000, 0x000000008e700000, 0x000000008e700000|100%| E|CS|TAMS 0x000000008e600000, 0x000000008e600000| Complete 
| 231|0x000000008e700000, 0x000000008e800000, 0x000000008e800000|100%| E|CS|TAMS 0x000000008e700000, 0x000000008e700000| Complete 
| 232|0x000000008e800000, 0x000000008e900000, 0x000000008e900000|100%| E|CS|TAMS 0x000000008e800000, 0x000000008e800000| Complete 
| 233|0x000000008e900000, 0x000000008ea00000, 0x000000008ea00000|100%| E|CS|TAMS 0x000000008e900000, 0x000000008e900000| Complete 
| 234|0x000000008ea00000, 0x000000008eb00000, 0x000000008eb00000|100%| E|CS|TAMS 0x000000008ea00000, 0x000000008ea00000| Complete 
| 235|0x000000008eb00000, 0x000000008ec00000, 0x000000008ec00000|100%| E|CS|TAMS 0x000000008eb00000, 0x000000008eb00000| Complete 
| 236|0x000000008ec00000, 0x000000008ed00000, 0x000000008ed00000|100%| E|CS|TAMS 0x000000008ec00000, 0x000000008ec00000| Complete 
| 237|0x000000008ed00000, 0x000000008ee00000, 0x000000008ee00000|100%| E|CS|TAMS 0x000000008ed00000, 0x000000008ed00000| Complete 
| 238|0x000000008ee00000, 0x000000008ef00000, 0x000000008ef00000|100%| E|CS|TAMS 0x000000008ee00000, 0x000000008ee00000| Complete 
| 239|0x000000008ef00000, 0x000000008f000000, 0x000000008f000000|100%| E|CS|TAMS 0x000000008ef00000, 0x000000008ef00000| Complete 
| 240|0x000000008f000000, 0x000000008f100000, 0x000000008f100000|100%| E|CS|TAMS 0x000000008f000000, 0x000000008f000000| Complete 
| 241|0x000000008f100000, 0x000000008f200000, 0x000000008f200000|100%| E|CS|TAMS 0x000000008f100000, 0x000000008f100000| Complete 
| 242|0x000000008f200000, 0x000000008f300000, 0x000000008f300000|100%| E|CS|TAMS 0x000000008f200000, 0x000000008f200000| Complete 
| 243|0x000000008f300000, 0x000000008f400000, 0x000000008f400000|100%| E|CS|TAMS 0x000000008f300000, 0x000000008f300000| Complete 
| 244|0x000000008f400000, 0x000000008f500000, 0x000000008f500000|100%| E|CS|TAMS 0x000000008f400000, 0x000000008f400000| Complete 
| 245|0x000000008f500000, 0x000000008f600000, 0x000000008f600000|100%| E|CS|TAMS 0x000000008f500000, 0x000000008f500000| Complete 
| 246|0x000000008f600000, 0x000000008f700000, 0x000000008f700000|100%| E|CS|TAMS 0x000000008f600000, 0x000000008f600000| Complete 
| 247|0x000000008f700000, 0x000000008f800000, 0x000000008f800000|100%| E|CS|TAMS 0x000000008f700000, 0x000000008f700000| Complete 
| 248|0x000000008f800000, 0x000000008f900000, 0x000000008f900000|100%| E|CS|TAMS 0x000000008f800000, 0x000000008f800000| Complete 
| 249|0x000000008f900000, 0x000000008fa00000, 0x000000008fa00000|100%| E|CS|TAMS 0x000000008f900000, 0x000000008f900000| Complete 
| 250|0x000000008fa00000, 0x000000008fb00000, 0x000000008fb00000|100%| E|CS|TAMS 0x000000008fa00000, 0x000000008fa00000| Complete 
| 251|0x000000008fb00000, 0x000000008fc00000, 0x000000008fc00000|100%| E|CS|TAMS 0x000000008fb00000, 0x000000008fb00000| Complete 
| 252|0x000000008fc00000, 0x000000008fd00000, 0x000000008fd00000|100%| E|CS|TAMS 0x000000008fc00000, 0x000000008fc00000| Complete 
| 253|0x000000008fd00000, 0x000000008fe00000, 0x000000008fe00000|100%| E|CS|TAMS 0x000000008fd00000, 0x000000008fd00000| Complete 

Card table byte_map: [0x000001a62eae0000,0x000001a62eee0000] _byte_map_base: 0x000001a62e6e0000

Marking Bits (Prev, Next): (CMBitMap*) 0x000001a61b6e3648, (CMBitMap*) 0x000001a61b6e3680
 Prev Bits: [0x000001a62f2e0000, 0x000001a6312e0000)
 Next Bits: [0x000001a6312e0000, 0x000001a6332e0000)

Polling page: 0x000001a619350000

Metaspace:

Usage:
  Non-class:     77.01 MB capacity,    75.58 MB ( 98%) used,     1.17 MB (  2%) free+waste,   269.06 KB ( <1%) overhead. 
      Class:     12.13 MB capacity,    11.29 MB ( 93%) used,   735.82 KB (  6%) free+waste,   123.50 KB ( <1%) overhead. 
       Both:     89.14 MB capacity,    86.87 MB ( 97%) used,     1.89 MB (  2%) free+waste,   392.56 KB ( <1%) overhead. 

Virtual space:
  Non-class space:       78.00 MB reserved,      77.18 MB ( 99%) committed 
      Class space:        1.00 GB reserved,      12.20 MB (  1%) committed 
             Both:        1.08 GB reserved,      89.38 MB (  8%) committed 

Chunk freelists:
   Non-Class:  0 bytes
       Class:  0 bytes
        Both:  0 bytes

MaxMetaspaceSize: 17179869184.00 GB
CompressedClassSpaceSize: 1.00 GB

CodeHeap 'non-profiled nmethods': size=120000Kb used=6418Kb max_used=6418Kb free=113581Kb
 bounds [0x000001a626c60000, 0x000001a6272b0000, 0x000001a62e190000]
CodeHeap 'profiled nmethods': size=120000Kb used=21699Kb max_used=21699Kb free=98300Kb
 bounds [0x000001a61f730000, 0x000001a620c70000, 0x000001a626c60000]
CodeHeap 'non-nmethods': size=5760Kb used=2287Kb max_used=2341Kb free=3472Kb
 bounds [0x000001a61f190000, 0x000001a61f400000, 0x000001a61f730000]
 total_blobs=11095 nmethods=10204 adapters=802
 compilation: enabled
              stopped_count=0, restarted_count=0
 full_count=0

Compilation events (20 events):
Event: 11.697 Thread 0x000001a636844800 nmethod 10160 0x000001a620c3f790 code [0x000001a620c3f960, 0x000001a620c3fb58]
Event: 11.697 Thread 0x000001a636844800 10162       3       com.sun.tools.javac.code.Symbol::externalType (81 bytes)
Event: 11.697 Thread 0x000001a63edbf800 nmethod 10158 0x000001a62729fd90 code [0x000001a62729ff20, 0x000001a62729ffb8]
Event: 11.697 Thread 0x000001a63edbf800 10081       4       com.sun.tools.javac.tree.JCTree$JCIdent::getTag (4 bytes)
Event: 11.697 Thread 0x000001a63edbf800 nmethod 10081 0x000001a6272a0090 code [0x000001a6272a0220, 0x000001a6272a0298]
Event: 11.697 Thread 0x000001a63edbf800 10115       4       com.sun.tools.javac.tree.JCTree$JCFieldAccess::getTag (4 bytes)
Event: 11.698 Thread 0x000001a63edbf800 nmethod 10115 0x000001a6272a0310 code [0x000001a6272a04a0, 0x000001a6272a0518]
Event: 11.698 Thread 0x000001a63edbf800 10095       4       com.sun.tools.javac.code.Types::interfaces (12 bytes)
Event: 11.698 Thread 0x000001a636844800 nmethod 10162 0x000001a620c3fc10 code [0x000001a620c3ff20, 0x000001a620c413e8]
Event: 11.698 Thread 0x000001a636844800 10165       3       com.sun.tools.javac.util.ByteBuffer::appendByte (34 bytes)
Event: 11.698 Thread 0x000001a636844800 nmethod 10165 0x000001a620c41a90 code [0x000001a620c41c80, 0x000001a620c42148]
Event: 11.698 Thread 0x000001a636844800 10163       3       com.sun.tools.javac.code.Types$UniqueType::hashCode (12 bytes)
Event: 11.698 Thread 0x000001a63edbf800 nmethod 10095 0x000001a6272a0590 code [0x000001a6272a0740, 0x000001a6272a0858]
Event: 11.698 Thread 0x000001a63edbf800 10098       4       com.sun.tools.javac.code.Scope::getSymbolsByName (9 bytes)
Event: 11.698 Thread 0x000001a636844800 nmethod 10163 0x000001a620c42310 code [0x000001a620c42500, 0x000001a620c42928]
Event: 11.698 Thread 0x000001a636844800 10164       3       com.sun.tools.javac.code.Types$HashCodeVisitor::visitMethodType (10 bytes)
Event: 11.699 Thread 0x000001a636844800 nmethod 10164 0x000001a620c42b10 code [0x000001a620c42ce0, 0x000001a620c42f68]
Event: 11.701 Thread 0x000001a63edbf800 nmethod 10098 0x000001a6272a0a10 code [0x000001a6272a0bc0, 0x000001a6272a0f38]
Event: 11.701 Thread 0x000001a63edbf800 10033       4       com.sun.tools.javac.tree.JCTree$JCMethodInvocation::getTag (4 bytes)
Event: 11.702 Thread 0x000001a63edbf800 nmethod 10033 0x000001a6272a1090 code [0x000001a6272a1220, 0x000001a6272a1298]

GC Heap History (18 events):
Event: 0.687 GC heap before
{Heap before GC invocations=0 (full 0):
 garbage-first heap   total 260096K, used 29696K [0x0000000080000000, 0x0000000100000000)
  region size 1024K, 24 young (24576K), 0 survivors (0K)
 Metaspace       used 9800K, capacity 9986K, committed 10112K, reserved 1058816K
  class space    used 1022K, capacity 1102K, committed 1152K, reserved 1048576K
}
Event: 0.691 GC heap after
{Heap after GC invocations=1 (full 0):
 garbage-first heap   total 260096K, used 9373K [0x0000000080000000, 0x0000000100000000)
  region size 1024K, 3 young (3072K), 3 survivors (3072K)
 Metaspace       used 9800K, capacity 9986K, committed 10112K, reserved 1058816K
  class space    used 1022K, capacity 1102K, committed 1152K, reserved 1048576K
}
Event: 2.489 GC heap before
{Heap before GC invocations=1 (full 0):
 garbage-first heap   total 260096K, used 105629K [0x0000000080000000, 0x0000000100000000)
  region size 1024K, 98 young (100352K), 3 survivors (3072K)
 Metaspace       used 20615K, capacity 21140K, committed 21248K, reserved 1067008K
  class space    used 2531K, capacity 2728K, committed 2816K, reserved 1048576K
}
Event: 2.497 GC heap after
{Heap after GC invocations=2 (full 0):
 garbage-first heap   total 260096K, used 16841K [0x0000000080000000, 0x0000000100000000)
  region size 1024K, 11 young (11264K), 11 survivors (11264K)
 Metaspace       used 20615K, capacity 21140K, committed 21248K, reserved 1067008K
  class space    used 2531K, capacity 2728K, committed 2816K, reserved 1048576K
}
Event: 2.850 GC heap before
{Heap before GC invocations=3 (full 0):
 garbage-first heap   total 260096K, used 60873K [0x0000000080000000, 0x0000000100000000)
  region size 1024K, 54 young (55296K), 11 survivors (11264K)
 Metaspace       used 25064K, capacity 25670K, committed 25728K, reserved 1071104K
  class space    used 3259K, capacity 3454K, committed 3456K, reserved 1048576K
}
Event: 2.856 GC heap after
{Heap after GC invocations=4 (full 0):
 garbage-first heap   total 260096K, used 18418K [0x0000000080000000, 0x0000000100000000)
  region size 1024K, 2 young (2048K), 2 survivors (2048K)
 Metaspace       used 25064K, capacity 25670K, committed 25728K, reserved 1071104K
  class space    used 3259K, capacity 3454K, committed 3456K, reserved 1048576K
}
Event: 3.581 GC heap before
{Heap before GC invocations=4 (full 0):
 garbage-first heap   total 260096K, used 86002K [0x0000000080000000, 0x0000000100000000)
  region size 1024K, 69 young (70656K), 2 survivors (2048K)
 Metaspace       used 35024K, capacity 35830K, committed 35840K, reserved 1081344K
  class space    used 4544K, capacity 4864K, committed 4864K, reserved 1048576K
}
Event: 3.587 GC heap after
{Heap after GC invocations=5 (full 0):
 garbage-first heap   total 260096K, used 21953K [0x0000000080000000, 0x0000000100000000)
  region size 1024K, 6 young (6144K), 6 survivors (6144K)
 Metaspace       used 35024K, capacity 35830K, committed 35840K, reserved 1081344K
  class space    used 4544K, capacity 4864K, committed 4864K, reserved 1048576K
}
Event: 4.543 GC heap before
{Heap before GC invocations=6 (full 0):
 garbage-first heap   total 260096K, used 135617K [0x0000000080000000, 0x0000000100000000)
  region size 1024K, 114 young (116736K), 6 survivors (6144K)
 Metaspace       used 43852K, capacity 44969K, committed 45260K, reserved 1089536K
  class space    used 5635K, capacity 6003K, committed 6092K, reserved 1048576K
}
Event: 4.552 GC heap after
{Heap after GC invocations=7 (full 0):
 garbage-first heap   total 260096K, used 28435K [0x0000000080000000, 0x0000000100000000)
  region size 1024K, 12 young (12288K), 12 survivors (12288K)
 Metaspace       used 43852K, capacity 44969K, committed 45260K, reserved 1089536K
  class space    used 5635K, capacity 6003K, committed 6092K, reserved 1048576K
}
Event: 6.259 GC heap before
{Heap before GC invocations=7 (full 0):
 garbage-first heap   total 260096K, used 175891K [0x0000000080000000, 0x0000000100000000)
  region size 1024K, 152 young (155648K), 12 survivors (12288K)
 Metaspace       used 57987K, capacity 59568K, committed 59724K, reserved 1101824K
  class space    used 7394K, capacity 7971K, committed 8012K, reserved 1048576K
}
Event: 6.271 GC heap after
{Heap after GC invocations=8 (full 0):
 garbage-first heap   total 260096K, used 43447K [0x0000000080000000, 0x0000000100000000)
  region size 1024K, 18 young (18432K), 18 survivors (18432K)
 Metaspace       used 57987K, capacity 59568K, committed 59724K, reserved 1101824K
  class space    used 7394K, capacity 7971K, committed 8012K, reserved 1048576K
}
Event: 6.289 GC heap before
{Heap before GC invocations=8 (full 0):
 garbage-first heap   total 260096K, used 43447K [0x0000000080000000, 0x0000000100000000)
  region size 1024K, 19 young (19456K), 18 survivors (18432K)
 Metaspace       used 58517K, capacity 60051K, committed 60288K, reserved 1101824K
  class space    used 7439K, capacity 8004K, committed 8140K, reserved 1048576K
}
Event: 6.304 GC heap after
{Heap after GC invocations=9 (full 0):
 garbage-first heap   total 260096K, used 45757K [0x0000000080000000, 0x0000000100000000)
  region size 1024K, 3 young (3072K), 3 survivors (3072K)
 Metaspace       used 58517K, capacity 60051K, committed 60288K, reserved 1101824K
  class space    used 7439K, capacity 8004K, committed 8140K, reserved 1048576K
}
Event: 8.085 GC heap before
{Heap before GC invocations=10 (full 0):
 garbage-first heap   total 260096K, used 194237K [0x0000000080000000, 0x0000000100000000)
  region size 1024K, 148 young (151552K), 3 survivors (3072K)
 Metaspace       used 71026K, capacity 72855K, committed 73088K, reserved 1112064K
  class space    used 9245K, capacity 9890K, committed 9932K, reserved 1048576K
}
Event: 8.099 GC heap after
{Heap after GC invocations=11 (full 0):
 garbage-first heap   total 260096K, used 54923K [0x0000000080000000, 0x0000000100000000)
  region size 1024K, 12 young (12288K), 12 survivors (12288K)
 Metaspace       used 71026K, capacity 72855K, committed 73088K, reserved 1112064K
  class space    used 9245K, capacity 9890K, committed 9932K, reserved 1048576K
}
Event: 10.229 GC heap before
{Heap before GC invocations=12 (full 0):
 garbage-first heap   total 260096K, used 195211K [0x0000000080000000, 0x0000000100000000)
  region size 1024K, 150 young (153600K), 12 survivors (12288K)
 Metaspace       used 79198K, capacity 81380K, committed 81536K, reserved 1120256K
  class space    used 10365K, capacity 11178K, committed 11212K, reserved 1048576K
}
Event: 10.245 GC heap after
{Heap after GC invocations=13 (full 0):
 garbage-first heap   total 260096K, used 64164K [0x0000000080000000, 0x0000000100000000)
  region size 1024K, 10 young (10240K), 10 survivors (10240K)
 Metaspace       used 79198K, capacity 81380K, committed 81536K, reserved 1120256K
  class space    used 10365K, capacity 11178K, committed 11212K, reserved 1048576K
}

Deoptimization events (20 events):
Event: 11.632 Thread 0x000001a637a54800 Uncommon trap: trap_request=0xffffff4d fr.pc=0x000001a627276a4c relative=0x000000000000026c
Event: 11.632 Thread 0x000001a637a54800 Uncommon trap: reason=unstable_if action=reinterpret pc=0x000001a627276a4c method=com.sun.tools.javac.code.Scope$ScopeImpl.lookup(Lcom/sun/tools/javac/util/Name;Lcom/sun/tools/javac/util/Filter;)Lcom/sun/tools/javac/code/Scope$Entry; @ 19 c2
Event: 11.632 Thread 0x000001a637a54800 DEOPT PACKING pc=0x000001a627276a4c sp=0x0000008ee7cf6560
Event: 11.632 Thread 0x000001a637a54800 DEOPT UNPACKING pc=0x000001a61f1b78af sp=0x0000008ee7cf6520 mode 2
Event: 11.658 Thread 0x000001a637a54800 Uncommon trap: trap_request=0xffffff4d fr.pc=0x000001a627288a54 relative=0x0000000000000914
Event: 11.658 Thread 0x000001a637a54800 Uncommon trap: reason=unstable_if action=reinterpret pc=0x000001a627288a54 method=com.sun.tools.javac.code.Types$15.visitClassType(Lcom/sun/tools/javac/code/Type$ClassType;Ljava/lang/Void;)Lcom/sun/tools/javac/code/Type; @ 43 c2
Event: 11.658 Thread 0x000001a637a54800 DEOPT PACKING pc=0x000001a627288a54 sp=0x0000008ee7cf8020
Event: 11.658 Thread 0x000001a637a54800 DEOPT UNPACKING pc=0x000001a61f1b78af sp=0x0000008ee7cf7ff0 mode 2
Event: 11.672 Thread 0x000001a637a54800 Uncommon trap: trap_request=0xffffff4d fr.pc=0x000001a62727caac relative=0x000000000000008c
Event: 11.672 Thread 0x000001a637a54800 Uncommon trap: reason=unstable_if action=reinterpret pc=0x000001a62727caac method=com.sun.tools.javac.code.Scope$ScopeImpl$2.hasNext()Z @ 69 c2
Event: 11.672 Thread 0x000001a637a54800 DEOPT PACKING pc=0x000001a62727caac sp=0x0000008ee7cf92d0
Event: 11.672 Thread 0x000001a637a54800 DEOPT UNPACKING pc=0x000001a61f1b78af sp=0x0000008ee7cf9268 mode 2
Event: 11.691 Thread 0x000001a637a54800 Uncommon trap: trap_request=0xffffff4d fr.pc=0x000001a6272629d8 relative=0x0000000000000518
Event: 11.691 Thread 0x000001a637a54800 Uncommon trap: reason=unstable_if action=reinterpret pc=0x000001a6272629d8 method=com.sun.tools.javac.util.ListBuffer.append(Ljava/lang/Object;)Lcom/sun/tools/javac/util/ListBuffer; @ 9 c2
Event: 11.691 Thread 0x000001a637a54800 DEOPT PACKING pc=0x000001a6272629d8 sp=0x0000008ee7cf7ea0
Event: 11.691 Thread 0x000001a637a54800 DEOPT UNPACKING pc=0x000001a61f1b78af sp=0x0000008ee7cf7e68 mode 2
Event: 11.700 Thread 0x000001a639b5d800 Uncommon trap: trap_request=0xffffff4d fr.pc=0x000001a6271a49d0 relative=0x0000000000000250
Event: 11.700 Thread 0x000001a639b5d800 Uncommon trap: reason=unstable_if action=reinterpret pc=0x000001a6271a49d0 method=org.gradle.internal.file.DefaultFileHierarchySet$Node.isChildOfOrThis(Ljava/lang/String;I)Z @ 35 c2
Event: 11.700 Thread 0x000001a639b5d800 DEOPT PACKING pc=0x000001a6271a49d0 sp=0x0000008ee50fef90
Event: 11.700 Thread 0x000001a639b5d800 DEOPT UNPACKING pc=0x000001a61f1b78af sp=0x0000008ee50fef18 mode 2

Classes redefined (0 events):
No events

Internal exceptions (20 events):
Event: 11.517 Thread 0x000001a637a54800 Exception <a 'sun/nio/fs/WindowsException'{0x000000008b419e48}> (0x000000008b419e48) thrown at [./src/hotspot/share/prims/jni.cpp, line 615]
Event: 11.517 Thread 0x000001a637a54800 Exception <a 'sun/nio/fs/WindowsException'{0x000000008b419fa8}> (0x000000008b419fa8) thrown at [./src/hotspot/share/prims/jni.cpp, line 615]
Event: 11.523 Thread 0x000001a637a54800 Exception <a 'sun/nio/fs/WindowsException'{0x000000008b4d3908}> (0x000000008b4d3908) thrown at [./src/hotspot/share/prims/jni.cpp, line 615]
Event: 11.523 Thread 0x000001a637a54800 Exception <a 'sun/nio/fs/WindowsException'{0x000000008b4d3a70}> (0x000000008b4d3a70) thrown at [./src/hotspot/share/prims/jni.cpp, line 615]
Event: 11.536 Thread 0x000001a637a54800 Exception <a 'sun/nio/fs/WindowsException'{0x000000008b3c6fa0}> (0x000000008b3c6fa0) thrown at [./src/hotspot/share/prims/jni.cpp, line 615]
Event: 11.536 Thread 0x000001a637a54800 Exception <a 'sun/nio/fs/WindowsException'{0x000000008b3c7110}> (0x000000008b3c7110) thrown at [./src/hotspot/share/prims/jni.cpp, line 615]
Event: 11.537 Thread 0x000001a637a54800 Exception <a 'sun/nio/fs/WindowsException'{0x000000008b3f1c40}> (0x000000008b3f1c40) thrown at [./src/hotspot/share/prims/jni.cpp, line 615]
Event: 11.537 Thread 0x000001a637a54800 Exception <a 'sun/nio/fs/WindowsException'{0x000000008b3f1db0}> (0x000000008b3f1db0) thrown at [./src/hotspot/share/prims/jni.cpp, line 615]
Event: 11.542 Thread 0x000001a637a54800 Exception <a 'sun/nio/fs/WindowsException'{0x000000008b239a38}> (0x000000008b239a38) thrown at [./src/hotspot/share/prims/jni.cpp, line 615]
Event: 11.542 Thread 0x000001a637a54800 Exception <a 'sun/nio/fs/WindowsException'{0x000000008b239ba8}> (0x000000008b239ba8) thrown at [./src/hotspot/share/prims/jni.cpp, line 615]
Event: 11.549 Thread 0x000001a637a54800 Exception <a 'sun/nio/fs/WindowsException'{0x000000008b2dea80}> (0x000000008b2dea80) thrown at [./src/hotspot/share/prims/jni.cpp, line 615]
Event: 11.549 Thread 0x000001a637a54800 Exception <a 'sun/nio/fs/WindowsException'{0x000000008b2debd8}> (0x000000008b2debd8) thrown at [./src/hotspot/share/prims/jni.cpp, line 615]
Event: 11.555 Thread 0x000001a637a54800 Exception <a 'sun/nio/fs/WindowsException'{0x000000008b15b188}> (0x000000008b15b188) thrown at [./src/hotspot/share/prims/jni.cpp, line 615]
Event: 11.555 Thread 0x000001a637a54800 Exception <a 'sun/nio/fs/WindowsException'{0x000000008b15b2f8}> (0x000000008b15b2f8) thrown at [./src/hotspot/share/prims/jni.cpp, line 615]
Event: 11.558 Thread 0x000001a637a54800 Exception <a 'sun/nio/fs/WindowsException'{0x000000008b1dc740}> (0x000000008b1dc740) thrown at [./src/hotspot/share/prims/jni.cpp, line 615]
Event: 11.558 Thread 0x000001a637a54800 Exception <a 'sun/nio/fs/WindowsException'{0x000000008b1dc8a0}> (0x000000008b1dc8a0) thrown at [./src/hotspot/share/prims/jni.cpp, line 615]
Event: 11.567 Thread 0x000001a637a54800 Exception <a 'sun/nio/fs/WindowsException'{0x000000008b04a890}> (0x000000008b04a890) thrown at [./src/hotspot/share/prims/jni.cpp, line 615]
Event: 11.567 Thread 0x000001a637a54800 Exception <a 'sun/nio/fs/WindowsException'{0x000000008b04aa20}> (0x000000008b04aa20) thrown at [./src/hotspot/share/prims/jni.cpp, line 615]
Event: 11.581 Thread 0x000001a637a54800 Exception <a 'java/lang/NoSuchMethodError'{0x000000008af1df80}: 'int java.lang.invoke.DirectMethodHandle$Holder.invokeVirtual(java.lang.Object, java.lang.Object, java.lang.Object, java.lang.Object)'> (0x000000008af1df80) thrown at [./src/hotspot/share/interpreter/linkResolver.cpp, line 773]
Event: 11.694 Thread 0x000001a637a54800 Exception <a 'sun/nio/fs/WindowsException'{0x000000008a87dcb8}> (0x000000008a87dcb8) thrown at [./src/hotspot/share/prims/jni.cpp, line 615]

Events (20 events):
Event: 11.676 loading class com/sun/tools/javac/code/Symbol
Event: 11.676 loading class com/sun/tools/javac/code/Symbol done
Event: 11.676 loading class com/sun/tools/javac/util/Filter
Event: 11.676 loading class com/sun/tools/javac/util/Filter done
Event: 11.677 Executing VM operation: Deoptimize
Event: 11.678 Executing VM operation: Deoptimize done
Event: 11.695 loading class java/nio/channels/Channels$1
Event: 11.696 loading class java/nio/channels/Channels$1 done
Event: 11.699 loading class org/gradle/util/RelativePathUtil
Event: 11.699 loading class org/gradle/util/RelativePathUtil done
Event: 11.699 loading class java/util/EnumMap$Values
Event: 11.700 loading class java/util/EnumMap$Values done
Event: 11.700 loading class java/util/EnumMap$ValueIterator
Event: 11.700 loading class java/util/EnumMap$ValueIterator done
Event: 11.700 loading class com/sun/tools/javac/util/ListBuffer
Event: 11.700 loading class com/sun/tools/javac/util/ListBuffer done
Event: 11.700 loading class com/sun/tools/javac/util/ListBuffer
Event: 11.700 loading class com/sun/tools/javac/util/ListBuffer done
Event: 11.701 Executing VM operation: RevokeBias
Event: 11.701 Executing VM operation: RevokeBias done


Dynamic libraries:
0x00007ff6f56a0000 - 0x00007ff6f56aa000 	C:\Program Files\Android\Android Studio1\jre\bin\java.exe
0x00007ffb63610000 - 0x00007ffb63805000 	C:\WINDOWS\SYSTEM32\ntdll.dll
0x00007ffb61660000 - 0x00007ffb6171e000 	C:\WINDOWS\System32\KERNEL32.DLL
0x00007ffb61090000 - 0x00007ffb61359000 	C:\WINDOWS\System32\KERNELBASE.dll
0x00007ffb613f0000 - 0x00007ffb614f0000 	C:\WINDOWS\System32\ucrtbase.dll
0x00007ffb5cb30000 - 0x00007ffb5cb47000 	C:\Program Files\Android\Android Studio1\jre\bin\VCRUNTIME140.dll
0x00007ffb5ca40000 - 0x00007ffb5ca59000 	C:\Program Files\Android\Android Studio1\jre\bin\jli.dll
0x00007ffb61940000 - 0x00007ffb61ae1000 	C:\WINDOWS\System32\USER32.dll
0x00007ffb60d30000 - 0x00007ffb60d52000 	C:\WINDOWS\System32\win32u.dll
0x00007ffb635a0000 - 0x00007ffb635cb000 	C:\WINDOWS\System32\GDI32.dll
0x00007ffb61550000 - 0x00007ffb6165b000 	C:\WINDOWS\System32\gdi32full.dll
0x00007ffb4d390000 - 0x00007ffb4d62a000 	C:\WINDOWS\WinSxS\amd64_microsoft.windows.common-controls_6595b64144ccf1df_6.0.19041.1110_none_60b5254171f9507e\COMCTL32.dll
0x00007ffb60e90000 - 0x00007ffb60f2d000 	C:\WINDOWS\System32\msvcp_win.dll
0x00007ffb62c90000 - 0x00007ffb62d2e000 	C:\WINDOWS\System32\msvcrt.dll
0x00007ffb63570000 - 0x00007ffb635a0000 	C:\WINDOWS\System32\IMM32.DLL
0x00007ffb1f1a0000 - 0x00007ffb1f23d000 	C:\Program Files\Android\Android Studio1\jre\bin\msvcp140.dll
0x00007ffaff180000 - 0x00007ffaffc4f000 	C:\Program Files\Android\Android Studio1\jre\bin\server\jvm.dll
0x00007ffb61af0000 - 0x00007ffb61b9c000 	C:\WINDOWS\System32\ADVAPI32.dll
0x00007ffb62100000 - 0x00007ffb6219b000 	C:\WINDOWS\System32\sechost.dll
0x00007ffb62b00000 - 0x00007ffb62c2a000 	C:\WINDOWS\System32\RPCRT4.dll
0x00007ffb634e0000 - 0x00007ffb634e8000 	C:\WINDOWS\System32\PSAPI.DLL
0x00007ffb5a990000 - 0x00007ffb5a99a000 	C:\WINDOWS\SYSTEM32\VERSION.dll
0x00007ffb54d70000 - 0x00007ffb54d97000 	C:\WINDOWS\SYSTEM32\WINMM.dll
0x00007ffb51120000 - 0x00007ffb51129000 	C:\WINDOWS\SYSTEM32\WSOCK32.dll
0x00007ffb61f60000 - 0x00007ffb61fcb000 	C:\WINDOWS\System32\WS2_32.dll
0x00007ffb5f600000 - 0x00007ffb5f612000 	C:\WINDOWS\SYSTEM32\kernel.appcore.dll
0x00007ffb5ca10000 - 0x00007ffb5ca21000 	C:\Program Files\Android\Android Studio1\jre\bin\verify.dll
0x00007ffb4f6a0000 - 0x00007ffb4f884000 	C:\WINDOWS\SYSTEM32\DBGHELP.DLL
0x00007ffb50d10000 - 0x00007ffb50d3c000 	C:\WINDOWS\SYSTEM32\dbgcore.DLL
0x00007ffb61360000 - 0x00007ffb613e3000 	C:\WINDOWS\System32\bcryptPrimitives.dll
0x00007ffb5b1c0000 - 0x00007ffb5b1e9000 	C:\Program Files\Android\Android Studio1\jre\bin\java.dll
0x00007ffb5ca60000 - 0x00007ffb5ca6b000 	C:\Program Files\Android\Android Studio1\jre\bin\jimage.dll
0x00007ffb5af30000 - 0x00007ffb5af48000 	C:\Program Files\Android\Android Studio1\jre\bin\zip.dll
0x00007ffb623b0000 - 0x00007ffb62aef000 	C:\WINDOWS\System32\SHELL32.dll
0x00007ffb5ed50000 - 0x00007ffb5f4e0000 	C:\WINDOWS\SYSTEM32\windows.storage.dll
0x00007ffb61ba0000 - 0x00007ffb61ef5000 	C:\WINDOWS\System32\combase.dll
0x00007ffb60780000 - 0x00007ffb607ac000 	C:\WINDOWS\SYSTEM32\Wldp.dll
0x00007ffb63430000 - 0x00007ffb634dd000 	C:\WINDOWS\System32\SHCORE.dll
0x00007ffb621a0000 - 0x00007ffb621f5000 	C:\WINDOWS\System32\shlwapi.dll
0x00007ffb60c70000 - 0x00007ffb60c8f000 	C:\WINDOWS\SYSTEM32\profapi.dll
0x00007ffb5aed0000 - 0x00007ffb5aeea000 	C:\Program Files\Android\Android Studio1\jre\bin\net.dll
0x00007ffb586b0000 - 0x00007ffb587b8000 	C:\WINDOWS\SYSTEM32\WINHTTP.dll
0x00007ffb604e0000 - 0x00007ffb6054a000 	C:\WINDOWS\system32\mswsock.dll
0x00007ffb5adf0000 - 0x00007ffb5ae04000 	C:\Program Files\Android\Android Studio1\jre\bin\nio.dll
0x00007ffb44b70000 - 0x00007ffb44b97000 	C:\Users\spabb\.gradle\native\8bec1ad78214c89d9ad589b4d07fe93259594b29d510b10fafb7a158f7737e5d\windows-amd64\native-platform.dll
0x00007ffb1cef0000 - 0x00007ffb1d02d000 	C:\Users\spabb\.gradle\native\53dbd7edfb1c66fb8903c78663c9afc45aea4f116125fa6feffd364cf09443e8\windows-amd64\native-platform-file-events.dll
0x00007ffb5ca00000 - 0x00007ffb5ca0a000 	C:\Program Files\Android\Android Studio1\jre\bin\management.dll
0x00007ffb5b9f0000 - 0x00007ffb5b9fc000 	C:\Program Files\Android\Android Studio1\jre\bin\management_ext.dll
0x00007ffb606e0000 - 0x00007ffb606f8000 	C:\WINDOWS\SYSTEM32\CRYPTSP.dll
0x00007ffb5fdf0000 - 0x00007ffb5fe24000 	C:\WINDOWS\system32\rsaenh.dll
0x00007ffb60db0000 - 0x00007ffb60dd7000 	C:\WINDOWS\System32\bcrypt.dll
0x00007ffb60c30000 - 0x00007ffb60c5e000 	C:\WINDOWS\SYSTEM32\USERENV.dll
0x00007ffb606d0000 - 0x00007ffb606dc000 	C:\WINDOWS\SYSTEM32\CRYPTBASE.dll
0x00007ffb60180000 - 0x00007ffb601bb000 	C:\WINDOWS\SYSTEM32\IPHLPAPI.DLL
0x00007ffb62200000 - 0x00007ffb62208000 	C:\WINDOWS\System32\NSI.dll
0x00007ffb5a300000 - 0x00007ffb5a317000 	C:\WINDOWS\SYSTEM32\dhcpcsvc6.DLL
0x00007ffb5a050000 - 0x00007ffb5a06d000 	C:\WINDOWS\SYSTEM32\dhcpcsvc.DLL
0x00007ffb601c0000 - 0x00007ffb6028c000 	C:\WINDOWS\SYSTEM32\DNSAPI.dll

dbghelp: loaded successfully - version: 4.0.5 - missing functions: none
symbol engine: initialized successfully - sym options: 0x614 - pdb path: .;C:\Program Files\Android\Android Studio1\jre\bin;C:\WINDOWS\SYSTEM32;C:\WINDOWS\WinSxS\amd64_microsoft.windows.common-controls_6595b64144ccf1df_6.0.19041.1110_none_60b5254171f9507e;C:\Program Files\Android\Android Studio1\jre\bin\server;C:\Users\spabb\.gradle\native\8bec1ad78214c89d9ad589b4d07fe93259594b29d510b10fafb7a158f7737e5d\windows-amd64;C:\Users\spabb\.gradle\native\53dbd7edfb1c66fb8903c78663c9afc45aea4f116125fa6feffd364cf09443e8\windows-amd64

VM Arguments:
jvm_args: --add-opens=java.base/java.util=ALL-UNNAMED --add-opens=java.base/java.lang=ALL-UNNAMED --add-opens=java.base/java.lang.invoke=ALL-UNNAMED --add-opens=java.base/java.util=ALL-UNNAMED --add-opens=java.prefs/java.util.prefs=ALL-UNNAMED --add-opens=java.prefs/java.util.prefs=ALL-UNNAMED --add-opens=java.base/java.nio.charset=ALL-UNNAMED --add-opens=java.base/java.net=ALL-UNNAMED --add-opens=java.base/java.util.concurrent.atomic=ALL-UNNAMED -Xmx2048m -Dfile.encoding=UTF-8 -Duser.country=US -Duser.language=en -Duser.variant 
java_command: org.gradle.launcher.daemon.bootstrap.GradleDaemon 7.0.2
java_class_path (initial): C:\Users\spabb\.gradle\wrapper\dists\gradle-7.0.2-bin\857tjihv64xamwrf0h14cai3r\gradle-7.0.2\lib\gradle-launcher-7.0.2.jar
Launcher Type: SUN_STANDARD

[Global flags]
     intx CICompilerCount                          = 4                                         {product} {ergonomic}
     uint ConcGCThreads                            = 3                                         {product} {ergonomic}
     uint G1ConcRefinementThreads                  = 10                                        {product} {ergonomic}
   size_t G1HeapRegionSize                         = 1048576                                   {product} {ergonomic}
    uintx GCDrainStackTargetSize                   = 64                                        {product} {ergonomic}
   size_t InitialHeapSize                          = 266338304                                 {product} {ergonomic}
   size_t MarkStackSize                            = 4194304                                   {product} {ergonomic}
   size_t MaxHeapSize                              = 2147483648                                {product} {command line}
   size_t MaxNewSize                               = 1287651328                                {product} {ergonomic}
   size_t MinHeapDeltaBytes                        = 1048576                                   {product} {ergonomic}
    uintx NonNMethodCodeHeapSize                   = 5836300                                {pd product} {ergonomic}
    uintx NonProfiledCodeHeapSize                  = 122910970                              {pd product} {ergonomic}
    uintx ProfiledCodeHeapSize                     = 122910970                              {pd product} {ergonomic}
    uintx ReservedCodeCacheSize                    = 251658240                              {pd product} {ergonomic}
     bool SegmentedCodeCache                       = true                                      {product} {ergonomic}
     bool UseCompressedClassPointers               = true                                 {lp64_product} {ergonomic}
     bool UseCompressedOops                        = true                                 {lp64_product} {ergonomic}
     bool UseG1GC                                  = true                                      {product} {ergonomic}
     bool UseLargePagesIndividualAllocation        = false                                  {pd product} {ergonomic}

Logging:
Log output configuration:
 #0: stdout all=warning uptime,level,tags
 #1: stderr all=off uptime,level,tags

Environment Variables:
PATH=C:\Program Files (x86)\Common Files\Intel\Shared Libraries\redist\intel64_win\compiler;C:\Program Files (x86)\Common Files\Oracle\Java\javapath;C:\Program Files (x86)\Intel\Intel(R) Management Engine Components\iCLS\;C:\Program Files\Intel\Intel(R) Management Engine Components\iCLS\;C:\Windows\system32;C:\Windows;C:\Windows\System32\Wbem;C:\Windows\System32\WindowsPowerShell\v1.0\;C:\Windows\System32\OpenSSH\;C:\Program Files (x86)\Intel\Intel(R) Management Engine Components\DAL;C:\Program Files\Intel\Intel(R) Management Engine Components\DAL;C:\Program Files (x86)\Intel\Intel(R) Management Engine Components\IPT;C:\Program Files\Intel\Intel(R) Management Engine Components\IPT;C:\Program Files (x86)\NVIDIA Corporation\PhysX\Common;C:\Program Files\Intel\WiFi\bin\;C:\Program Files\Common Files\Intel\WirelessCommon\;C:\WINDOWS\system32;C:\WINDOWS;C:\WINDOWS\System32\Wbem;C:\WINDOWS\System32\WindowsPowerShell\v1.0\;C:\WINDOWS\System32\OpenSSH\;C:\Program Files\NVIDIA Corporation\NVIDIA NvDLISR;C:\Program Files\nodejs\;%SystemRoot%\system32;%SystemRoot%;%SystemRoot%\System32\Wbem;%SYSTEMROOT%\System32\WindowsPowerShell\v1.0\;%SYSTEMROOT%\System32\OpenSSH\;C:\Users\spabb\AppData\Local\Mu\bin;C:\Users\spabb\AppData\Local\Programs\Python\Python36\Scripts\;C:\Users\spabb\AppData\Local\Programs\Python\Python36\;C:\Users\spabb\AppData\Local\Microsoft\WindowsApps;C:\Program Files\Java\jdk-13\bin;C:\Users\spabb\AppData\Local\Microsoft\WindowsApps;C:\Users\spabb\AppData\Roaming\npm
USERNAME=spabb
OS=Windows_NT
PROCESSOR_IDENTIFIER=Intel64 Family 6 Model 158 Stepping 10, GenuineIntel



---------------  S Y S T E M  ---------------

OS: Windows 10 , 64 bit Build 19041 (10.0.19041.1202)
OS uptime: 2 days 22:44 hours

CPU:total 12 (initial active 12) (6 cores per cpu, 2 threads per core) family 6 model 158 stepping 10 microcode 0xb4, cmov, cx8, fxsr, mmx, sse, sse2, sse3, ssse3, sse4.1, sse4.2, popcnt, avx, avx2, aes, clmul, erms, 3dnowpref, lzcnt, ht, tsc, tscinvbit, bmi1, bmi2, adx, fma

Memory: 4k page, system-wide physical 16229M (1883M free)
TotalPageFile size 26229M (AvailPageFile size 5M)
current process WorkingSet (physical memory assigned to process): 494M, peak: 494M
current process commit charge ("private bytes"): 565M, peak: 565M

vm_info: OpenJDK 64-Bit Server VM (11.0.10+0-b96-7249189) for windows-amd64 JRE (11.0.10+0-b96-7249189), built on Mar 31 2021 21:44:00 by "builder" with MS VC++ 14.0 (VS2015)

END.
