#
# There is insufficient memory for the Java Runtime Environment to continue.
# Native memory allocation (malloc) failed to allocate 1231376 bytes for Chunk::new
# Possible reasons:
#   The system is out of physical RAM or swap space
#   The process is running with CompressedOops enabled, and the Java Heap may be blocking the growth of the native heap
# Possible solutions:
#   Reduce memory load on the system
#   Increase physical memory or swap space
#   Check if swap backing store is full
#   Decrease Java heap size (-Xmx/-Xms)
#   Decrease number of Java threads
#   Decrease Java thread stack sizes (-Xss)
#   Set larger code cache with -XX:ReservedCodeCacheSize=
#   JVM is running with Unscaled Compressed Oops mode in which the Java heap is
#     placed in the first 4GB address space. The Java Heap base address is the
#     maximum limit for the native heap growth. Please use -XX:HeapBaseMinAddress
#     to set the Java Heap base and to place the Java Heap above 4GB virtual address.
# This output file may be truncated or incomplete.
#
#  Out of Memory Error (./src/hotspot/share/memory/arena.cpp:197), pid=14116, tid=24768
#
# JRE version: OpenJDK Runtime Environment (11.0.10) (build 11.0.10+0-b96-7249189)
# Java VM: OpenJDK 64-Bit Server VM (11.0.10+0-b96-7249189, mixed mode, tiered, compressed oops, g1 gc, windows-amd64)
# No core dump will be written. Minidumps are not enabled by default on client versions of Windows
#

---------------  S U M M A R Y ------------

Command Line: --add-opens=java.base/java.util=ALL-UNNAMED --add-opens=java.base/java.lang=ALL-UNNAMED --add-opens=java.base/java.lang.invoke=ALL-UNNAMED --add-opens=java.base/java.util=ALL-UNNAMED --add-opens=java.prefs/java.util.prefs=ALL-UNNAMED --add-opens=java.prefs/java.util.prefs=ALL-UNNAMED --add-opens=java.base/java.nio.charset=ALL-UNNAMED --add-opens=java.base/java.net=ALL-UNNAMED --add-opens=java.base/java.util.concurrent.atomic=ALL-UNNAMED -Xmx2048m -Dfile.encoding=UTF-8 -Duser.country=US -Duser.language=en -Duser.variant org.gradle.launcher.daemon.bootstrap.GradleDaemon 7.0.2

Host: Intel(R) Core(TM) i7-8750H CPU @ 2.20GHz, 12 cores, 15G,  Windows 10 , 64 bit Build 19041 (10.0.19041.1202)
Time: Thu Oct 28 18:59:10 2021 Eastern Daylight Time elapsed time: 8.380102 seconds (0d 0h 0m 8s)

---------------  T H R E A D  ---------------

Current thread (0x000001b662eef800):  JavaThread "C2 CompilerThread0" daemon [_thread_in_native, id=24768, stack(0x000000b002a00000,0x000000b002b00000)]


Current CompileTask:
C2:   8380 6215 %     4       org.gradle.internal.instantiation.generator.AbstractClassGenerator::inspectType @ 32 (560 bytes)

Stack: [0x000000b002a00000,0x000000b002b00000]
Native frames: (J=compiled Java code, j=interpreted, Vv=VM code, C=native code)
V  [jvm.dll+0x5ecfaa]
V  [jvm.dll+0x722bd5]
V  [jvm.dll+0x72412d]
V  [jvm.dll+0x7247e3]
V  [jvm.dll+0x242928]
V  [jvm.dll+0xbc4fc]
V  [jvm.dll+0xbca0c]
V  [jvm.dll+0x352d3b]
V  [jvm.dll+0x197e0c]
V  [jvm.dll+0x1fb70e]
V  [jvm.dll+0x1fa7f4]
V  [jvm.dll+0x18354c]
V  [jvm.dll+0x208ee7]
V  [jvm.dll+0x207731]
V  [jvm.dll+0x6eb1cf]
V  [jvm.dll+0x6e3d45]
V  [jvm.dll+0x5ebe96]
C  [ucrtbase.dll+0x21bb2]
C  [KERNEL32.DLL+0x17034]
C  [ntdll.dll+0x52651]


---------------  P R O C E S S  ---------------

Threads class SMR info:
_java_thread_list=0x000001b66a267ef0, length=60, elements={
0x000001b647d5f800, 0x000001b662e89000, 0x000001b662e92800, 0x000001b662ee8000,
0x000001b662eea000, 0x000001b662eec000, 0x000001b662eef800, 0x000001b662ef2800,
0x000001b662ef6000, 0x000001b663068000, 0x000001b66505f800, 0x000001b66590b800,
0x000001b665120800, 0x000001b663e33000, 0x000001b66461e800, 0x000001b664fd4000,
0x000001b66504f800, 0x000001b66556a000, 0x000001b665f37000, 0x000001b6650c5000,
0x000001b6650c2000, 0x000001b6650c7000, 0x000001b6650c2800, 0x000001b665422000,
0x000001b6650c1000, 0x000001b6650c3800, 0x000001b6650c4800, 0x000001b6650c6000,
0x000001b6650c7800, 0x000001b666ab5000, 0x000001b666ab1000, 0x000001b666ab2800,
0x000001b666ab3800, 0x000001b666ab4800, 0x000001b666ab7800, 0x000001b666ab2000,
0x000001b666abc800, 0x000001b666ab8800, 0x000001b666abd800, 0x000001b666abb800,
0x000001b666ab9000, 0x000001b666aba000, 0x000001b666abb000, 0x000001b666abe000,
0x000001b666c8d800, 0x000001b666c92800, 0x000001b666c90000, 0x000001b666c8c800,
0x000001b666c93000, 0x000001b666c90800, 0x000001b666c91800, 0x000001b666c8e800,
0x000001b666c8f000, 0x000001b66a1d1000, 0x000001b66a1d2000, 0x000001b66a1cd000,
0x000001b66a1cc000, 0x000001b66a1d2800, 0x000001b66a1d0000, 0x000001b666514800
}

Java Threads: ( => current thread )
  0x000001b647d5f800 JavaThread "main" [_thread_blocked, id=16404, stack(0x000000b001e00000,0x000000b001f00000)]
  0x000001b662e89000 JavaThread "Reference Handler" daemon [_thread_blocked, id=4924, stack(0x000000b002500000,0x000000b002600000)]
  0x000001b662e92800 JavaThread "Finalizer" daemon [_thread_blocked, id=14864, stack(0x000000b002600000,0x000000b002700000)]
  0x000001b662ee8000 JavaThread "Signal Dispatcher" daemon [_thread_blocked, id=4808, stack(0x000000b002700000,0x000000b002800000)]
  0x000001b662eea000 JavaThread "Attach Listener" daemon [_thread_blocked, id=10076, stack(0x000000b002800000,0x000000b002900000)]
  0x000001b662eec000 JavaThread "Service Thread" daemon [_thread_blocked, id=13668, stack(0x000000b002900000,0x000000b002a00000)]
=>0x000001b662eef800 JavaThread "C2 CompilerThread0" daemon [_thread_in_native, id=24768, stack(0x000000b002a00000,0x000000b002b00000)]
  0x000001b662ef2800 JavaThread "C1 CompilerThread0" daemon [_thread_blocked, id=14764, stack(0x000000b002b00000,0x000000b002c00000)]
  0x000001b662ef6000 JavaThread "Sweeper thread" daemon [_thread_blocked, id=10728, stack(0x000000b002c00000,0x000000b002d00000)]
  0x000001b663068000 JavaThread "Common-Cleaner" daemon [_thread_blocked, id=19496, stack(0x000000b002d00000,0x000000b002e00000)]
  0x000001b66505f800 JavaThread "Daemon health stats" [_thread_blocked, id=15136, stack(0x000000b003600000,0x000000b003700000)]
  0x000001b66590b800 JavaThread "Incoming local TCP Connector on port 57062" [_thread_in_native, id=20208, stack(0x000000b002f00000,0x000000b003000000)]
  0x000001b665120800 JavaThread "Daemon periodic checks" [_thread_blocked, id=21452, stack(0x000000b003500000,0x000000b003600000)]
  0x000001b663e33000 JavaThread "Daemon" [_thread_blocked, id=15776, stack(0x000000b003700000,0x000000b003800000)]
  0x000001b66461e800 JavaThread "Handler for socket connection from /127.0.0.1:57062 to /127.0.0.1:57063" [_thread_in_native, id=11964, stack(0x000000b003800000,0x000000b003900000)]
  0x000001b664fd4000 JavaThread "Cancel handler" [_thread_blocked, id=13652, stack(0x000000b003900000,0x000000b003a00000)]
  0x000001b66504f800 JavaThread "Daemon worker" [_thread_in_Java, id=24844, stack(0x000000b003a00000,0x000000b003b00000)]
  0x000001b66556a000 JavaThread "Asynchronous log dispatcher for DefaultDaemonConnection: socket connection from /127.0.0.1:57062 to /127.0.0.1:57063" [_thread_blocked, id=24388, stack(0x000000b003b00000,0x000000b003c00000)]
  0x000001b665f37000 JavaThread "Stdin handler" [_thread_blocked, id=18776, stack(0x000000b003c00000,0x000000b003d00000)]
  0x000001b6650c5000 JavaThread "Daemon client event forwarder" [_thread_blocked, id=23156, stack(0x000000b003d00000,0x000000b003e00000)]
  0x000001b6650c2000 JavaThread "Cache worker for file hash cache (C:\Users\spabb\.gradle\caches\7.0.2\fileHashes)" [_thread_blocked, id=24136, stack(0x000000b003e00000,0x000000b003f00000)]
  0x000001b6650c7000 JavaThread "File lock request listener" [_thread_in_native, id=21280, stack(0x000000b003f00000,0x000000b004000000)]
  0x000001b6650c2800 JavaThread "Cache worker for journal cache (C:\Users\spabb\.gradle\caches\journal-1)" [_thread_blocked, id=24832, stack(0x000000b004600000,0x000000b004700000)]
  0x000001b665422000 JavaThread "C2 CompilerThread1" daemon [_thread_blocked, id=17332, stack(0x000000b004700000,0x000000b004800000)]
  0x000001b6650c1000 JavaThread "Cache worker for file hash cache (C:\Users\spabb\AndroidStudioProjects\Calculator\.gradle\7.0.2\fileHashes)" [_thread_blocked, id=19760, stack(0x000000b004800000,0x000000b004900000)]
  0x000001b6650c3800 JavaThread "File watcher server" daemon [_thread_in_native, id=9860, stack(0x000000b004900000,0x000000b004a00000)]
  0x000001b6650c4800 JavaThread "File watcher consumer" daemon [_thread_blocked, id=5268, stack(0x000000b004a00000,0x000000b004b00000)]
  0x000001b6650c6000 JavaThread "Cache worker for checksums cache (C:\Users\spabb\AndroidStudioProjects\Calculator\.gradle\checksums)" [_thread_blocked, id=10664, stack(0x000000b004b00000,0x000000b004c00000)]
  0x000001b6650c7800 JavaThread "Cache worker for cache directory md-supplier (C:\Users\spabb\.gradle\caches\7.0.2\md-supplier)" [_thread_blocked, id=5696, stack(0x000000b004c00000,0x000000b004d00000)]
  0x000001b666ab5000 JavaThread "Cache worker for cache directory md-rule (C:\Users\spabb\.gradle\caches\7.0.2\md-rule)" [_thread_blocked, id=23928, stack(0x000000b004e00000,0x000000b004f00000)]
  0x000001b666ab1000 JavaThread "Cache worker for execution history cache (C:\Users\spabb\.gradle\caches\7.0.2\executionHistory)" [_thread_blocked, id=20788, stack(0x000000b004f00000,0x000000b005000000)]
  0x000001b666ab2800 JavaThread "jar transforms" [_thread_blocked, id=18856, stack(0x000000b005000000,0x000000b005100000)]
  0x000001b666ab3800 JavaThread "jar transforms Thread 2" [_thread_blocked, id=19360, stack(0x000000b005100000,0x000000b005200000)]
  0x000001b666ab4800 JavaThread "Cache worker for file content cache (C:\Users\spabb\.gradle\caches\7.0.2\fileContent)" [_thread_blocked, id=15240, stack(0x000000b005200000,0x000000b005300000)]
  0x000001b666ab7800 JavaThread "Cache worker for dependencies-accessors (C:\Users\spabb\AndroidStudioProjects\Calculator\.gradle\7.0.2\dependencies-accessors)" [_thread_blocked, id=21100, stack(0x000000b005300000,0x000000b005400000)]
  0x000001b666ab2000 JavaThread "jar transforms Thread 3" [_thread_blocked, id=23920, stack(0x000000b005400000,0x000000b005500000)]
  0x000001b666abc800 JavaThread "Cache worker for Build Output Cleanup Cache (C:\Users\spabb\AndroidStudioProjects\Calculator\.gradle\buildOutputCleanup)" [_thread_blocked, id=23452, stack(0x000000b005500000,0x000000b005600000)]
  0x000001b666ab8800 JavaThread "Build operations" [_thread_blocked, id=5584, stack(0x000000b005600000,0x000000b005700000)]
  0x000001b666abd800 JavaThread "Build operations Thread 2" [_thread_blocked, id=18780, stack(0x000000b005700000,0x000000b005800000)]
  0x000001b666abb800 JavaThread "Build operations Thread 3" [_thread_blocked, id=19620, stack(0x000000b005800000,0x000000b005900000)]
  0x000001b666ab9000 JavaThread "Build operations Thread 4" [_thread_blocked, id=17472, stack(0x000000b005900000,0x000000b005a00000)]
  0x000001b666aba000 JavaThread "Build operations Thread 5" [_thread_blocked, id=6156, stack(0x000000b005a00000,0x000000b005b00000)]
  0x000001b666abb000 JavaThread "Build operations Thread 6" [_thread_blocked, id=24736, stack(0x000000b005b00000,0x000000b005c00000)]
  0x000001b666abe000 JavaThread "Build operations Thread 7" [_thread_blocked, id=6884, stack(0x000000b005c00000,0x000000b005d00000)]
  0x000001b666c8d800 JavaThread "Build operations Thread 8" [_thread_blocked, id=17052, stack(0x000000b005d00000,0x000000b005e00000)]
  0x000001b666c92800 JavaThread "Build operations Thread 9" [_thread_blocked, id=2568, stack(0x000000b005e00000,0x000000b005f00000)]
  0x000001b666c90000 JavaThread "Build operations Thread 10" [_thread_blocked, id=22924, stack(0x000000b005f00000,0x000000b006000000)]
  0x000001b666c8c800 JavaThread "Build operations Thread 11" [_thread_blocked, id=23740, stack(0x000000b006000000,0x000000b006100000)]
  0x000001b666c93000 JavaThread "Build operations Thread 12" [_thread_blocked, id=6164, stack(0x000000b006100000,0x000000b006200000)]
  0x000001b666c90800 JavaThread "jar transforms Thread 4" [_thread_blocked, id=20828, stack(0x000000b006200000,0x000000b006300000)]
  0x000001b666c91800 JavaThread "jar transforms Thread 5" [_thread_blocked, id=2796, stack(0x000000b006300000,0x000000b006400000)]
  0x000001b666c8e800 JavaThread "jar transforms Thread 6" [_thread_blocked, id=18488, stack(0x000000b006400000,0x000000b006500000)]
  0x000001b666c8f000 JavaThread "jar transforms Thread 7" [_thread_blocked, id=22680, stack(0x000000b006500000,0x000000b006600000)]
  0x000001b66a1d1000 JavaThread "jar transforms Thread 8" [_thread_blocked, id=25184, stack(0x000000b006600000,0x000000b006700000)]
  0x000001b66a1d2000 JavaThread "jar transforms Thread 9" [_thread_blocked, id=21892, stack(0x000000b006700000,0x000000b006800000)]
  0x000001b66a1cd000 JavaThread "jar transforms Thread 10" [_thread_blocked, id=22256, stack(0x000000b006800000,0x000000b006900000)]
  0x000001b66a1cc000 JavaThread "jar transforms Thread 11" [_thread_blocked, id=12796, stack(0x000000b006900000,0x000000b006a00000)]
  0x000001b66a1d2800 JavaThread "jar transforms Thread 12" [_thread_blocked, id=1740, stack(0x000000b006a00000,0x000000b006b00000)]
  0x000001b66a1d0000 JavaThread "Memory manager" [_thread_blocked, id=23084, stack(0x000000b004d00000,0x000000b004e00000)]
  0x000001b666514800 JavaThread "C2 CompilerThread2" daemon [_thread_blocked, id=20388, stack(0x000000b006b00000,0x000000b006c00000)]

Other Threads:
  0x000001b662e85000 VMThread "VM Thread" [stack: 0x000000b002400000,0x000000b002500000] [id=19728]
  0x000001b66307a000 WatcherThread [stack: 0x000000b002e00000,0x000000b002f00000] [id=17672]
  0x000001b647d76800 GCTaskThread "GC Thread#0" [stack: 0x000000b001f00000,0x000000b002000000] [id=14396]
  0x000001b663c2b000 GCTaskThread "GC Thread#1" [stack: 0x000000b003000000,0x000000b003100000] [id=12160]
  0x000001b663c10800 GCTaskThread "GC Thread#2" [stack: 0x000000b003100000,0x000000b003200000] [id=6124]
  0x000001b663f44000 GCTaskThread "GC Thread#3" [stack: 0x000000b003200000,0x000000b003300000] [id=17816]
  0x000001b663fea800 GCTaskThread "GC Thread#4" [stack: 0x000000b003300000,0x000000b003400000] [id=22992]
  0x000001b663c57800 GCTaskThread "GC Thread#5" [stack: 0x000000b003400000,0x000000b003500000] [id=11672]
  0x000001b665050800 GCTaskThread "GC Thread#6" [stack: 0x000000b004000000,0x000000b004100000] [id=2536]
  0x000001b664e63800 GCTaskThread "GC Thread#7" [stack: 0x000000b004100000,0x000000b004200000] [id=23672]
  0x000001b6650cf000 GCTaskThread "GC Thread#8" [stack: 0x000000b004200000,0x000000b004300000] [id=18612]
  0x000001b665bc1800 GCTaskThread "GC Thread#9" [stack: 0x000000b004300000,0x000000b004400000] [id=17172]
  0x000001b647dab000 ConcurrentGCThread "G1 Main Marker" [stack: 0x000000b002000000,0x000000b002100000] [id=17452]
  0x000001b647dae000 ConcurrentGCThread "G1 Conc#0" [stack: 0x000000b002100000,0x000000b002200000] [id=13680]
  0x000001b663c53800 ConcurrentGCThread "G1 Conc#1" [stack: 0x000000b004400000,0x000000b004500000] [id=23180]
  0x000001b663e0d000 ConcurrentGCThread "G1 Conc#2" [stack: 0x000000b004500000,0x000000b004600000] [id=21244]
  0x000001b647e3e000 ConcurrentGCThread "G1 Refine#0" [stack: 0x000000b002200000,0x000000b002300000] [id=9008]
  0x000001b6624d4800 ConcurrentGCThread "G1 Young RemSet Sampling" [stack: 0x000000b002300000,0x000000b002400000] [id=4616]

Threads with active compile tasks:
C2 CompilerThread0   8415 6215 %     4       org.gradle.internal.instantiation.generator.AbstractClassGenerator::inspectType @ 32 (560 bytes)

VM state:not at safepoint (normal execution)

VM Mutex/Monitor currently owned by a thread: None

Heap address: 0x0000000080000000, size: 2048 MB, Compressed Oops mode: 32-bit
Narrow klass base: 0x0000000000000000, Narrow klass shift: 3
Compressed class space size: 1073741824 Address: 0x0000000100000000

Heap:
 garbage-first heap   total 260096K, used 52302K [0x0000000080000000, 0x0000000100000000)
  region size 1024K, 11 young (11264K), 9 survivors (9216K)
 Metaspace       used 65574K, capacity 67189K, committed 67404K, reserved 1110016K
  class space    used 8413K, capacity 8960K, committed 9036K, reserved 1048576K
Heap Regions: E=young(eden), S=young(survivor), O=old, HS=humongous(starts), HC=humongous(continues), CS=collection set, F=free, A=archive, TAMS=top-at-mark-start (previous, next)
|   0|0x0000000080000000, 0x0000000080100000, 0x0000000080100000|100%| O|  |TAMS 0x0000000080100000, 0x0000000080000000| Updating 
|   1|0x0000000080100000, 0x0000000080200000, 0x0000000080200000|100%| O|  |TAMS 0x0000000080200000, 0x0000000080100000| Updating 
|   2|0x0000000080200000, 0x0000000080300000, 0x0000000080300000|100%| O|  |TAMS 0x0000000080300000, 0x0000000080200000| Updating 
|   3|0x0000000080300000, 0x0000000080400000, 0x0000000080400000|100%|HS|  |TAMS 0x0000000080400000, 0x0000000080300000| Complete 
|   4|0x0000000080400000, 0x0000000080500000, 0x0000000080500000|100%|HC|  |TAMS 0x0000000080500000, 0x0000000080400000| Complete 
|   5|0x0000000080500000, 0x0000000080600000, 0x0000000080600000|100%|HC|  |TAMS 0x0000000080600000, 0x0000000080500000| Complete 
|   6|0x0000000080600000, 0x0000000080700000, 0x0000000080700000|100%| O|  |TAMS 0x0000000080700000, 0x0000000080600000| Updating 
|   7|0x0000000080700000, 0x0000000080800000, 0x0000000080800000|100%| O|  |TAMS 0x0000000080800000, 0x0000000080700000| Updating 
|   8|0x0000000080800000, 0x0000000080900000, 0x0000000080900000|100%| O|  |TAMS 0x0000000080900000, 0x0000000080800000| Updating 
|   9|0x0000000080900000, 0x0000000080a00000, 0x0000000080a00000|100%| O|  |TAMS 0x0000000080a00000, 0x0000000080900000| Updating 
|  10|0x0000000080a00000, 0x0000000080b00000, 0x0000000080b00000|100%| O|  |TAMS 0x0000000080b00000, 0x0000000080a00000| Updating 
|  11|0x0000000080b00000, 0x0000000080c00000, 0x0000000080c00000|100%| O|  |TAMS 0x0000000080c00000, 0x0000000080b00000| Updating 
|  12|0x0000000080c00000, 0x0000000080d00000, 0x0000000080d00000|100%| O|  |TAMS 0x0000000080d00000, 0x0000000080c00000| Updating 
|  13|0x0000000080d00000, 0x0000000080e00000, 0x0000000080e00000|100%| O|  |TAMS 0x0000000080e00000, 0x0000000080d00000| Updating 
|  14|0x0000000080e00000, 0x0000000080f00000, 0x0000000080f00000|100%| O|  |TAMS 0x0000000080f00000, 0x0000000080e00000| Updating 
|  15|0x0000000080f00000, 0x0000000081000000, 0x0000000081000000|100%| O|  |TAMS 0x0000000081000000, 0x0000000080f00000| Updating 
|  16|0x0000000081000000, 0x0000000081100000, 0x0000000081100000|100%|HS|  |TAMS 0x0000000081100000, 0x0000000081000000| Complete 
|  17|0x0000000081100000, 0x0000000081200000, 0x0000000081200000|100%|HS|  |TAMS 0x0000000081200000, 0x0000000081100000| Complete 
|  18|0x0000000081200000, 0x0000000081300000, 0x0000000081300000|100%|HS|  |TAMS 0x0000000081300000, 0x0000000081200000| Complete 
|  19|0x0000000081300000, 0x0000000081400000, 0x0000000081400000|100%|HC|  |TAMS 0x0000000081400000, 0x0000000081300000| Complete 
|  20|0x0000000081400000, 0x0000000081500000, 0x0000000081500000|100%| O|  |TAMS 0x0000000081500000, 0x0000000081400000| Updating 
|  21|0x0000000081500000, 0x0000000081600000, 0x0000000081600000|100%| O|  |TAMS 0x0000000081600000, 0x0000000081500000| Updating 
|  22|0x0000000081600000, 0x0000000081700000, 0x0000000081700000|100%| O|  |TAMS 0x0000000081700000, 0x0000000081600000| Updating 
|  23|0x0000000081700000, 0x0000000081800000, 0x0000000081800000|100%| O|  |TAMS 0x0000000081800000, 0x0000000081700000| Updating 
|  24|0x0000000081800000, 0x0000000081900000, 0x0000000081900000|100%| O|  |TAMS 0x0000000081900000, 0x0000000081800000| Updating 
|  25|0x0000000081900000, 0x0000000081a00000, 0x0000000081a00000|100%| O|  |TAMS 0x0000000081a00000, 0x0000000081900000| Updating 
|  26|0x0000000081a00000, 0x0000000081b00000, 0x0000000081b00000|100%| O|  |TAMS 0x0000000081b00000, 0x0000000081a00000| Updating 
|  27|0x0000000081b00000, 0x0000000081c00000, 0x0000000081c00000|100%| O|  |TAMS 0x0000000081c00000, 0x0000000081b00000| Updating 
|  28|0x0000000081c00000, 0x0000000081d00000, 0x0000000081d00000|100%| O|  |TAMS 0x0000000081d00000, 0x0000000081c00000| Updating 
|  29|0x0000000081d00000, 0x0000000081e00000, 0x0000000081e00000|100%| O|  |TAMS 0x0000000081e00000, 0x0000000081d00000| Updating 
|  30|0x0000000081e00000, 0x0000000081f00000, 0x0000000081f00000|100%| O|  |TAMS 0x0000000081f00000, 0x0000000081e00000| Updating 
|  31|0x0000000081f00000, 0x0000000082000000, 0x0000000082000000|100%| O|  |TAMS 0x0000000082000000, 0x0000000081f00000| Updating 
|  32|0x0000000082000000, 0x0000000082100000, 0x0000000082100000|100%| O|  |TAMS 0x0000000082100000, 0x0000000082000000| Updating 
|  33|0x0000000082100000, 0x0000000082200000, 0x0000000082200000|100%| O|  |TAMS 0x0000000082200000, 0x0000000082100000| Updating 
|  34|0x0000000082200000, 0x0000000082300000, 0x0000000082300000|100%| O|  |TAMS 0x0000000082300000, 0x0000000082200000| Updating 
|  35|0x0000000082300000, 0x0000000082400000, 0x0000000082400000|100%| O|  |TAMS 0x0000000082400000, 0x0000000082300000| Updating 
|  36|0x0000000082400000, 0x0000000082500000, 0x0000000082500000|100%| O|  |TAMS 0x0000000082500000, 0x0000000082400000| Updating 
|  37|0x0000000082500000, 0x0000000082600000, 0x0000000082600000|100%| O|  |TAMS 0x0000000082600000, 0x0000000082500000| Updating 
|  38|0x0000000082600000, 0x0000000082700000, 0x0000000082700000|100%| O|  |TAMS 0x0000000082700000, 0x0000000082600000| Updating 
|  39|0x0000000082700000, 0x0000000082800000, 0x0000000082800000|100%| O|  |TAMS 0x0000000082800000, 0x0000000082700000| Updating 
|  40|0x0000000082800000, 0x0000000082900000, 0x0000000082900000|100%| O|  |TAMS 0x0000000082900000, 0x0000000082800000| Updating 
|  41|0x0000000082900000, 0x00000000829cb200, 0x0000000082a00000| 79%| O|  |TAMS 0x00000000829cb200, 0x0000000082900000| Updating 
|  42|0x0000000082a00000, 0x0000000082a00000, 0x0000000082b00000|  0%| F|  |TAMS 0x0000000082a00000, 0x0000000082a00000| Untracked 
|  43|0x0000000082b00000, 0x0000000082b00000, 0x0000000082c00000|  0%| F|  |TAMS 0x0000000082b00000, 0x0000000082b00000| Untracked 
|  44|0x0000000082c00000, 0x0000000082c00000, 0x0000000082d00000|  0%| F|  |TAMS 0x0000000082c00000, 0x0000000082c00000| Untracked 
|  45|0x0000000082d00000, 0x0000000082d00000, 0x0000000082e00000|  0%| F|  |TAMS 0x0000000082d00000, 0x0000000082d00000| Untracked 
|  46|0x0000000082e00000, 0x0000000082e00000, 0x0000000082f00000|  0%| F|  |TAMS 0x0000000082e00000, 0x0000000082e00000| Untracked 
|  47|0x0000000082f00000, 0x0000000082f00000, 0x0000000083000000|  0%| F|  |TAMS 0x0000000082f00000, 0x0000000082f00000| Untracked 
|  48|0x0000000083000000, 0x0000000083000000, 0x0000000083100000|  0%| F|  |TAMS 0x0000000083000000, 0x0000000083000000| Untracked 
|  49|0x0000000083100000, 0x0000000083100000, 0x0000000083200000|  0%| F|  |TAMS 0x0000000083100000, 0x0000000083100000| Untracked 
|  50|0x0000000083200000, 0x0000000083200000, 0x0000000083300000|  0%| F|  |TAMS 0x0000000083200000, 0x0000000083200000| Untracked 
|  51|0x0000000083300000, 0x0000000083300000, 0x0000000083400000|  0%| F|  |TAMS 0x0000000083300000, 0x0000000083300000| Untracked 
|  52|0x0000000083400000, 0x0000000083400000, 0x0000000083500000|  0%| F|  |TAMS 0x0000000083400000, 0x0000000083400000| Untracked 
|  53|0x0000000083500000, 0x0000000083500000, 0x0000000083600000|  0%| F|  |TAMS 0x0000000083500000, 0x0000000083500000| Untracked 
|  54|0x0000000083600000, 0x0000000083600000, 0x0000000083700000|  0%| F|  |TAMS 0x0000000083600000, 0x0000000083600000| Untracked 
|  55|0x0000000083700000, 0x0000000083700000, 0x0000000083800000|  0%| F|  |TAMS 0x0000000083700000, 0x0000000083700000| Untracked 
|  56|0x0000000083800000, 0x0000000083800000, 0x0000000083900000|  0%| F|  |TAMS 0x0000000083800000, 0x0000000083800000| Untracked 
|  57|0x0000000083900000, 0x0000000083900000, 0x0000000083a00000|  0%| F|  |TAMS 0x0000000083900000, 0x0000000083900000| Untracked 
|  58|0x0000000083a00000, 0x0000000083a00000, 0x0000000083b00000|  0%| F|  |TAMS 0x0000000083a00000, 0x0000000083a00000| Untracked 
|  59|0x0000000083b00000, 0x0000000083b00000, 0x0000000083c00000|  0%| F|  |TAMS 0x0000000083b00000, 0x0000000083b00000| Untracked 
|  60|0x0000000083c00000, 0x0000000083c00000, 0x0000000083d00000|  0%| F|  |TAMS 0x0000000083c00000, 0x0000000083c00000| Untracked 
|  61|0x0000000083d00000, 0x0000000083d00000, 0x0000000083e00000|  0%| F|  |TAMS 0x0000000083d00000, 0x0000000083d00000| Untracked 
|  62|0x0000000083e00000, 0x0000000083e00000, 0x0000000083f00000|  0%| F|  |TAMS 0x0000000083e00000, 0x0000000083e00000| Untracked 
|  63|0x0000000083f00000, 0x0000000083f00000, 0x0000000084000000|  0%| F|  |TAMS 0x0000000083f00000, 0x0000000083f00000| Untracked 
|  64|0x0000000084000000, 0x0000000084000000, 0x0000000084100000|  0%| F|  |TAMS 0x0000000084000000, 0x0000000084000000| Untracked 
|  65|0x0000000084100000, 0x0000000084100000, 0x0000000084200000|  0%| F|  |TAMS 0x0000000084100000, 0x0000000084100000| Untracked 
|  66|0x0000000084200000, 0x0000000084200000, 0x0000000084300000|  0%| F|  |TAMS 0x0000000084200000, 0x0000000084200000| Untracked 
|  67|0x0000000084300000, 0x0000000084300000, 0x0000000084400000|  0%| F|  |TAMS 0x0000000084300000, 0x0000000084300000| Untracked 
|  68|0x0000000084400000, 0x0000000084400000, 0x0000000084500000|  0%| F|  |TAMS 0x0000000084400000, 0x0000000084400000| Untracked 
|  69|0x0000000084500000, 0x0000000084500000, 0x0000000084600000|  0%| F|  |TAMS 0x0000000084500000, 0x0000000084500000| Untracked 
|  70|0x0000000084600000, 0x0000000084600000, 0x0000000084700000|  0%| F|  |TAMS 0x0000000084600000, 0x0000000084600000| Untracked 
|  71|0x0000000084700000, 0x0000000084700000, 0x0000000084800000|  0%| F|  |TAMS 0x0000000084700000, 0x0000000084700000| Untracked 
|  72|0x0000000084800000, 0x0000000084800000, 0x0000000084900000|  0%| F|  |TAMS 0x0000000084800000, 0x0000000084800000| Untracked 
|  73|0x0000000084900000, 0x0000000084900000, 0x0000000084a00000|  0%| F|  |TAMS 0x0000000084900000, 0x0000000084900000| Untracked 
|  74|0x0000000084a00000, 0x0000000084a00000, 0x0000000084b00000|  0%| F|  |TAMS 0x0000000084a00000, 0x0000000084a00000| Untracked 
|  75|0x0000000084b00000, 0x0000000084b00000, 0x0000000084c00000|  0%| F|  |TAMS 0x0000000084b00000, 0x0000000084b00000| Untracked 
|  76|0x0000000084c00000, 0x0000000084c00000, 0x0000000084d00000|  0%| F|  |TAMS 0x0000000084c00000, 0x0000000084c00000| Untracked 
|  77|0x0000000084d00000, 0x0000000084d00000, 0x0000000084e00000|  0%| F|  |TAMS 0x0000000084d00000, 0x0000000084d00000| Untracked 
|  78|0x0000000084e00000, 0x0000000084e00000, 0x0000000084f00000|  0%| F|  |TAMS 0x0000000084e00000, 0x0000000084e00000| Untracked 
|  79|0x0000000084f00000, 0x0000000084f00000, 0x0000000085000000|  0%| F|  |TAMS 0x0000000084f00000, 0x0000000084f00000| Untracked 
|  80|0x0000000085000000, 0x0000000085000000, 0x0000000085100000|  0%| F|  |TAMS 0x0000000085000000, 0x0000000085000000| Untracked 
|  81|0x0000000085100000, 0x0000000085100000, 0x0000000085200000|  0%| F|  |TAMS 0x0000000085100000, 0x0000000085100000| Untracked 
|  82|0x0000000085200000, 0x0000000085200000, 0x0000000085300000|  0%| F|  |TAMS 0x0000000085200000, 0x0000000085200000| Untracked 
|  83|0x0000000085300000, 0x0000000085300000, 0x0000000085400000|  0%| F|  |TAMS 0x0000000085300000, 0x0000000085300000| Untracked 
|  84|0x0000000085400000, 0x0000000085400000, 0x0000000085500000|  0%| F|  |TAMS 0x0000000085400000, 0x0000000085400000| Untracked 
|  85|0x0000000085500000, 0x0000000085500000, 0x0000000085600000|  0%| F|  |TAMS 0x0000000085500000, 0x0000000085500000| Untracked 
|  86|0x0000000085600000, 0x0000000085600000, 0x0000000085700000|  0%| F|  |TAMS 0x0000000085600000, 0x0000000085600000| Untracked 
|  87|0x0000000085700000, 0x0000000085700000, 0x0000000085800000|  0%| F|  |TAMS 0x0000000085700000, 0x0000000085700000| Untracked 
|  88|0x0000000085800000, 0x0000000085800000, 0x0000000085900000|  0%| F|  |TAMS 0x0000000085800000, 0x0000000085800000| Untracked 
|  89|0x0000000085900000, 0x0000000085900000, 0x0000000085a00000|  0%| F|  |TAMS 0x0000000085900000, 0x0000000085900000| Untracked 
|  90|0x0000000085a00000, 0x0000000085a00000, 0x0000000085b00000|  0%| F|  |TAMS 0x0000000085a00000, 0x0000000085a00000| Untracked 
|  91|0x0000000085b00000, 0x0000000085b00000, 0x0000000085c00000|  0%| F|  |TAMS 0x0000000085b00000, 0x0000000085b00000| Untracked 
|  92|0x0000000085c00000, 0x0000000085c00000, 0x0000000085d00000|  0%| F|  |TAMS 0x0000000085c00000, 0x0000000085c00000| Untracked 
|  93|0x0000000085d00000, 0x0000000085d00000, 0x0000000085e00000|  0%| F|  |TAMS 0x0000000085d00000, 0x0000000085d00000| Untracked 
|  94|0x0000000085e00000, 0x0000000085e00000, 0x0000000085f00000|  0%| F|  |TAMS 0x0000000085e00000, 0x0000000085e00000| Untracked 
|  95|0x0000000085f00000, 0x0000000085f00000, 0x0000000086000000|  0%| F|  |TAMS 0x0000000085f00000, 0x0000000085f00000| Untracked 
|  96|0x0000000086000000, 0x0000000086000000, 0x0000000086100000|  0%| F|  |TAMS 0x0000000086000000, 0x0000000086000000| Untracked 
|  97|0x0000000086100000, 0x0000000086100000, 0x0000000086200000|  0%| F|  |TAMS 0x0000000086100000, 0x0000000086100000| Untracked 
|  98|0x0000000086200000, 0x0000000086200000, 0x0000000086300000|  0%| F|  |TAMS 0x0000000086200000, 0x0000000086200000| Untracked 
|  99|0x0000000086300000, 0x0000000086300000, 0x0000000086400000|  0%| F|  |TAMS 0x0000000086300000, 0x0000000086300000| Untracked 
| 100|0x0000000086400000, 0x0000000086400000, 0x0000000086500000|  0%| F|  |TAMS 0x0000000086400000, 0x0000000086400000| Untracked 
| 101|0x0000000086500000, 0x0000000086500000, 0x0000000086600000|  0%| F|  |TAMS 0x0000000086500000, 0x0000000086500000| Untracked 
| 102|0x0000000086600000, 0x0000000086600000, 0x0000000086700000|  0%| F|  |TAMS 0x0000000086600000, 0x0000000086600000| Untracked 
| 103|0x0000000086700000, 0x0000000086700000, 0x0000000086800000|  0%| F|  |TAMS 0x0000000086700000, 0x0000000086700000| Untracked 
| 104|0x0000000086800000, 0x0000000086800000, 0x0000000086900000|  0%| F|  |TAMS 0x0000000086800000, 0x0000000086800000| Untracked 
| 105|0x0000000086900000, 0x0000000086900000, 0x0000000086a00000|  0%| F|  |TAMS 0x0000000086900000, 0x0000000086900000| Untracked 
| 106|0x0000000086a00000, 0x0000000086a00000, 0x0000000086b00000|  0%| F|  |TAMS 0x0000000086a00000, 0x0000000086a00000| Untracked 
| 107|0x0000000086b00000, 0x0000000086b00000, 0x0000000086c00000|  0%| F|  |TAMS 0x0000000086b00000, 0x0000000086b00000| Untracked 
| 108|0x0000000086c00000, 0x0000000086c00000, 0x0000000086d00000|  0%| F|  |TAMS 0x0000000086c00000, 0x0000000086c00000| Untracked 
| 109|0x0000000086d00000, 0x0000000086d00000, 0x0000000086e00000|  0%| F|  |TAMS 0x0000000086d00000, 0x0000000086d00000| Untracked 
| 110|0x0000000086e00000, 0x0000000086e00000, 0x0000000086f00000|  0%| F|  |TAMS 0x0000000086e00000, 0x0000000086e00000| Untracked 
| 111|0x0000000086f00000, 0x0000000086f00000, 0x0000000087000000|  0%| F|  |TAMS 0x0000000086f00000, 0x0000000086f00000| Untracked 
| 112|0x0000000087000000, 0x0000000087000000, 0x0000000087100000|  0%| F|  |TAMS 0x0000000087000000, 0x0000000087000000| Untracked 
| 113|0x0000000087100000, 0x0000000087100000, 0x0000000087200000|  0%| F|  |TAMS 0x0000000087100000, 0x0000000087100000| Untracked 
| 114|0x0000000087200000, 0x0000000087200000, 0x0000000087300000|  0%| F|  |TAMS 0x0000000087200000, 0x0000000087200000| Untracked 
| 115|0x0000000087300000, 0x0000000087300000, 0x0000000087400000|  0%| F|  |TAMS 0x0000000087300000, 0x0000000087300000| Untracked 
| 116|0x0000000087400000, 0x0000000087400000, 0x0000000087500000|  0%| F|  |TAMS 0x0000000087400000, 0x0000000087400000| Untracked 
| 117|0x0000000087500000, 0x0000000087500000, 0x0000000087600000|  0%| F|  |TAMS 0x0000000087500000, 0x0000000087500000| Untracked 
| 118|0x0000000087600000, 0x0000000087600000, 0x0000000087700000|  0%| F|  |TAMS 0x0000000087600000, 0x0000000087600000| Untracked 
| 119|0x0000000087700000, 0x0000000087700000, 0x0000000087800000|  0%| F|  |TAMS 0x0000000087700000, 0x0000000087700000| Untracked 
| 120|0x0000000087800000, 0x0000000087800000, 0x0000000087900000|  0%| F|  |TAMS 0x0000000087800000, 0x0000000087800000| Untracked 
| 121|0x0000000087900000, 0x0000000087900000, 0x0000000087a00000|  0%| F|  |TAMS 0x0000000087900000, 0x0000000087900000| Untracked 
| 122|0x0000000087a00000, 0x0000000087a00000, 0x0000000087b00000|  0%| F|  |TAMS 0x0000000087a00000, 0x0000000087a00000| Untracked 
| 123|0x0000000087b00000, 0x0000000087b00000, 0x0000000087c00000|  0%| F|  |TAMS 0x0000000087b00000, 0x0000000087b00000| Untracked 
| 124|0x0000000087c00000, 0x0000000087c00000, 0x0000000087d00000|  0%| F|  |TAMS 0x0000000087c00000, 0x0000000087c00000| Untracked 
| 125|0x0000000087d00000, 0x0000000087d00000, 0x0000000087e00000|  0%| F|  |TAMS 0x0000000087d00000, 0x0000000087d00000| Untracked 
| 126|0x0000000087e00000, 0x0000000087e00000, 0x0000000087f00000|  0%| F|  |TAMS 0x0000000087e00000, 0x0000000087e00000| Untracked 
| 127|0x0000000087f00000, 0x0000000087f00000, 0x0000000088000000|  0%| F|  |TAMS 0x0000000087f00000, 0x0000000087f00000| Untracked 
| 128|0x0000000088000000, 0x0000000088000000, 0x0000000088100000|  0%| F|  |TAMS 0x0000000088000000, 0x0000000088000000| Untracked 
| 129|0x0000000088100000, 0x0000000088100000, 0x0000000088200000|  0%| F|  |TAMS 0x0000000088100000, 0x0000000088100000| Untracked 
| 130|0x0000000088200000, 0x0000000088200000, 0x0000000088300000|  0%| F|  |TAMS 0x0000000088200000, 0x0000000088200000| Untracked 
| 131|0x0000000088300000, 0x0000000088300000, 0x0000000088400000|  0%| F|  |TAMS 0x0000000088300000, 0x0000000088300000| Untracked 
| 132|0x0000000088400000, 0x0000000088400000, 0x0000000088500000|  0%| F|  |TAMS 0x0000000088400000, 0x0000000088400000| Untracked 
| 133|0x0000000088500000, 0x0000000088500000, 0x0000000088600000|  0%| F|  |TAMS 0x0000000088500000, 0x0000000088500000| Untracked 
| 134|0x0000000088600000, 0x0000000088600000, 0x0000000088700000|  0%| F|  |TAMS 0x0000000088600000, 0x0000000088600000| Untracked 
| 135|0x0000000088700000, 0x0000000088700000, 0x0000000088800000|  0%| F|  |TAMS 0x0000000088700000, 0x0000000088700000| Untracked 
| 136|0x0000000088800000, 0x0000000088800000, 0x0000000088900000|  0%| F|  |TAMS 0x0000000088800000, 0x0000000088800000| Untracked 
| 137|0x0000000088900000, 0x0000000088900000, 0x0000000088a00000|  0%| F|  |TAMS 0x0000000088900000, 0x0000000088900000| Untracked 
| 138|0x0000000088a00000, 0x0000000088a00000, 0x0000000088b00000|  0%| F|  |TAMS 0x0000000088a00000, 0x0000000088a00000| Untracked 
| 139|0x0000000088b00000, 0x0000000088b00000, 0x0000000088c00000|  0%| F|  |TAMS 0x0000000088b00000, 0x0000000088b00000| Untracked 
| 140|0x0000000088c00000, 0x0000000088c00000, 0x0000000088d00000|  0%| F|  |TAMS 0x0000000088c00000, 0x0000000088c00000| Untracked 
| 141|0x0000000088d00000, 0x0000000088d00000, 0x0000000088e00000|  0%| F|  |TAMS 0x0000000088d00000, 0x0000000088d00000| Untracked 
| 142|0x0000000088e00000, 0x0000000088e00000, 0x0000000088f00000|  0%| F|  |TAMS 0x0000000088e00000, 0x0000000088e00000| Untracked 
| 143|0x0000000088f00000, 0x0000000088f00000, 0x0000000089000000|  0%| F|  |TAMS 0x0000000088f00000, 0x0000000088f00000| Untracked 
| 144|0x0000000089000000, 0x0000000089000000, 0x0000000089100000|  0%| F|  |TAMS 0x0000000089000000, 0x0000000089000000| Untracked 
| 145|0x0000000089100000, 0x0000000089100000, 0x0000000089200000|  0%| F|  |TAMS 0x0000000089100000, 0x0000000089100000| Untracked 
| 146|0x0000000089200000, 0x0000000089200000, 0x0000000089300000|  0%| F|  |TAMS 0x0000000089200000, 0x0000000089200000| Untracked 
| 147|0x0000000089300000, 0x0000000089300000, 0x0000000089400000|  0%| F|  |TAMS 0x0000000089300000, 0x0000000089300000| Untracked 
| 148|0x0000000089400000, 0x0000000089400000, 0x0000000089500000|  0%| F|  |TAMS 0x0000000089400000, 0x0000000089400000| Untracked 
| 149|0x0000000089500000, 0x0000000089500000, 0x0000000089600000|  0%| F|  |TAMS 0x0000000089500000, 0x0000000089500000| Untracked 
| 150|0x0000000089600000, 0x0000000089600000, 0x0000000089700000|  0%| F|  |TAMS 0x0000000089600000, 0x0000000089600000| Untracked 
| 151|0x0000000089700000, 0x0000000089700000, 0x0000000089800000|  0%| F|  |TAMS 0x0000000089700000, 0x0000000089700000| Untracked 
| 152|0x0000000089800000, 0x0000000089800000, 0x0000000089900000|  0%| F|  |TAMS 0x0000000089800000, 0x0000000089800000| Untracked 
| 153|0x0000000089900000, 0x0000000089900000, 0x0000000089a00000|  0%| F|  |TAMS 0x0000000089900000, 0x0000000089900000| Untracked 
| 154|0x0000000089a00000, 0x0000000089a00000, 0x0000000089b00000|  0%| F|  |TAMS 0x0000000089a00000, 0x0000000089a00000| Untracked 
| 155|0x0000000089b00000, 0x0000000089b48820, 0x0000000089c00000| 28%| S|CS|TAMS 0x0000000089b00000, 0x0000000089b00000| Complete 
| 156|0x0000000089c00000, 0x0000000089d00000, 0x0000000089d00000|100%| S|CS|TAMS 0x0000000089c00000, 0x0000000089c00000| Complete 
| 157|0x0000000089d00000, 0x0000000089e00000, 0x0000000089e00000|100%| S|CS|TAMS 0x0000000089d00000, 0x0000000089d00000| Complete 
| 158|0x0000000089e00000, 0x0000000089f00000, 0x0000000089f00000|100%| S|CS|TAMS 0x0000000089e00000, 0x0000000089e00000| Complete 
| 159|0x0000000089f00000, 0x000000008a000000, 0x000000008a000000|100%| S|CS|TAMS 0x0000000089f00000, 0x0000000089f00000| Complete 
| 160|0x000000008a000000, 0x000000008a100000, 0x000000008a100000|100%| S|CS|TAMS 0x000000008a000000, 0x000000008a000000| Complete 
| 161|0x000000008a100000, 0x000000008a200000, 0x000000008a200000|100%| S|CS|TAMS 0x000000008a100000, 0x000000008a100000| Complete 
| 162|0x000000008a200000, 0x000000008a300000, 0x000000008a300000|100%| S|CS|TAMS 0x000000008a200000, 0x000000008a200000| Complete 
| 163|0x000000008a300000, 0x000000008a400000, 0x000000008a400000|100%| S|CS|TAMS 0x000000008a300000, 0x000000008a300000| Complete 
| 164|0x000000008a400000, 0x000000008a400000, 0x000000008a500000|  0%| F|  |TAMS 0x000000008a400000, 0x000000008a400000| Untracked 
| 165|0x000000008a500000, 0x000000008a500000, 0x000000008a600000|  0%| F|  |TAMS 0x000000008a500000, 0x000000008a500000| Untracked 
| 166|0x000000008a600000, 0x000000008a600000, 0x000000008a700000|  0%| F|  |TAMS 0x000000008a600000, 0x000000008a600000| Untracked 
| 167|0x000000008a700000, 0x000000008a700000, 0x000000008a800000|  0%| F|  |TAMS 0x000000008a700000, 0x000000008a700000| Untracked 
| 168|0x000000008a800000, 0x000000008a800000, 0x000000008a900000|  0%| F|  |TAMS 0x000000008a800000, 0x000000008a800000| Untracked 
| 169|0x000000008a900000, 0x000000008a900000, 0x000000008aa00000|  0%| F|  |TAMS 0x000000008a900000, 0x000000008a900000| Untracked 
| 170|0x000000008aa00000, 0x000000008aa00000, 0x000000008ab00000|  0%| F|  |TAMS 0x000000008aa00000, 0x000000008aa00000| Untracked 
| 171|0x000000008ab00000, 0x000000008ab00000, 0x000000008ac00000|  0%| F|  |TAMS 0x000000008ab00000, 0x000000008ab00000| Untracked 
| 172|0x000000008ac00000, 0x000000008ac00000, 0x000000008ad00000|  0%| F|  |TAMS 0x000000008ac00000, 0x000000008ac00000| Untracked 
| 173|0x000000008ad00000, 0x000000008ad00000, 0x000000008ae00000|  0%| F|  |TAMS 0x000000008ad00000, 0x000000008ad00000| Untracked 
| 174|0x000000008ae00000, 0x000000008ae00000, 0x000000008af00000|  0%| F|  |TAMS 0x000000008ae00000, 0x000000008ae00000| Untracked 
| 175|0x000000008af00000, 0x000000008af00000, 0x000000008b000000|  0%| F|  |TAMS 0x000000008af00000, 0x000000008af00000| Untracked 
| 176|0x000000008b000000, 0x000000008b000000, 0x000000008b100000|  0%| F|  |TAMS 0x000000008b000000, 0x000000008b000000| Untracked 
| 177|0x000000008b100000, 0x000000008b100000, 0x000000008b200000|  0%| F|  |TAMS 0x000000008b100000, 0x000000008b100000| Untracked 
| 178|0x000000008b200000, 0x000000008b200000, 0x000000008b300000|  0%| F|  |TAMS 0x000000008b200000, 0x000000008b200000| Untracked 
| 179|0x000000008b300000, 0x000000008b300000, 0x000000008b400000|  0%| F|  |TAMS 0x000000008b300000, 0x000000008b300000| Untracked 
| 180|0x000000008b400000, 0x000000008b400000, 0x000000008b500000|  0%| F|  |TAMS 0x000000008b400000, 0x000000008b400000| Untracked 
| 181|0x000000008b500000, 0x000000008b500000, 0x000000008b600000|  0%| F|  |TAMS 0x000000008b500000, 0x000000008b500000| Untracked 
| 182|0x000000008b600000, 0x000000008b600000, 0x000000008b700000|  0%| F|  |TAMS 0x000000008b600000, 0x000000008b600000| Untracked 
| 183|0x000000008b700000, 0x000000008b700000, 0x000000008b800000|  0%| F|  |TAMS 0x000000008b700000, 0x000000008b700000| Untracked 
| 184|0x000000008b800000, 0x000000008b800000, 0x000000008b900000|  0%| F|  |TAMS 0x000000008b800000, 0x000000008b800000| Untracked 
| 185|0x000000008b900000, 0x000000008b900000, 0x000000008ba00000|  0%| F|  |TAMS 0x000000008b900000, 0x000000008b900000| Untracked 
| 186|0x000000008ba00000, 0x000000008ba00000, 0x000000008bb00000|  0%| F|  |TAMS 0x000000008ba00000, 0x000000008ba00000| Untracked 
| 187|0x000000008bb00000, 0x000000008bb00000, 0x000000008bc00000|  0%| F|  |TAMS 0x000000008bb00000, 0x000000008bb00000| Untracked 
| 188|0x000000008bc00000, 0x000000008bc00000, 0x000000008bd00000|  0%| F|  |TAMS 0x000000008bc00000, 0x000000008bc00000| Untracked 
| 189|0x000000008bd00000, 0x000000008bd00000, 0x000000008be00000|  0%| F|  |TAMS 0x000000008bd00000, 0x000000008bd00000| Untracked 
| 190|0x000000008be00000, 0x000000008be00000, 0x000000008bf00000|  0%| F|  |TAMS 0x000000008be00000, 0x000000008be00000| Untracked 
| 191|0x000000008bf00000, 0x000000008bf00000, 0x000000008c000000|  0%| F|  |TAMS 0x000000008bf00000, 0x000000008bf00000| Untracked 
| 192|0x000000008c000000, 0x000000008c000000, 0x000000008c100000|  0%| F|  |TAMS 0x000000008c000000, 0x000000008c000000| Untracked 
| 193|0x000000008c100000, 0x000000008c100000, 0x000000008c200000|  0%| F|  |TAMS 0x000000008c100000, 0x000000008c100000| Untracked 
| 194|0x000000008c200000, 0x000000008c200000, 0x000000008c300000|  0%| F|  |TAMS 0x000000008c200000, 0x000000008c200000| Untracked 
| 195|0x000000008c300000, 0x000000008c300000, 0x000000008c400000|  0%| F|  |TAMS 0x000000008c300000, 0x000000008c300000| Untracked 
| 196|0x000000008c400000, 0x000000008c400000, 0x000000008c500000|  0%| F|  |TAMS 0x000000008c400000, 0x000000008c400000| Untracked 
| 197|0x000000008c500000, 0x000000008c500000, 0x000000008c600000|  0%| F|  |TAMS 0x000000008c500000, 0x000000008c500000| Untracked 
| 198|0x000000008c600000, 0x000000008c600000, 0x000000008c700000|  0%| F|  |TAMS 0x000000008c600000, 0x000000008c600000| Untracked 
| 199|0x000000008c700000, 0x000000008c700000, 0x000000008c800000|  0%| F|  |TAMS 0x000000008c700000, 0x000000008c700000| Untracked 
| 200|0x000000008c800000, 0x000000008c800000, 0x000000008c900000|  0%| F|  |TAMS 0x000000008c800000, 0x000000008c800000| Untracked 
| 201|0x000000008c900000, 0x000000008c900000, 0x000000008ca00000|  0%| F|  |TAMS 0x000000008c900000, 0x000000008c900000| Untracked 
| 202|0x000000008ca00000, 0x000000008ca00000, 0x000000008cb00000|  0%| F|  |TAMS 0x000000008ca00000, 0x000000008ca00000| Untracked 
| 203|0x000000008cb00000, 0x000000008cb00000, 0x000000008cc00000|  0%| F|  |TAMS 0x000000008cb00000, 0x000000008cb00000| Untracked 
| 204|0x000000008cc00000, 0x000000008cc00000, 0x000000008cd00000|  0%| F|  |TAMS 0x000000008cc00000, 0x000000008cc00000| Untracked 
| 205|0x000000008cd00000, 0x000000008cd00000, 0x000000008ce00000|  0%| F|  |TAMS 0x000000008cd00000, 0x000000008cd00000| Untracked 
| 206|0x000000008ce00000, 0x000000008ce00000, 0x000000008cf00000|  0%| F|  |TAMS 0x000000008ce00000, 0x000000008ce00000| Untracked 
| 207|0x000000008cf00000, 0x000000008cf00000, 0x000000008d000000|  0%| F|  |TAMS 0x000000008cf00000, 0x000000008cf00000| Untracked 
| 208|0x000000008d000000, 0x000000008d000000, 0x000000008d100000|  0%| F|  |TAMS 0x000000008d000000, 0x000000008d000000| Untracked 
| 209|0x000000008d100000, 0x000000008d100000, 0x000000008d200000|  0%| F|  |TAMS 0x000000008d100000, 0x000000008d100000| Untracked 
| 210|0x000000008d200000, 0x000000008d200000, 0x000000008d300000|  0%| F|  |TAMS 0x000000008d200000, 0x000000008d200000| Untracked 
| 211|0x000000008d300000, 0x000000008d300000, 0x000000008d400000|  0%| F|  |TAMS 0x000000008d300000, 0x000000008d300000| Untracked 
| 212|0x000000008d400000, 0x000000008d400000, 0x000000008d500000|  0%| F|  |TAMS 0x000000008d400000, 0x000000008d400000| Untracked 
| 213|0x000000008d500000, 0x000000008d500000, 0x000000008d600000|  0%| F|  |TAMS 0x000000008d500000, 0x000000008d500000| Untracked 
| 214|0x000000008d600000, 0x000000008d600000, 0x000000008d700000|  0%| F|  |TAMS 0x000000008d600000, 0x000000008d600000| Untracked 
| 215|0x000000008d700000, 0x000000008d700000, 0x000000008d800000|  0%| F|  |TAMS 0x000000008d700000, 0x000000008d700000| Untracked 
| 216|0x000000008d800000, 0x000000008d800000, 0x000000008d900000|  0%| F|  |TAMS 0x000000008d800000, 0x000000008d800000| Untracked 
| 217|0x000000008d900000, 0x000000008d900000, 0x000000008da00000|  0%| F|  |TAMS 0x000000008d900000, 0x000000008d900000| Untracked 
| 218|0x000000008da00000, 0x000000008da00000, 0x000000008db00000|  0%| F|  |TAMS 0x000000008da00000, 0x000000008da00000| Untracked 
| 219|0x000000008db00000, 0x000000008db00000, 0x000000008dc00000|  0%| F|  |TAMS 0x000000008db00000, 0x000000008db00000| Untracked 
| 220|0x000000008dc00000, 0x000000008dc00000, 0x000000008dd00000|  0%| F|  |TAMS 0x000000008dc00000, 0x000000008dc00000| Untracked 
| 221|0x000000008dd00000, 0x000000008dd00000, 0x000000008de00000|  0%| F|  |TAMS 0x000000008dd00000, 0x000000008dd00000| Untracked 
| 222|0x000000008de00000, 0x000000008de00000, 0x000000008df00000|  0%| F|  |TAMS 0x000000008de00000, 0x000000008de00000| Untracked 
| 223|0x000000008df00000, 0x000000008df00000, 0x000000008e000000|  0%| F|  |TAMS 0x000000008df00000, 0x000000008df00000| Untracked 
| 224|0x000000008e000000, 0x000000008e000000, 0x000000008e100000|  0%| F|  |TAMS 0x000000008e000000, 0x000000008e000000| Untracked 
| 225|0x000000008e100000, 0x000000008e100000, 0x000000008e200000|  0%| F|  |TAMS 0x000000008e100000, 0x000000008e100000| Untracked 
| 226|0x000000008e200000, 0x000000008e200000, 0x000000008e300000|  0%| F|  |TAMS 0x000000008e200000, 0x000000008e200000| Untracked 
| 227|0x000000008e300000, 0x000000008e300000, 0x000000008e400000|  0%| F|  |TAMS 0x000000008e300000, 0x000000008e300000| Untracked 
| 228|0x000000008e400000, 0x000000008e400000, 0x000000008e500000|  0%| F|  |TAMS 0x000000008e400000, 0x000000008e400000| Untracked 
| 229|0x000000008e500000, 0x000000008e500000, 0x000000008e600000|  0%| F|  |TAMS 0x000000008e500000, 0x000000008e500000| Untracked 
| 230|0x000000008e600000, 0x000000008e600000, 0x000000008e700000|  0%| F|  |TAMS 0x000000008e600000, 0x000000008e600000| Untracked 
| 231|0x000000008e700000, 0x000000008e700000, 0x000000008e800000|  0%| F|  |TAMS 0x000000008e700000, 0x000000008e700000| Untracked 
| 232|0x000000008e800000, 0x000000008e800000, 0x000000008e900000|  0%| F|  |TAMS 0x000000008e800000, 0x000000008e800000| Untracked 
| 233|0x000000008e900000, 0x000000008e900000, 0x000000008ea00000|  0%| F|  |TAMS 0x000000008e900000, 0x000000008e900000| Untracked 
| 234|0x000000008ea00000, 0x000000008ea00000, 0x000000008eb00000|  0%| F|  |TAMS 0x000000008ea00000, 0x000000008ea00000| Untracked 
| 235|0x000000008eb00000, 0x000000008eb00000, 0x000000008ec00000|  0%| F|  |TAMS 0x000000008eb00000, 0x000000008eb00000| Untracked 
| 236|0x000000008ec00000, 0x000000008ec00000, 0x000000008ed00000|  0%| F|  |TAMS 0x000000008ec00000, 0x000000008ec00000| Untracked 
| 237|0x000000008ed00000, 0x000000008ed00000, 0x000000008ee00000|  0%| F|  |TAMS 0x000000008ed00000, 0x000000008ed00000| Untracked 
| 238|0x000000008ee00000, 0x000000008ee00000, 0x000000008ef00000|  0%| F|  |TAMS 0x000000008ee00000, 0x000000008ee00000| Untracked 
| 239|0x000000008ef00000, 0x000000008ef00000, 0x000000008f000000|  0%| F|  |TAMS 0x000000008ef00000, 0x000000008ef00000| Untracked 
| 240|0x000000008f000000, 0x000000008f000000, 0x000000008f100000|  0%| F|  |TAMS 0x000000008f000000, 0x000000008f000000| Untracked 
| 241|0x000000008f100000, 0x000000008f100000, 0x000000008f200000|  0%| F|  |TAMS 0x000000008f100000, 0x000000008f100000| Untracked 
| 242|0x000000008f200000, 0x000000008f200000, 0x000000008f300000|  0%| F|  |TAMS 0x000000008f200000, 0x000000008f200000| Untracked 
| 243|0x000000008f300000, 0x000000008f300000, 0x000000008f400000|  0%| F|  |TAMS 0x000000008f300000, 0x000000008f300000| Untracked 
| 244|0x000000008f400000, 0x000000008f400000, 0x000000008f500000|  0%| F|  |TAMS 0x000000008f400000, 0x000000008f400000| Untracked 
| 245|0x000000008f500000, 0x000000008f500000, 0x000000008f600000|  0%| F|  |TAMS 0x000000008f500000, 0x000000008f500000| Untracked 
| 246|0x000000008f600000, 0x000000008f600000, 0x000000008f700000|  0%| F|  |TAMS 0x000000008f600000, 0x000000008f600000| Untracked 
| 247|0x000000008f700000, 0x000000008f700000, 0x000000008f800000|  0%| F|  |TAMS 0x000000008f700000, 0x000000008f700000| Untracked 
| 248|0x000000008f800000, 0x000000008f800000, 0x000000008f900000|  0%| F|  |TAMS 0x000000008f800000, 0x000000008f800000| Untracked 
| 249|0x000000008f900000, 0x000000008f900000, 0x000000008fa00000|  0%| F|  |TAMS 0x000000008f900000, 0x000000008f900000| Untracked 
| 250|0x000000008fa00000, 0x000000008fa00000, 0x000000008fb00000|  0%| F|  |TAMS 0x000000008fa00000, 0x000000008fa00000| Untracked 
| 251|0x000000008fb00000, 0x000000008fb80ce0, 0x000000008fc00000| 50%| E|  |TAMS 0x000000008fb00000, 0x000000008fb00000| Complete 
| 252|0x000000008fc00000, 0x000000008fd00000, 0x000000008fd00000|100%| E|CS|TAMS 0x000000008fc00000, 0x000000008fc00000| Complete 
| 253|0x000000008fd00000, 0x000000008fe00000, 0x000000008fe00000|100%| E|CS|TAMS 0x000000008fd00000, 0x000000008fd00000| Complete 

Card table byte_map: [0x000001b65b1a0000,0x000001b65b5a0000] _byte_map_base: 0x000001b65ada0000

Marking Bits (Prev, Next): (CMBitMap*) 0x000001b647da2108, (CMBitMap*) 0x000001b647da2140
 Prev Bits: [0x000001b65b9a0000, 0x000001b65d9a0000)
 Next Bits: [0x000001b65d9a0000, 0x000001b65f9a0000)

Polling page: 0x000001b647540000

Metaspace:

Usage:
  Non-class:     56.93 MB capacity,    55.88 MB ( 98%) used,   913.02 KB (  2%) free+waste,   162.19 KB ( <1%) overhead. 
      Class:      8.78 MB capacity,     8.22 MB ( 94%) used,   498.12 KB (  6%) free+waste,    75.94 KB ( <1%) overhead. 
       Both:     65.71 MB capacity,    64.10 MB ( 98%) used,     1.38 MB (  2%) free+waste,   238.13 KB ( <1%) overhead. 

Virtual space:
  Non-class space:       60.00 MB reserved,      57.25 MB ( 95%) committed 
      Class space:        1.00 GB reserved,       8.95 MB ( <1%) committed 
             Both:        1.06 GB reserved,      66.20 MB (  6%) committed 

Chunk freelists:
   Non-Class:  139.00 KB
       Class:  64.00 KB
        Both:  203.00 KB

MaxMetaspaceSize: 17179869184.00 GB
CompressedClassSpaceSize: 1.00 GB

CodeHeap 'non-profiled nmethods': size=120000Kb used=3944Kb max_used=3944Kb free=116055Kb
 bounds [0x000001b653320000, 0x000001b653700000, 0x000001b65a850000]
CodeHeap 'profiled nmethods': size=120000Kb used=13203Kb max_used=13203Kb free=106796Kb
 bounds [0x000001b64bdf0000, 0x000001b64cae0000, 0x000001b653320000]
CodeHeap 'non-nmethods': size=5760Kb used=2262Kb max_used=2304Kb free=3497Kb
 bounds [0x000001b64b850000, 0x000001b64bac0000, 0x000001b64bdf0000]
 total_blobs=7129 nmethods=6274 adapters=766
 compilation: enabled
              stopped_count=0, restarted_count=0
 full_count=0

Compilation events (20 events):
Event: 8.352 Thread 0x000001b662ef2800 6293       3       org.gradle.api.internal.provider.ValueSanitizers::forType (29 bytes)
Event: 8.352 Thread 0x000001b662ef2800 nmethod 6293 0x000001b64cacb990 code [0x000001b64cacbb60, 0x000001b64cacbe98]
Event: 8.352 Thread 0x000001b662ef2800 6294       3       org.gradle.api.internal.provider.AbstractProperty::<init> (17 bytes)
Event: 8.352 Thread 0x000001b662ef2800 nmethod 6294 0x000001b64cacbf90 code [0x000001b64cacc180, 0x000001b64cacc5b8]
Event: 8.353 Thread 0x000001b662ef2800 6295       3       org.gradle.internal.operations.DefaultBuildOperationRunner::execute (140 bytes)
Event: 8.354 Thread 0x000001b662ef2800 nmethod 6295 0x000001b64cacc790 code [0x000001b64caccaa0, 0x000001b64cacde08]
Event: 8.359 Thread 0x000001b662ef2800 6296       3       org.gradle.api.internal.tasks.DefaultTaskContainer_Decorated::getEventRegister (39 bytes)
Event: 8.359 Thread 0x000001b662ef2800 nmethod 6296 0x000001b64cace690 code [0x000001b64cace8c0, 0x000001b64cacf048]
Event: 8.363 Thread 0x000001b662ef2800 6297       3       org.gradle.api.internal.provider.DefaultProperty::<init> (26 bytes)
Event: 8.363 Thread 0x000001b665422000 6301       4       com.google.common.collect.ObjectArrays::checkElementNotNull (33 bytes)
Event: 8.364 Thread 0x000001b662ef2800 nmethod 6297 0x000001b64cacf290 code [0x000001b64cacf4e0, 0x000001b64cad00a8]
Event: 8.364 Thread 0x000001b662ef2800 6298       3       org.gradle.api.internal.provider.AbstractProperty::init (14 bytes)
Event: 8.364 Thread 0x000001b665422000 nmethod 6301 0x000001b6536f8a90 code [0x000001b6536f8c20, 0x000001b6536f8c78]
Event: 8.364 Thread 0x000001b662ef2800 nmethod 6298 0x000001b64cad0410 code [0x000001b64cad05e0, 0x000001b64cad0808]
Event: 8.364 Thread 0x000001b662ef2800 6300       3       org.gradle.api.internal.provider.AbstractProperty::init (7 bytes)
Event: 8.364 Thread 0x000001b662ef2800 nmethod 6300 0x000001b64cad0910 code [0x000001b64cad0ae0, 0x000001b64cad0dc8]
Event: 8.364 Thread 0x000001b662ef2800 6299       3       org.gradle.api.internal.provider.Providers::notDefined (10 bytes)
Event: 8.364 Thread 0x000001b662ef2800 nmethod 6299 0x000001b64cad0f10 code [0x000001b64cad10c0, 0x000001b64cad11f8]
Event: 8.367 Thread 0x000001b666514800 6302   !   4       java.lang.invoke.MemberName::getMethodType (203 bytes)
Event: 8.372 Thread 0x000001b666514800 nmethod 6302 0x000001b6536f8d10 code [0x000001b6536f8f00, 0x000001b6536f9568]

GC Heap History (15 events):
Event: 0.605 GC heap before
{Heap before GC invocations=0 (full 0):
 garbage-first heap   total 260096K, used 29696K [0x0000000080000000, 0x0000000100000000)
  region size 1024K, 24 young (24576K), 0 survivors (0K)
 Metaspace       used 9794K, capacity 9986K, committed 10112K, reserved 1058816K
  class space    used 1022K, capacity 1102K, committed 1152K, reserved 1048576K
}
Event: 0.608 GC heap after
{Heap after GC invocations=1 (full 0):
 garbage-first heap   total 260096K, used 8978K [0x0000000080000000, 0x0000000100000000)
  region size 1024K, 3 young (3072K), 3 survivors (3072K)
 Metaspace       used 9794K, capacity 9986K, committed 10112K, reserved 1058816K
  class space    used 1022K, capacity 1102K, committed 1152K, reserved 1048576K
}
Event: 2.457 GC heap before
{Heap before GC invocations=1 (full 0):
 garbage-first heap   total 260096K, used 104210K [0x0000000080000000, 0x0000000100000000)
  region size 1024K, 97 young (99328K), 3 survivors (3072K)
 Metaspace       used 20597K, capacity 21137K, committed 21248K, reserved 1067008K
  class space    used 2526K, capacity 2727K, committed 2816K, reserved 1048576K
}
Event: 2.464 GC heap after
{Heap after GC invocations=2 (full 0):
 garbage-first heap   total 260096K, used 16901K [0x0000000080000000, 0x0000000100000000)
  region size 1024K, 11 young (11264K), 11 survivors (11264K)
 Metaspace       used 20597K, capacity 21137K, committed 21248K, reserved 1067008K
  class space    used 2526K, capacity 2727K, committed 2816K, reserved 1048576K
}
Event: 2.713 GC heap before
{Heap before GC invocations=3 (full 0):
 garbage-first heap   total 260096K, used 45573K [0x0000000080000000, 0x0000000100000000)
  region size 1024K, 39 young (39936K), 11 survivors (11264K)
 Metaspace       used 23366K, capacity 23921K, committed 23936K, reserved 1071104K
  class space    used 2983K, capacity 3190K, committed 3200K, reserved 1048576K
}
Event: 2.719 GC heap after
{Heap after GC invocations=4 (full 0):
 garbage-first heap   total 260096K, used 17492K [0x0000000080000000, 0x0000000100000000)
  region size 1024K, 2 young (2048K), 2 survivors (2048K)
 Metaspace       used 23366K, capacity 23921K, committed 23936K, reserved 1071104K
  class space    used 2983K, capacity 3190K, committed 3200K, reserved 1048576K
}
Event: 3.678 GC heap before
{Heap before GC invocations=4 (full 0):
 garbage-first heap   total 260096K, used 99412K [0x0000000080000000, 0x0000000100000000)
  region size 1024K, 83 young (84992K), 2 survivors (2048K)
 Metaspace       used 35021K, capacity 35830K, committed 35840K, reserved 1081344K
  class space    used 4542K, capacity 4864K, committed 4864K, reserved 1048576K
}
Event: 3.687 GC heap after
{Heap after GC invocations=5 (full 0):
 garbage-first heap   total 260096K, used 21799K [0x0000000080000000, 0x0000000100000000)
  region size 1024K, 6 young (6144K), 6 survivors (6144K)
 Metaspace       used 35021K, capacity 35830K, committed 35840K, reserved 1081344K
  class space    used 4542K, capacity 4864K, committed 4864K, reserved 1048576K
}
Event: 4.715 GC heap before
{Heap before GC invocations=6 (full 0):
 garbage-first heap   total 260096K, used 133415K [0x0000000080000000, 0x0000000100000000)
  region size 1024K, 112 young (114688K), 6 survivors (6144K)
 Metaspace       used 43797K, capacity 44873K, committed 45004K, reserved 1087488K
  class space    used 5619K, capacity 5971K, committed 6092K, reserved 1048576K
}
Event: 4.723 GC heap after
{Heap after GC invocations=7 (full 0):
 garbage-first heap   total 260096K, used 28380K [0x0000000080000000, 0x0000000100000000)
  region size 1024K, 12 young (12288K), 12 survivors (12288K)
 Metaspace       used 43797K, capacity 44873K, committed 45004K, reserved 1087488K
  class space    used 5619K, capacity 5971K, committed 6092K, reserved 1048576K
}
Event: 6.896 GC heap before
{Heap before GC invocations=7 (full 0):
 garbage-first heap   total 260096K, used 174812K [0x0000000080000000, 0x0000000100000000)
  region size 1024K, 152 young (155648K), 12 survivors (12288K)
 Metaspace       used 57998K, capacity 59652K, committed 59724K, reserved 1101824K
  class space    used 7395K, capacity 7976K, committed 8012K, reserved 1048576K
}
Event: 6.913 GC heap after
{Heap after GC invocations=8 (full 0):
 garbage-first heap   total 260096K, used 42943K [0x0000000080000000, 0x0000000100000000)
  region size 1024K, 17 young (17408K), 17 survivors (17408K)
 Metaspace       used 57998K, capacity 59652K, committed 59724K, reserved 1101824K
  class space    used 7395K, capacity 7976K, committed 8012K, reserved 1048576K
}
Event: 6.947 GC heap before
{Heap before GC invocations=8 (full 0):
 garbage-first heap   total 260096K, used 43967K [0x0000000080000000, 0x0000000100000000)
  region size 1024K, 19 young (19456K), 17 survivors (17408K)
 Metaspace       used 58367K, capacity 59975K, committed 60236K, reserved 1101824K
  class space    used 7420K, capacity 7977K, committed 8012K, reserved 1048576K
}
Event: 6.967 GC heap after
{Heap after GC invocations=9 (full 0):
 garbage-first heap   total 260096K, used 44832K [0x0000000080000000, 0x0000000100000000)
  region size 1024K, 2 young (2048K), 2 survivors (2048K)
 Metaspace       used 58367K, capacity 59975K, committed 60236K, reserved 1101824K
  class space    used 7420K, capacity 7977K, committed 8012K, reserved 1048576K
}
Event: 8.373 GC heap before
{Heap before GC invocations=10 (full 0):
 garbage-first heap   total 260096K, used 133920K [0x0000000080000000, 0x0000000100000000)
  region size 1024K, 90 young (92160K), 2 survivors (2048K)
 Metaspace       used 65364K, capacity 67032K, committed 67148K, reserved 1114112K
  class space    used 8381K, capacity 8970K, committed 9036K, reserved 1048576K
}

Deoptimization events (20 events):
Event: 7.636 Thread 0x000001b66504f800 Uncommon trap: trap_request=0xffffff4d fr.pc=0x000001b653352b6c relative=0x00000000000000cc
Event: 7.636 Thread 0x000001b66504f800 Uncommon trap: reason=unstable_if action=reinterpret pc=0x000001b653352b6c method=java.lang.String.getBytes([BIB)V @ 5 c2
Event: 7.636 Thread 0x000001b66504f800 DEOPT PACKING pc=0x000001b653352b6c sp=0x000000b003af6cc0
Event: 7.636 Thread 0x000001b66504f800 DEOPT UNPACKING pc=0x000001b64b8778af sp=0x000000b003af6c88 mode 2
Event: 7.826 Thread 0x000001b66504f800 Uncommon trap: trap_request=0xffffff4d fr.pc=0x000001b6534c1180 relative=0x0000000000000340
Event: 7.826 Thread 0x000001b66504f800 Uncommon trap: reason=unstable_if action=reinterpret pc=0x000001b6534c1180 method=java.util.StringJoiner.add(Ljava/lang/CharSequence;)Ljava/util/StringJoiner; @ 33 c2
Event: 7.826 Thread 0x000001b66504f800 DEOPT PACKING pc=0x000001b6534c1180 sp=0x000000b003af6010
Event: 7.826 Thread 0x000001b66504f800 DEOPT UNPACKING pc=0x000001b64b8778af sp=0x000000b003af5fc0 mode 2
Event: 7.846 Thread 0x000001b66504f800 Uncommon trap: trap_request=0xfffffff4 fr.pc=0x000001b6536be8fc relative=0x00000000000009dc
Event: 7.846 Thread 0x000001b66504f800 Uncommon trap: reason=null_check action=make_not_entrant pc=0x000001b6536be8fc method=com.sun.beans.introspect.MethodInfo$MethodOrder.compare(Ljava/lang/reflect/Method;Ljava/lang/reflect/Method;)I @ 133 c2
Event: 7.846 Thread 0x000001b66504f800 DEOPT PACKING pc=0x000001b6536be8fc sp=0x000000b003af4170
Event: 7.846 Thread 0x000001b66504f800 DEOPT UNPACKING pc=0x000001b64b8778af sp=0x000000b003af40a0 mode 2
Event: 7.879 Thread 0x000001b66504f800 Uncommon trap: trap_request=0xffffff4d fr.pc=0x000001b6534cc4d8 relative=0x0000000000000f58
Event: 7.879 Thread 0x000001b66504f800 Uncommon trap: reason=unstable_if action=reinterpret pc=0x000001b6534cc4d8 method=org.codehaus.groovy.runtime.metaclass.MetaMethodIndex.isOverridden(Lgroovy/lang/MetaMethod;Lgroovy/lang/MetaMethod;)Z @ 33 c2
Event: 7.879 Thread 0x000001b66504f800 DEOPT PACKING pc=0x000001b6534cc4d8 sp=0x000000b003af4ef0
Event: 7.879 Thread 0x000001b66504f800 DEOPT UNPACKING pc=0x000001b64b8778af sp=0x000000b003af4e48 mode 2
Event: 7.882 Thread 0x000001b66504f800 Uncommon trap: trap_request=0xfffffff4 fr.pc=0x000001b6536c1210 relative=0x0000000000000970
Event: 7.882 Thread 0x000001b66504f800 Uncommon trap: reason=null_check action=make_not_entrant pc=0x000001b6536c1210 method=com.sun.beans.introspect.MethodInfo$MethodOrder.compare(Ljava/lang/reflect/Method;Ljava/lang/reflect/Method;)I @ 133 c2
Event: 7.882 Thread 0x000001b66504f800 DEOPT PACKING pc=0x000001b6536c1210 sp=0x000000b003af2e30
Event: 7.882 Thread 0x000001b66504f800 DEOPT UNPACKING pc=0x000001b64b8778af sp=0x000000b003af2dd0 mode 2

Classes redefined (0 events):
No events

Internal exceptions (20 events):
Event: 7.870 Thread 0x000001b66504f800 Exception <a 'java/lang/ClassNotFoundException'{0x000000008bb98dc0}: org/gradle/api/internal/AbstractNamedDomainObjectContainerCustomizer> (0x000000008bb98dc0) thrown at [./src/hotspot/share/classfile/systemDictionary.cpp, line 231]
Event: 7.871 Thread 0x000001b66504f800 Exception <a 'java/lang/ClassNotFoundException'{0x000000008bbe0498}: org/gradle/api/internal/FactoryNamedDomainObjectContainerCustomizer> (0x000000008bbe0498) thrown at [./src/hotspot/share/classfile/systemDictionary.cpp, line 231]
Event: 7.872 Thread 0x000001b66504f800 Exception <a 'java/lang/ClassNotFoundException'{0x000000008ba20930}: org/gradle/api/internal/FactoryNamedDomainObjectContainer_DecoratedCustomizer> (0x000000008ba20930) thrown at [./src/hotspot/share/classfile/systemDictionary.cpp, line 231]
Event: 7.881 Thread 0x000001b66504f800 Exception <a 'java/lang/ClassNotFoundException'{0x000000008b839530}: com/android/build/gradle/internal/dsl/BuildType_DecoratedBeanInfo> (0x000000008b839530) thrown at [./src/hotspot/share/classfile/systemDictionary.cpp, line 231]
Event: 7.881 Thread 0x000001b66504f800 Exception <a 'java/lang/ClassNotFoundException'{0x000000008b851c18}: com/android/build/gradle/internal/dsl/BuildTypeBeanInfo> (0x000000008b851c18) thrown at [./src/hotspot/share/classfile/systemDictionary.cpp, line 231]
Event: 7.881 Thread 0x000001b66504f800 Exception <a 'java/lang/ClassNotFoundException'{0x000000008b869778}: com/android/builder/core/AbstractBuildTypeBeanInfo> (0x000000008b869778) thrown at [./src/hotspot/share/classfile/systemDictionary.cpp, line 231]
Event: 7.882 Thread 0x000001b66504f800 Exception <a 'java/lang/ClassNotFoundException'{0x000000008b881c98}: com/android/builder/core/AbstractBuildTypeCustomizer> (0x000000008b881c98) thrown at [./src/hotspot/share/classfile/systemDictionary.cpp, line 231]
Event: 7.882 Thread 0x000001b66504f800 Implicit null exception at 0x000001b6536c0bbf to 0x000001b6536c11fc
Event: 7.882 Thread 0x000001b66504f800 Exception <a 'java/lang/ClassNotFoundException'{0x000000008b8b68d0}: com/android/build/gradle/internal/dsl/BuildTypeCustomizer> (0x000000008b8b68d0) thrown at [./src/hotspot/share/classfile/systemDictionary.cpp, line 231]
Event: 7.884 Thread 0x000001b66504f800 Exception <a 'java/lang/ClassNotFoundException'{0x000000008b743098}: com/android/build/gradle/internal/dsl/BuildType_DecoratedCustomizer> (0x000000008b743098) thrown at [./src/hotspot/share/classfile/systemDictionary.cpp, line 231]
Event: 7.888 Thread 0x000001b66504f800 Exception <a 'java/lang/ClassNotFoundException'{0x000000008b6054a0}: build_9f2qnafaybjgdu5ppqdm73qxg$_run_closure1$_closure4BeanInfo> (0x000000008b6054a0) thrown at [./src/hotspot/share/classfile/systemDictionary.cpp, line 231]
Event: 7.888 Thread 0x000001b66504f800 Exception <a 'java/lang/ClassNotFoundException'{0x000000008b615c08}: build_9f2qnafaybjgdu5ppqdm73qxg$_run_closure1$_closure4Customizer> (0x000000008b615c08) thrown at [./src/hotspot/share/classfile/systemDictionary.cpp, line 231]
Event: 7.889 Thread 0x000001b66504f800 Exception <a 'java/lang/ClassNotFoundException'{0x000000008b63e9a8}: build_9f2qnafaybjgdu5ppqdm73qxg$_run_closure1BeanInfo> (0x000000008b63e9a8) thrown at [./src/hotspot/share/classfile/systemDictionary.cpp, line 231]
Event: 7.890 Thread 0x000001b66504f800 Exception <a 'java/lang/ClassNotFoundException'{0x000000008b64e7b8}: build_9f2qnafaybjgdu5ppqdm73qxg$_run_closure1Customizer> (0x000000008b64e7b8) thrown at [./src/hotspot/share/classfile/systemDictionary.cpp, line 231]
Event: 7.893 Thread 0x000001b66504f800 Exception <a 'java/lang/ClassNotFoundException'{0x000000008b6ac488}: org/gradle/api/JavaVersionBeanInfo> (0x000000008b6ac488) thrown at [./src/hotspot/share/classfile/systemDictionary.cpp, line 231]
Event: 7.893 Thread 0x000001b66504f800 Exception <a 'java/lang/ClassNotFoundException'{0x000000008b6d6730}: org/gradle/api/JavaVersionCustomizer> (0x000000008b6d6730) thrown at [./src/hotspot/share/classfile/systemDictionary.cpp, line 231]
Event: 7.895 Thread 0x000001b66504f800 Exception <a 'java/lang/ClassNotFoundException'{0x000000008b52b970}: com/android/build/gradle/internal/CompileOptions_DecoratedBeanInfo> (0x000000008b52b970) thrown at [./src/hotspot/share/classfile/systemDictionary.cpp, line 231]
Event: 7.895 Thread 0x000001b66504f800 Exception <a 'java/lang/ClassNotFoundException'{0x000000008b542dc8}: com/android/build/gradle/internal/CompileOptionsBeanInfo> (0x000000008b542dc8) thrown at [./src/hotspot/share/classfile/systemDictionary.cpp, line 231]
Event: 7.895 Thread 0x000001b66504f800 Exception <a 'java/lang/ClassNotFoundException'{0x000000008b55a9b0}: com/android/build/gradle/internal/CompileOptionsCustomizer> (0x000000008b55a9b0) thrown at [./src/hotspot/share/classfile/systemDictionary.cpp, line 231]
Event: 7.896 Thread 0x000001b66504f800 Exception <a 'java/lang/ClassNotFoundException'{0x000000008b57ef80}: com/android/build/gradle/internal/CompileOptions_DecoratedCustomizer> (0x000000008b57ef80) thrown at [./src/hotspot/share/classfile/systemDictionary.cpp, line 231]

Events (20 events):
Event: 8.366 loading class com/android/build/gradle/internal/scope/InternalArtifactType$MICRO_APK_RES done
Event: 8.366 loading class com/android/build/gradle/internal/scope/InternalArtifactType$DATA_BINDING_LAYOUT_INFO_TYPE_MERGE
Event: 8.366 loading class com/android/build/gradle/internal/scope/InternalArtifactType$DATA_BINDING_LAYOUT_INFO_TYPE_MERGE done
Event: 8.366 loading class com/android/build/gradle/internal/scope/InternalArtifactType$DATA_BINDING_LAYOUT_INFO_TYPE_PACKAGE
Event: 8.366 loading class com/android/build/gradle/internal/scope/InternalArtifactType$DATA_BINDING_LAYOUT_INFO_TYPE_PACKAGE done
Event: 8.367 loading class javax/xml/bind/JAXBException
Event: 8.367 loading class javax/xml/bind/JAXBException done
Event: 8.367 Executing VM operation: Deoptimize
Event: 8.368 Executing VM operation: Deoptimize done
Event: 8.368 loading class com/android/ide/common/resources/MergingException
Event: 8.368 loading class com/android/ide/common/resources/MergingException done
Event: 8.369 loading class com/android/ide/common/resources/MergeConsumer
Event: 8.369 loading class com/android/ide/common/resources/MergeConsumer done
Event: 8.370 loading class com/android/build/gradle/tasks/ResourceException
Event: 8.370 loading class com/android/build/gradle/tasks/ResourceException done
Event: 8.370 loading class com/android/ide/common/resources/ResourcePreprocessor
Event: 8.370 loading class com/android/ide/common/resources/ResourcePreprocessor done
Event: 8.371 loading class com/android/ide/common/resources/ResourceSet
Event: 8.371 loading class com/android/ide/common/resources/ResourceSet done
Event: 8.372 Executing VM operation: CollectForMetadataAllocation


Dynamic libraries:
0x00007ff6f56a0000 - 0x00007ff6f56aa000 	C:\Program Files\Android\Android Studio1\jre\bin\java.exe
0x00007ffb63610000 - 0x00007ffb63805000 	C:\WINDOWS\SYSTEM32\ntdll.dll
0x00007ffb61660000 - 0x00007ffb6171e000 	C:\WINDOWS\System32\KERNEL32.DLL
0x00007ffb61090000 - 0x00007ffb61359000 	C:\WINDOWS\System32\KERNELBASE.dll
0x00007ffb613f0000 - 0x00007ffb614f0000 	C:\WINDOWS\System32\ucrtbase.dll
0x00007ffb5cb30000 - 0x00007ffb5cb47000 	C:\Program Files\Android\Android Studio1\jre\bin\VCRUNTIME140.dll
0x00007ffb5ca40000 - 0x00007ffb5ca59000 	C:\Program Files\Android\Android Studio1\jre\bin\jli.dll
0x00007ffb61940000 - 0x00007ffb61ae1000 	C:\WINDOWS\System32\USER32.dll
0x00007ffb60d30000 - 0x00007ffb60d52000 	C:\WINDOWS\System32\win32u.dll
0x00007ffb4d390000 - 0x00007ffb4d62a000 	C:\WINDOWS\WinSxS\amd64_microsoft.windows.common-controls_6595b64144ccf1df_6.0.19041.1110_none_60b5254171f9507e\COMCTL32.dll
0x00007ffb635a0000 - 0x00007ffb635cb000 	C:\WINDOWS\System32\GDI32.dll
0x00007ffb62c90000 - 0x00007ffb62d2e000 	C:\WINDOWS\System32\msvcrt.dll
0x00007ffb61550000 - 0x00007ffb6165b000 	C:\WINDOWS\System32\gdi32full.dll
0x00007ffb60e90000 - 0x00007ffb60f2d000 	C:\WINDOWS\System32\msvcp_win.dll
0x00007ffb63570000 - 0x00007ffb635a0000 	C:\WINDOWS\System32\IMM32.DLL
0x00007ffb2a790000 - 0x00007ffb2a82d000 	C:\Program Files\Android\Android Studio1\jre\bin\msvcp140.dll
0x00007ffaff180000 - 0x00007ffaffc4f000 	C:\Program Files\Android\Android Studio1\jre\bin\server\jvm.dll
0x00007ffb61af0000 - 0x00007ffb61b9c000 	C:\WINDOWS\System32\ADVAPI32.dll
0x00007ffb62100000 - 0x00007ffb6219b000 	C:\WINDOWS\System32\sechost.dll
0x00007ffb62b00000 - 0x00007ffb62c2a000 	C:\WINDOWS\System32\RPCRT4.dll
0x00007ffb634e0000 - 0x00007ffb634e8000 	C:\WINDOWS\System32\PSAPI.DLL
0x00007ffb54d70000 - 0x00007ffb54d97000 	C:\WINDOWS\SYSTEM32\WINMM.dll
0x00007ffb5a990000 - 0x00007ffb5a99a000 	C:\WINDOWS\SYSTEM32\VERSION.dll
0x00007ffb51120000 - 0x00007ffb51129000 	C:\WINDOWS\SYSTEM32\WSOCK32.dll
0x00007ffb61f60000 - 0x00007ffb61fcb000 	C:\WINDOWS\System32\WS2_32.dll
0x00007ffb5f600000 - 0x00007ffb5f612000 	C:\WINDOWS\SYSTEM32\kernel.appcore.dll
0x00007ffb5ca10000 - 0x00007ffb5ca21000 	C:\Program Files\Android\Android Studio1\jre\bin\verify.dll
0x00007ffb4f6a0000 - 0x00007ffb4f884000 	C:\WINDOWS\SYSTEM32\DBGHELP.DLL
0x00007ffb50d10000 - 0x00007ffb50d3c000 	C:\WINDOWS\SYSTEM32\dbgcore.DLL
0x00007ffb61360000 - 0x00007ffb613e3000 	C:\WINDOWS\System32\bcryptPrimitives.dll
0x00007ffb5b1c0000 - 0x00007ffb5b1e9000 	C:\Program Files\Android\Android Studio1\jre\bin\java.dll
0x00007ffb5ca60000 - 0x00007ffb5ca6b000 	C:\Program Files\Android\Android Studio1\jre\bin\jimage.dll
0x00007ffb5af30000 - 0x00007ffb5af48000 	C:\Program Files\Android\Android Studio1\jre\bin\zip.dll
0x00007ffb623b0000 - 0x00007ffb62aef000 	C:\WINDOWS\System32\SHELL32.dll
0x00007ffb5ed50000 - 0x00007ffb5f4e0000 	C:\WINDOWS\SYSTEM32\windows.storage.dll
0x00007ffb61ba0000 - 0x00007ffb61ef5000 	C:\WINDOWS\System32\combase.dll
0x00007ffb60780000 - 0x00007ffb607ac000 	C:\WINDOWS\SYSTEM32\Wldp.dll
0x00007ffb63430000 - 0x00007ffb634dd000 	C:\WINDOWS\System32\SHCORE.dll
0x00007ffb621a0000 - 0x00007ffb621f5000 	C:\WINDOWS\System32\shlwapi.dll
0x00007ffb60c70000 - 0x00007ffb60c8f000 	C:\WINDOWS\SYSTEM32\profapi.dll
0x00007ffb5aed0000 - 0x00007ffb5aeea000 	C:\Program Files\Android\Android Studio1\jre\bin\net.dll
0x00007ffb586b0000 - 0x00007ffb587b8000 	C:\WINDOWS\SYSTEM32\WINHTTP.dll
0x00007ffb604e0000 - 0x00007ffb6054a000 	C:\WINDOWS\system32\mswsock.dll
0x00007ffb5adf0000 - 0x00007ffb5ae04000 	C:\Program Files\Android\Android Studio1\jre\bin\nio.dll
0x00007ffb44b70000 - 0x00007ffb44b97000 	C:\Users\spabb\.gradle\native\8bec1ad78214c89d9ad589b4d07fe93259594b29d510b10fafb7a158f7737e5d\windows-amd64\native-platform.dll
0x00007ffb1cef0000 - 0x00007ffb1d02d000 	C:\Users\spabb\.gradle\native\53dbd7edfb1c66fb8903c78663c9afc45aea4f116125fa6feffd364cf09443e8\windows-amd64\native-platform-file-events.dll
0x00007ffb5ca00000 - 0x00007ffb5ca0a000 	C:\Program Files\Android\Android Studio1\jre\bin\management.dll
0x00007ffb5b9f0000 - 0x00007ffb5b9fc000 	C:\Program Files\Android\Android Studio1\jre\bin\management_ext.dll
0x00007ffb606e0000 - 0x00007ffb606f8000 	C:\WINDOWS\SYSTEM32\CRYPTSP.dll
0x00007ffb5fdf0000 - 0x00007ffb5fe24000 	C:\WINDOWS\system32\rsaenh.dll
0x00007ffb60db0000 - 0x00007ffb60dd7000 	C:\WINDOWS\System32\bcrypt.dll
0x00007ffb60c30000 - 0x00007ffb60c5e000 	C:\WINDOWS\SYSTEM32\USERENV.dll
0x00007ffb606d0000 - 0x00007ffb606dc000 	C:\WINDOWS\SYSTEM32\CRYPTBASE.dll
0x00007ffb60180000 - 0x00007ffb601bb000 	C:\WINDOWS\SYSTEM32\IPHLPAPI.DLL
0x00007ffb62200000 - 0x00007ffb62208000 	C:\WINDOWS\System32\NSI.dll
0x00007ffb5a300000 - 0x00007ffb5a317000 	C:\WINDOWS\SYSTEM32\dhcpcsvc6.DLL
0x00007ffb5a050000 - 0x00007ffb5a06d000 	C:\WINDOWS\SYSTEM32\dhcpcsvc.DLL
0x00007ffb601c0000 - 0x00007ffb6028c000 	C:\WINDOWS\SYSTEM32\DNSAPI.dll

dbghelp: loaded successfully - version: 4.0.5 - missing functions: none
symbol engine: initialized successfully - sym options: 0x614 - pdb path: .;C:\Program Files\Android\Android Studio1\jre\bin;C:\WINDOWS\SYSTEM32;C:\WINDOWS\WinSxS\amd64_microsoft.windows.common-controls_6595b64144ccf1df_6.0.19041.1110_none_60b5254171f9507e;C:\Program Files\Android\Android Studio1\jre\bin\server;C:\Users\spabb\.gradle\native\8bec1ad78214c89d9ad589b4d07fe93259594b29d510b10fafb7a158f7737e5d\windows-amd64;C:\Users\spabb\.gradle\native\53dbd7edfb1c66fb8903c78663c9afc45aea4f116125fa6feffd364cf09443e8\windows-amd64

VM Arguments:
jvm_args: --add-opens=java.base/java.util=ALL-UNNAMED --add-opens=java.base/java.lang=ALL-UNNAMED --add-opens=java.base/java.lang.invoke=ALL-UNNAMED --add-opens=java.base/java.util=ALL-UNNAMED --add-opens=java.prefs/java.util.prefs=ALL-UNNAMED --add-opens=java.prefs/java.util.prefs=ALL-UNNAMED --add-opens=java.base/java.nio.charset=ALL-UNNAMED --add-opens=java.base/java.net=ALL-UNNAMED --add-opens=java.base/java.util.concurrent.atomic=ALL-UNNAMED -Xmx2048m -Dfile.encoding=UTF-8 -Duser.country=US -Duser.language=en -Duser.variant 
java_command: org.gradle.launcher.daemon.bootstrap.GradleDaemon 7.0.2
java_class_path (initial): C:\Users\spabb\.gradle\wrapper\dists\gradle-7.0.2-bin\857tjihv64xamwrf0h14cai3r\gradle-7.0.2\lib\gradle-launcher-7.0.2.jar
Launcher Type: SUN_STANDARD

[Global flags]
     intx CICompilerCount                          = 4                                         {product} {ergonomic}
     uint ConcGCThreads                            = 3                                         {product} {ergonomic}
     uint G1ConcRefinementThreads                  = 10                                        {product} {ergonomic}
   size_t G1HeapRegionSize                         = 1048576                                   {product} {ergonomic}
    uintx GCDrainStackTargetSize                   = 64                                        {product} {ergonomic}
   size_t InitialHeapSize                          = 266338304                                 {product} {ergonomic}
   size_t MarkStackSize                            = 4194304                                   {product} {ergonomic}
   size_t MaxHeapSize                              = 2147483648                                {product} {command line}
   size_t MaxNewSize                               = 1287651328                                {product} {ergonomic}
   size_t MinHeapDeltaBytes                        = 1048576                                   {product} {ergonomic}
    uintx NonNMethodCodeHeapSize                   = 5836300                                {pd product} {ergonomic}
    uintx NonProfiledCodeHeapSize                  = 122910970                              {pd product} {ergonomic}
    uintx ProfiledCodeHeapSize                     = 122910970                              {pd product} {ergonomic}
    uintx ReservedCodeCacheSize                    = 251658240                              {pd product} {ergonomic}
     bool SegmentedCodeCache                       = true                                      {product} {ergonomic}
     bool UseCompressedClassPointers               = true                                 {lp64_product} {ergonomic}
     bool UseCompressedOops                        = true                                 {lp64_product} {ergonomic}
     bool UseG1GC                                  = true                                      {product} {ergonomic}
     bool UseLargePagesIndividualAllocation        = false                                  {pd product} {ergonomic}

Logging:
Log output configuration:
 #0: stdout all=warning uptime,level,tags
 #1: stderr all=off uptime,level,tags

Environment Variables:
PATH=C:\Program Files (x86)\Common Files\Intel\Shared Libraries\redist\intel64_win\compiler;C:\Program Files (x86)\Common Files\Oracle\Java\javapath;C:\Program Files (x86)\Intel\Intel(R) Management Engine Components\iCLS\;C:\Program Files\Intel\Intel(R) Management Engine Components\iCLS\;C:\Windows\system32;C:\Windows;C:\Windows\System32\Wbem;C:\Windows\System32\WindowsPowerShell\v1.0\;C:\Windows\System32\OpenSSH\;C:\Program Files (x86)\Intel\Intel(R) Management Engine Components\DAL;C:\Program Files\Intel\Intel(R) Management Engine Components\DAL;C:\Program Files (x86)\Intel\Intel(R) Management Engine Components\IPT;C:\Program Files\Intel\Intel(R) Management Engine Components\IPT;C:\Program Files (x86)\NVIDIA Corporation\PhysX\Common;C:\Program Files\Intel\WiFi\bin\;C:\Program Files\Common Files\Intel\WirelessCommon\;C:\WINDOWS\system32;C:\WINDOWS;C:\WINDOWS\System32\Wbem;C:\WINDOWS\System32\WindowsPowerShell\v1.0\;C:\WINDOWS\System32\OpenSSH\;C:\Program Files\NVIDIA Corporation\NVIDIA NvDLISR;C:\Program Files\nodejs\;%SystemRoot%\system32;%SystemRoot%;%SystemRoot%\System32\Wbem;%SYSTEMROOT%\System32\WindowsPowerShell\v1.0\;%SYSTEMROOT%\System32\OpenSSH\;C:\Users\spabb\AppData\Local\Mu\bin;C:\Users\spabb\AppData\Local\Programs\Python\Python36\Scripts\;C:\Users\spabb\AppData\Local\Programs\Python\Python36\;C:\Users\spabb\AppData\Local\Microsoft\WindowsApps;C:\Program Files\Java\jdk-13\bin;C:\Users\spabb\AppData\Local\Microsoft\WindowsApps;C:\Users\spabb\AppData\Roaming\npm
USERNAME=spabb
OS=Windows_NT
PROCESSOR_IDENTIFIER=Intel64 Family 6 Model 158 Stepping 10, GenuineIntel



---------------  S Y S T E M  ---------------

OS: Windows 10 , 64 bit Build 19041 (10.0.19041.1202)
OS uptime: 2 days 11:35 hours

CPU:total 12 (initial active 12) (6 cores per cpu, 2 threads per core) family 6 model 158 stepping 10 microcode 0xb4, cmov, cx8, fxsr, mmx, sse, sse2, sse3, ssse3, sse4.1, sse4.2, popcnt, avx, avx2, aes, clmul, erms, 3dnowpref, lzcnt, ht, tsc, tscinvbit, bmi1, bmi2, adx, fma

Memory: 4k page, system-wide physical 16229M (1066M free)
TotalPageFile size 26229M (AvailPageFile size 2M)
current process WorkingSet (physical memory assigned to process): 427M, peak: 433M
current process commit charge ("private bytes"): 513M, peak: 520M

vm_info: OpenJDK 64-Bit Server VM (11.0.10+0-b96-7249189) for windows-amd64 JRE (11.0.10+0-b96-7249189), built on Mar 31 2021 21:44:00 by "builder" with MS VC++ 14.0 (VS2015)

END.
